2025-10-17 10:11:37,795 - INFO - ETL job Started
2025-10-17 10:12:01,198 - ERROR - ETL job failed: HTTPSConnectionPool(host='people.sc.fsu.edu', port=443): Max retries exceeded with url: /~jburkardt/data/csv/airtravel.csv (Caused by ConnectTimeoutError(<urllib3.connection.HTTPSConnection object at 0x0000027F59F5EE10>, 'Connection to people.sc.fsu.edu timed out. (connect timeout=None)'))
Traceback (most recent call last):
  File "C:\Users\aman9\etl_pipeline\Lib\site-packages\urllib3\connection.py", line 198, in _new_conn
    sock = connection.create_connection(
           ^^^^^^^^^^^^^^^^^^^^^^^^^^^^^
  File "C:\Users\aman9\etl_pipeline\Lib\site-packages\urllib3\util\connection.py", line 85, in create_connection
    raise err
  File "C:\Users\aman9\etl_pipeline\Lib\site-packages\urllib3\util\connection.py", line 73, in create_connection
    sock.connect(sa)
TimeoutError: [WinError 10060] A connection attempt failed because the connected party did not properly respond after a period of time, or established connection failed because connected host has failed to respond

The above exception was the direct cause of the following exception:

Traceback (most recent call last):
  File "C:\Users\aman9\etl_pipeline\Lib\site-packages\urllib3\connectionpool.py", line 787, in urlopen
    response = self._make_request(
               ^^^^^^^^^^^^^^^^^^^
  File "C:\Users\aman9\etl_pipeline\Lib\site-packages\urllib3\connectionpool.py", line 488, in _make_request
    raise new_e
  File "C:\Users\aman9\etl_pipeline\Lib\site-packages\urllib3\connectionpool.py", line 464, in _make_request
    self._validate_conn(conn)
  File "C:\Users\aman9\etl_pipeline\Lib\site-packages\urllib3\connectionpool.py", line 1093, in _validate_conn
    conn.connect()
  File "C:\Users\aman9\etl_pipeline\Lib\site-packages\urllib3\connection.py", line 753, in connect
    self.sock = sock = self._new_conn()
                       ^^^^^^^^^^^^^^^^
  File "C:\Users\aman9\etl_pipeline\Lib\site-packages\urllib3\connection.py", line 207, in _new_conn
    raise ConnectTimeoutError(
urllib3.exceptions.ConnectTimeoutError: (<urllib3.connection.HTTPSConnection object at 0x0000027F59F5EE10>, 'Connection to people.sc.fsu.edu timed out. (connect timeout=None)')

The above exception was the direct cause of the following exception:

Traceback (most recent call last):
  File "C:\Users\aman9\etl_pipeline\Lib\site-packages\requests\adapters.py", line 644, in send
    resp = conn.urlopen(
           ^^^^^^^^^^^^^
  File "C:\Users\aman9\etl_pipeline\Lib\site-packages\urllib3\connectionpool.py", line 841, in urlopen
    retries = retries.increment(
              ^^^^^^^^^^^^^^^^^^
  File "C:\Users\aman9\etl_pipeline\Lib\site-packages\urllib3\util\retry.py", line 519, in increment
    raise MaxRetryError(_pool, url, reason) from reason  # type: ignore[arg-type]
    ^^^^^^^^^^^^^^^^^^^^^^^^^^^^^^^^^^^^^^^^^^^^^^^^^^^
urllib3.exceptions.MaxRetryError: HTTPSConnectionPool(host='people.sc.fsu.edu', port=443): Max retries exceeded with url: /~jburkardt/data/csv/airtravel.csv (Caused by ConnectTimeoutError(<urllib3.connection.HTTPSConnection object at 0x0000027F59F5EE10>, 'Connection to people.sc.fsu.edu timed out. (connect timeout=None)'))

During handling of the above exception, another exception occurred:

Traceback (most recent call last):
  File "C:\Users\aman9\etl_pipeline\main.py", line 18, in main
    df_raw = extract_csv_from_url(args.source)
             ^^^^^^^^^^^^^^^^^^^^^^^^^^^^^^^^^
  File "C:\Users\aman9\etl_pipeline\etl\extract.py", line 8, in extract_csv_from_url
    response = requests.get(url) # request the url for data
              ^^^^^^^^^^^^^^^^^
  File "C:\Users\aman9\etl_pipeline\Lib\site-packages\requests\api.py", line 73, in get
    return request("get", url, params=params, **kwargs)
           ^^^^^^^^^^^^^^^^^^^^^^^^^^^^^^^^^^^^^^^^^^^^
  File "C:\Users\aman9\etl_pipeline\Lib\site-packages\requests\api.py", line 59, in request
    return session.request(method=method, url=url, **kwargs)
           ^^^^^^^^^^^^^^^^^^^^^^^^^^^^^^^^^^^^^^^^^^^^^^^^^
  File "C:\Users\aman9\etl_pipeline\Lib\site-packages\requests\sessions.py", line 589, in request
    resp = self.send(prep, **send_kwargs)
           ^^^^^^^^^^^^^^^^^^^^^^^^^^^^^^
  File "C:\Users\aman9\etl_pipeline\Lib\site-packages\requests\sessions.py", line 703, in send
    r = adapter.send(request, **kwargs)
        ^^^^^^^^^^^^^^^^^^^^^^^^^^^^^^^
  File "C:\Users\aman9\etl_pipeline\Lib\site-packages\requests\adapters.py", line 665, in send
    raise ConnectTimeout(e, request=request)
requests.exceptions.ConnectTimeout: HTTPSConnectionPool(host='people.sc.fsu.edu', port=443): Max retries exceeded with url: /~jburkardt/data/csv/airtravel.csv (Caused by ConnectTimeoutError(<urllib3.connection.HTTPSConnection object at 0x0000027F59F5EE10>, 'Connection to people.sc.fsu.edu timed out. (connect timeout=None)'))
2025-10-17 10:21:44,246 - INFO - ETL job Started
2025-10-17 10:22:05,299 - ERROR - ETL job failed: HTTPSConnectionPool(host='people.sc.fsu.edu', port=443): Max retries exceeded with url: /~jburkardt/data/csv/airtravel.csv (Caused by ConnectTimeoutError(<urllib3.connection.HTTPSConnection object at 0x000001B531E05D30>, 'Connection to people.sc.fsu.edu timed out. (connect timeout=None)'))
Traceback (most recent call last):
  File "C:\Users\aman9\etl_pipeline\Lib\site-packages\urllib3\connection.py", line 198, in _new_conn
    sock = connection.create_connection(
           ^^^^^^^^^^^^^^^^^^^^^^^^^^^^^
  File "C:\Users\aman9\etl_pipeline\Lib\site-packages\urllib3\util\connection.py", line 85, in create_connection
    raise err
  File "C:\Users\aman9\etl_pipeline\Lib\site-packages\urllib3\util\connection.py", line 73, in create_connection
    sock.connect(sa)
TimeoutError: [WinError 10060] A connection attempt failed because the connected party did not properly respond after a period of time, or established connection failed because connected host has failed to respond

The above exception was the direct cause of the following exception:

Traceback (most recent call last):
  File "C:\Users\aman9\etl_pipeline\Lib\site-packages\urllib3\connectionpool.py", line 787, in urlopen
    response = self._make_request(
               ^^^^^^^^^^^^^^^^^^^
  File "C:\Users\aman9\etl_pipeline\Lib\site-packages\urllib3\connectionpool.py", line 488, in _make_request
    raise new_e
  File "C:\Users\aman9\etl_pipeline\Lib\site-packages\urllib3\connectionpool.py", line 464, in _make_request
    self._validate_conn(conn)
  File "C:\Users\aman9\etl_pipeline\Lib\site-packages\urllib3\connectionpool.py", line 1093, in _validate_conn
    conn.connect()
  File "C:\Users\aman9\etl_pipeline\Lib\site-packages\urllib3\connection.py", line 753, in connect
    self.sock = sock = self._new_conn()
                       ^^^^^^^^^^^^^^^^
  File "C:\Users\aman9\etl_pipeline\Lib\site-packages\urllib3\connection.py", line 207, in _new_conn
    raise ConnectTimeoutError(
urllib3.exceptions.ConnectTimeoutError: (<urllib3.connection.HTTPSConnection object at 0x000001B531E05D30>, 'Connection to people.sc.fsu.edu timed out. (connect timeout=None)')

The above exception was the direct cause of the following exception:

Traceback (most recent call last):
  File "C:\Users\aman9\etl_pipeline\Lib\site-packages\requests\adapters.py", line 644, in send
    resp = conn.urlopen(
           ^^^^^^^^^^^^^
  File "C:\Users\aman9\etl_pipeline\Lib\site-packages\urllib3\connectionpool.py", line 841, in urlopen
    retries = retries.increment(
              ^^^^^^^^^^^^^^^^^^
  File "C:\Users\aman9\etl_pipeline\Lib\site-packages\urllib3\util\retry.py", line 519, in increment
    raise MaxRetryError(_pool, url, reason) from reason  # type: ignore[arg-type]
    ^^^^^^^^^^^^^^^^^^^^^^^^^^^^^^^^^^^^^^^^^^^^^^^^^^^
urllib3.exceptions.MaxRetryError: HTTPSConnectionPool(host='people.sc.fsu.edu', port=443): Max retries exceeded with url: /~jburkardt/data/csv/airtravel.csv (Caused by ConnectTimeoutError(<urllib3.connection.HTTPSConnection object at 0x000001B531E05D30>, 'Connection to people.sc.fsu.edu timed out. (connect timeout=None)'))

During handling of the above exception, another exception occurred:

Traceback (most recent call last):
  File "C:\Users\aman9\etl_pipeline\main.py", line 18, in main
    df_raw = extract_csv_from_url(args.source)
             ^^^^^^^^^^^^^^^^^^^^^^^^^^^^^^^^^
  File "C:\Users\aman9\etl_pipeline\etl\extract.py", line 8, in extract_csv_from_url
    response = requests.get(url) # request the url for data
              ^^^^^^^^^^^^^^^^^
  File "C:\Users\aman9\etl_pipeline\Lib\site-packages\requests\api.py", line 73, in get
    return request("get", url, params=params, **kwargs)
           ^^^^^^^^^^^^^^^^^^^^^^^^^^^^^^^^^^^^^^^^^^^^
  File "C:\Users\aman9\etl_pipeline\Lib\site-packages\requests\api.py", line 59, in request
    return session.request(method=method, url=url, **kwargs)
           ^^^^^^^^^^^^^^^^^^^^^^^^^^^^^^^^^^^^^^^^^^^^^^^^^
  File "C:\Users\aman9\etl_pipeline\Lib\site-packages\requests\sessions.py", line 589, in request
    resp = self.send(prep, **send_kwargs)
           ^^^^^^^^^^^^^^^^^^^^^^^^^^^^^^
  File "C:\Users\aman9\etl_pipeline\Lib\site-packages\requests\sessions.py", line 703, in send
    r = adapter.send(request, **kwargs)
        ^^^^^^^^^^^^^^^^^^^^^^^^^^^^^^^
  File "C:\Users\aman9\etl_pipeline\Lib\site-packages\requests\adapters.py", line 665, in send
    raise ConnectTimeout(e, request=request)
requests.exceptions.ConnectTimeout: HTTPSConnectionPool(host='people.sc.fsu.edu', port=443): Max retries exceeded with url: /~jburkardt/data/csv/airtravel.csv (Caused by ConnectTimeoutError(<urllib3.connection.HTTPSConnection object at 0x000001B531E05D30>, 'Connection to people.sc.fsu.edu timed out. (connect timeout=None)'))
2025-10-17 10:24:48,197 - INFO - ETL job Started
2025-10-17 10:25:09,249 - ERROR - ETL job failed: HTTPSConnectionPool(host='people.sc.fsu.edu', port=443): Max retries exceeded with url: /~jburkardt/data/csv/airtravel.csv (Caused by ConnectTimeoutError(<urllib3.connection.HTTPSConnection object at 0x000001C30B18EF00>, 'Connection to people.sc.fsu.edu timed out. (connect timeout=None)'))
Traceback (most recent call last):
  File "C:\Users\aman9\etl_pipeline\Lib\site-packages\urllib3\connection.py", line 198, in _new_conn
    sock = connection.create_connection(
           ^^^^^^^^^^^^^^^^^^^^^^^^^^^^^
  File "C:\Users\aman9\etl_pipeline\Lib\site-packages\urllib3\util\connection.py", line 85, in create_connection
    raise err
  File "C:\Users\aman9\etl_pipeline\Lib\site-packages\urllib3\util\connection.py", line 73, in create_connection
    sock.connect(sa)
TimeoutError: [WinError 10060] A connection attempt failed because the connected party did not properly respond after a period of time, or established connection failed because connected host has failed to respond

The above exception was the direct cause of the following exception:

Traceback (most recent call last):
  File "C:\Users\aman9\etl_pipeline\Lib\site-packages\urllib3\connectionpool.py", line 787, in urlopen
    response = self._make_request(
               ^^^^^^^^^^^^^^^^^^^
  File "C:\Users\aman9\etl_pipeline\Lib\site-packages\urllib3\connectionpool.py", line 488, in _make_request
    raise new_e
  File "C:\Users\aman9\etl_pipeline\Lib\site-packages\urllib3\connectionpool.py", line 464, in _make_request
    self._validate_conn(conn)
  File "C:\Users\aman9\etl_pipeline\Lib\site-packages\urllib3\connectionpool.py", line 1093, in _validate_conn
    conn.connect()
  File "C:\Users\aman9\etl_pipeline\Lib\site-packages\urllib3\connection.py", line 753, in connect
    self.sock = sock = self._new_conn()
                       ^^^^^^^^^^^^^^^^
  File "C:\Users\aman9\etl_pipeline\Lib\site-packages\urllib3\connection.py", line 207, in _new_conn
    raise ConnectTimeoutError(
urllib3.exceptions.ConnectTimeoutError: (<urllib3.connection.HTTPSConnection object at 0x000001C30B18EF00>, 'Connection to people.sc.fsu.edu timed out. (connect timeout=None)')

The above exception was the direct cause of the following exception:

Traceback (most recent call last):
  File "C:\Users\aman9\etl_pipeline\Lib\site-packages\requests\adapters.py", line 644, in send
    resp = conn.urlopen(
           ^^^^^^^^^^^^^
  File "C:\Users\aman9\etl_pipeline\Lib\site-packages\urllib3\connectionpool.py", line 841, in urlopen
    retries = retries.increment(
              ^^^^^^^^^^^^^^^^^^
  File "C:\Users\aman9\etl_pipeline\Lib\site-packages\urllib3\util\retry.py", line 519, in increment
    raise MaxRetryError(_pool, url, reason) from reason  # type: ignore[arg-type]
    ^^^^^^^^^^^^^^^^^^^^^^^^^^^^^^^^^^^^^^^^^^^^^^^^^^^
urllib3.exceptions.MaxRetryError: HTTPSConnectionPool(host='people.sc.fsu.edu', port=443): Max retries exceeded with url: /~jburkardt/data/csv/airtravel.csv (Caused by ConnectTimeoutError(<urllib3.connection.HTTPSConnection object at 0x000001C30B18EF00>, 'Connection to people.sc.fsu.edu timed out. (connect timeout=None)'))

During handling of the above exception, another exception occurred:

Traceback (most recent call last):
  File "C:\Users\aman9\etl_pipeline\main.py", line 17, in main
    df_raw = extract_csv_from_url(args.source)
             ^^^^^^^^^^^^^^^^^^^^^^^^^^^^^^^^^
  File "C:\Users\aman9\etl_pipeline\etl\extract.py", line 8, in extract_csv_from_url
    response = requests.get(url) # request the url for data
              ^^^^^^^^^^^^^^^^^
  File "C:\Users\aman9\etl_pipeline\Lib\site-packages\requests\api.py", line 73, in get
    return request("get", url, params=params, **kwargs)
           ^^^^^^^^^^^^^^^^^^^^^^^^^^^^^^^^^^^^^^^^^^^^
  File "C:\Users\aman9\etl_pipeline\Lib\site-packages\requests\api.py", line 59, in request
    return session.request(method=method, url=url, **kwargs)
           ^^^^^^^^^^^^^^^^^^^^^^^^^^^^^^^^^^^^^^^^^^^^^^^^^
  File "C:\Users\aman9\etl_pipeline\Lib\site-packages\requests\sessions.py", line 589, in request
    resp = self.send(prep, **send_kwargs)
           ^^^^^^^^^^^^^^^^^^^^^^^^^^^^^^
  File "C:\Users\aman9\etl_pipeline\Lib\site-packages\requests\sessions.py", line 703, in send
    r = adapter.send(request, **kwargs)
        ^^^^^^^^^^^^^^^^^^^^^^^^^^^^^^^
  File "C:\Users\aman9\etl_pipeline\Lib\site-packages\requests\adapters.py", line 665, in send
    raise ConnectTimeout(e, request=request)
requests.exceptions.ConnectTimeout: HTTPSConnectionPool(host='people.sc.fsu.edu', port=443): Max retries exceeded with url: /~jburkardt/data/csv/airtravel.csv (Caused by ConnectTimeoutError(<urllib3.connection.HTTPSConnection object at 0x000001C30B18EF00>, 'Connection to people.sc.fsu.edu timed out. (connect timeout=None)'))
2025-10-17 10:32:08,401 - INFO - ETL job Started
2025-10-17 10:32:29,452 - ERROR - ETL job failed: HTTPSConnectionPool(host='people.sc.fsu.edu', port=443): Max retries exceeded with url: /~jburkardt/data/csv/airtravel.csv (Caused by ConnectTimeoutError(<urllib3.connection.HTTPSConnection object at 0x000001D5DE9DEB70>, 'Connection to people.sc.fsu.edu timed out. (connect timeout=None)'))
Traceback (most recent call last):
  File "C:\Users\aman9\etl_pipeline\Lib\site-packages\urllib3\connection.py", line 198, in _new_conn
    sock = connection.create_connection(
           ^^^^^^^^^^^^^^^^^^^^^^^^^^^^^
  File "C:\Users\aman9\etl_pipeline\Lib\site-packages\urllib3\util\connection.py", line 85, in create_connection
    raise err
  File "C:\Users\aman9\etl_pipeline\Lib\site-packages\urllib3\util\connection.py", line 73, in create_connection
    sock.connect(sa)
TimeoutError: [WinError 10060] A connection attempt failed because the connected party did not properly respond after a period of time, or established connection failed because connected host has failed to respond

The above exception was the direct cause of the following exception:

Traceback (most recent call last):
  File "C:\Users\aman9\etl_pipeline\Lib\site-packages\urllib3\connectionpool.py", line 787, in urlopen
    response = self._make_request(
               ^^^^^^^^^^^^^^^^^^^
  File "C:\Users\aman9\etl_pipeline\Lib\site-packages\urllib3\connectionpool.py", line 488, in _make_request
    raise new_e
  File "C:\Users\aman9\etl_pipeline\Lib\site-packages\urllib3\connectionpool.py", line 464, in _make_request
    self._validate_conn(conn)
  File "C:\Users\aman9\etl_pipeline\Lib\site-packages\urllib3\connectionpool.py", line 1093, in _validate_conn
    conn.connect()
  File "C:\Users\aman9\etl_pipeline\Lib\site-packages\urllib3\connection.py", line 753, in connect
    self.sock = sock = self._new_conn()
                       ^^^^^^^^^^^^^^^^
  File "C:\Users\aman9\etl_pipeline\Lib\site-packages\urllib3\connection.py", line 207, in _new_conn
    raise ConnectTimeoutError(
urllib3.exceptions.ConnectTimeoutError: (<urllib3.connection.HTTPSConnection object at 0x000001D5DE9DEB70>, 'Connection to people.sc.fsu.edu timed out. (connect timeout=None)')

The above exception was the direct cause of the following exception:

Traceback (most recent call last):
  File "C:\Users\aman9\etl_pipeline\Lib\site-packages\requests\adapters.py", line 644, in send
    resp = conn.urlopen(
           ^^^^^^^^^^^^^
  File "C:\Users\aman9\etl_pipeline\Lib\site-packages\urllib3\connectionpool.py", line 841, in urlopen
    retries = retries.increment(
              ^^^^^^^^^^^^^^^^^^
  File "C:\Users\aman9\etl_pipeline\Lib\site-packages\urllib3\util\retry.py", line 519, in increment
    raise MaxRetryError(_pool, url, reason) from reason  # type: ignore[arg-type]
    ^^^^^^^^^^^^^^^^^^^^^^^^^^^^^^^^^^^^^^^^^^^^^^^^^^^
urllib3.exceptions.MaxRetryError: HTTPSConnectionPool(host='people.sc.fsu.edu', port=443): Max retries exceeded with url: /~jburkardt/data/csv/airtravel.csv (Caused by ConnectTimeoutError(<urllib3.connection.HTTPSConnection object at 0x000001D5DE9DEB70>, 'Connection to people.sc.fsu.edu timed out. (connect timeout=None)'))

During handling of the above exception, another exception occurred:

Traceback (most recent call last):
  File "C:\Users\aman9\etl_pipeline\main.py", line 17, in main
    df_raw = extract_csv_from_url(args.source)
             ^^^^^^^^^^^^^^^^^^^^^^^^^^^^^^^^^
  File "C:\Users\aman9\etl_pipeline\etl\extract.py", line 8, in extract_csv_from_url
    response = requests.get(url) # request the url for data
              ^^^^^^^^^^^^^^^^^
  File "C:\Users\aman9\etl_pipeline\Lib\site-packages\requests\api.py", line 73, in get
    return request("get", url, params=params, **kwargs)
           ^^^^^^^^^^^^^^^^^^^^^^^^^^^^^^^^^^^^^^^^^^^^
  File "C:\Users\aman9\etl_pipeline\Lib\site-packages\requests\api.py", line 59, in request
    return session.request(method=method, url=url, **kwargs)
           ^^^^^^^^^^^^^^^^^^^^^^^^^^^^^^^^^^^^^^^^^^^^^^^^^
  File "C:\Users\aman9\etl_pipeline\Lib\site-packages\requests\sessions.py", line 589, in request
    resp = self.send(prep, **send_kwargs)
           ^^^^^^^^^^^^^^^^^^^^^^^^^^^^^^
  File "C:\Users\aman9\etl_pipeline\Lib\site-packages\requests\sessions.py", line 703, in send
    r = adapter.send(request, **kwargs)
        ^^^^^^^^^^^^^^^^^^^^^^^^^^^^^^^
  File "C:\Users\aman9\etl_pipeline\Lib\site-packages\requests\adapters.py", line 665, in send
    raise ConnectTimeout(e, request=request)
requests.exceptions.ConnectTimeout: HTTPSConnectionPool(host='people.sc.fsu.edu', port=443): Max retries exceeded with url: /~jburkardt/data/csv/airtravel.csv (Caused by ConnectTimeoutError(<urllib3.connection.HTTPSConnection object at 0x000001D5DE9DEB70>, 'Connection to people.sc.fsu.edu timed out. (connect timeout=None)'))
2025-10-17 10:45:11,195 - INFO - ETL job Started
2025-10-17 10:45:32,267 - ERROR - ETL job failed: HTTPSConnectionPool(host='people.sc.fsu.edu', port=443): Max retries exceeded with url: /~jburkardt/data/csv/airtravel.csv (Caused by ConnectTimeoutError(<urllib3.connection.HTTPSConnection object at 0x000002318173F740>, 'Connection to people.sc.fsu.edu timed out. (connect timeout=None)'))
Traceback (most recent call last):
  File "C:\Users\aman9\etl_pipeline\Lib\site-packages\urllib3\connection.py", line 198, in _new_conn
    sock = connection.create_connection(
           ^^^^^^^^^^^^^^^^^^^^^^^^^^^^^
  File "C:\Users\aman9\etl_pipeline\Lib\site-packages\urllib3\util\connection.py", line 85, in create_connection
    raise err
  File "C:\Users\aman9\etl_pipeline\Lib\site-packages\urllib3\util\connection.py", line 73, in create_connection
    sock.connect(sa)
TimeoutError: [WinError 10060] A connection attempt failed because the connected party did not properly respond after a period of time, or established connection failed because connected host has failed to respond

The above exception was the direct cause of the following exception:

Traceback (most recent call last):
  File "C:\Users\aman9\etl_pipeline\Lib\site-packages\urllib3\connectionpool.py", line 787, in urlopen
    response = self._make_request(
               ^^^^^^^^^^^^^^^^^^^
  File "C:\Users\aman9\etl_pipeline\Lib\site-packages\urllib3\connectionpool.py", line 488, in _make_request
    raise new_e
  File "C:\Users\aman9\etl_pipeline\Lib\site-packages\urllib3\connectionpool.py", line 464, in _make_request
    self._validate_conn(conn)
  File "C:\Users\aman9\etl_pipeline\Lib\site-packages\urllib3\connectionpool.py", line 1093, in _validate_conn
    conn.connect()
  File "C:\Users\aman9\etl_pipeline\Lib\site-packages\urllib3\connection.py", line 753, in connect
    self.sock = sock = self._new_conn()
                       ^^^^^^^^^^^^^^^^
  File "C:\Users\aman9\etl_pipeline\Lib\site-packages\urllib3\connection.py", line 207, in _new_conn
    raise ConnectTimeoutError(
urllib3.exceptions.ConnectTimeoutError: (<urllib3.connection.HTTPSConnection object at 0x000002318173F740>, 'Connection to people.sc.fsu.edu timed out. (connect timeout=None)')

The above exception was the direct cause of the following exception:

Traceback (most recent call last):
  File "C:\Users\aman9\etl_pipeline\Lib\site-packages\requests\adapters.py", line 644, in send
    resp = conn.urlopen(
           ^^^^^^^^^^^^^
  File "C:\Users\aman9\etl_pipeline\Lib\site-packages\urllib3\connectionpool.py", line 841, in urlopen
    retries = retries.increment(
              ^^^^^^^^^^^^^^^^^^
  File "C:\Users\aman9\etl_pipeline\Lib\site-packages\urllib3\util\retry.py", line 519, in increment
    raise MaxRetryError(_pool, url, reason) from reason  # type: ignore[arg-type]
    ^^^^^^^^^^^^^^^^^^^^^^^^^^^^^^^^^^^^^^^^^^^^^^^^^^^
urllib3.exceptions.MaxRetryError: HTTPSConnectionPool(host='people.sc.fsu.edu', port=443): Max retries exceeded with url: /~jburkardt/data/csv/airtravel.csv (Caused by ConnectTimeoutError(<urllib3.connection.HTTPSConnection object at 0x000002318173F740>, 'Connection to people.sc.fsu.edu timed out. (connect timeout=None)'))

During handling of the above exception, another exception occurred:

Traceback (most recent call last):
  File "C:\Users\aman9\etl_pipeline\main.py", line 17, in main
    df_raw = extract_csv_from_url(args.source)
             ^^^^^^^^^^^^^^^^^^^^^^^^^^^^^^^^^
  File "C:\Users\aman9\etl_pipeline\etl\extract.py", line 8, in extract_csv_from_url
    response = requests.get(url) # request the url for data
              ^^^^^^^^^^^^^^^^^
  File "C:\Users\aman9\etl_pipeline\Lib\site-packages\requests\api.py", line 73, in get
    return request("get", url, params=params, **kwargs)
           ^^^^^^^^^^^^^^^^^^^^^^^^^^^^^^^^^^^^^^^^^^^^
  File "C:\Users\aman9\etl_pipeline\Lib\site-packages\requests\api.py", line 59, in request
    return session.request(method=method, url=url, **kwargs)
           ^^^^^^^^^^^^^^^^^^^^^^^^^^^^^^^^^^^^^^^^^^^^^^^^^
  File "C:\Users\aman9\etl_pipeline\Lib\site-packages\requests\sessions.py", line 589, in request
    resp = self.send(prep, **send_kwargs)
           ^^^^^^^^^^^^^^^^^^^^^^^^^^^^^^
  File "C:\Users\aman9\etl_pipeline\Lib\site-packages\requests\sessions.py", line 703, in send
    r = adapter.send(request, **kwargs)
        ^^^^^^^^^^^^^^^^^^^^^^^^^^^^^^^
  File "C:\Users\aman9\etl_pipeline\Lib\site-packages\requests\adapters.py", line 665, in send
    raise ConnectTimeout(e, request=request)
requests.exceptions.ConnectTimeout: HTTPSConnectionPool(host='people.sc.fsu.edu', port=443): Max retries exceeded with url: /~jburkardt/data/csv/airtravel.csv (Caused by ConnectTimeoutError(<urllib3.connection.HTTPSConnection object at 0x000002318173F740>, 'Connection to people.sc.fsu.edu timed out. (connect timeout=None)'))
2025-10-17 10:58:08,726 - INFO - ETL job Started
2025-10-17 10:58:08,842 - ERROR - ETL job failed: HTTPSConnectionPool(host='covid.ourworldindata.org', port=443): Max retries exceeded with url: /data/owid-covid-data.csv (Caused by NameResolutionError("<urllib3.connection.HTTPSConnection object at 0x00000199AEF15880>: Failed to resolve 'covid.ourworldindata.org' ([Errno 11001] getaddrinfo failed)"))
Traceback (most recent call last):
  File "C:\Users\aman9\etl_pipeline\Lib\site-packages\urllib3\connection.py", line 198, in _new_conn
    sock = connection.create_connection(
           ^^^^^^^^^^^^^^^^^^^^^^^^^^^^^
  File "C:\Users\aman9\etl_pipeline\Lib\site-packages\urllib3\util\connection.py", line 60, in create_connection
    for res in socket.getaddrinfo(host, port, family, socket.SOCK_STREAM):
               ^^^^^^^^^^^^^^^^^^^^^^^^^^^^^^^^^^^^^^^^^^^^^^^^^^^^^^^^^^
  File "C:\Python312\Lib\socket.py", line 963, in getaddrinfo
    for res in _socket.getaddrinfo(host, port, family, type, proto, flags):
               ^^^^^^^^^^^^^^^^^^^^^^^^^^^^^^^^^^^^^^^^^^^^^^^^^^^^^^^^^^^
socket.gaierror: [Errno 11001] getaddrinfo failed

The above exception was the direct cause of the following exception:

Traceback (most recent call last):
  File "C:\Users\aman9\etl_pipeline\Lib\site-packages\urllib3\connectionpool.py", line 787, in urlopen
    response = self._make_request(
               ^^^^^^^^^^^^^^^^^^^
  File "C:\Users\aman9\etl_pipeline\Lib\site-packages\urllib3\connectionpool.py", line 488, in _make_request
    raise new_e
  File "C:\Users\aman9\etl_pipeline\Lib\site-packages\urllib3\connectionpool.py", line 464, in _make_request
    self._validate_conn(conn)
  File "C:\Users\aman9\etl_pipeline\Lib\site-packages\urllib3\connectionpool.py", line 1093, in _validate_conn
    conn.connect()
  File "C:\Users\aman9\etl_pipeline\Lib\site-packages\urllib3\connection.py", line 753, in connect
    self.sock = sock = self._new_conn()
                       ^^^^^^^^^^^^^^^^
  File "C:\Users\aman9\etl_pipeline\Lib\site-packages\urllib3\connection.py", line 205, in _new_conn
    raise NameResolutionError(self.host, self, e) from e
urllib3.exceptions.NameResolutionError: <urllib3.connection.HTTPSConnection object at 0x00000199AEF15880>: Failed to resolve 'covid.ourworldindata.org' ([Errno 11001] getaddrinfo failed)

The above exception was the direct cause of the following exception:

Traceback (most recent call last):
  File "C:\Users\aman9\etl_pipeline\Lib\site-packages\requests\adapters.py", line 644, in send
    resp = conn.urlopen(
           ^^^^^^^^^^^^^
  File "C:\Users\aman9\etl_pipeline\Lib\site-packages\urllib3\connectionpool.py", line 841, in urlopen
    retries = retries.increment(
              ^^^^^^^^^^^^^^^^^^
  File "C:\Users\aman9\etl_pipeline\Lib\site-packages\urllib3\util\retry.py", line 519, in increment
    raise MaxRetryError(_pool, url, reason) from reason  # type: ignore[arg-type]
    ^^^^^^^^^^^^^^^^^^^^^^^^^^^^^^^^^^^^^^^^^^^^^^^^^^^
urllib3.exceptions.MaxRetryError: HTTPSConnectionPool(host='covid.ourworldindata.org', port=443): Max retries exceeded with url: /data/owid-covid-data.csv (Caused by NameResolutionError("<urllib3.connection.HTTPSConnection object at 0x00000199AEF15880>: Failed to resolve 'covid.ourworldindata.org' ([Errno 11001] getaddrinfo failed)"))

During handling of the above exception, another exception occurred:

Traceback (most recent call last):
  File "C:\Users\aman9\etl_pipeline\main.py", line 17, in main
    df_raw = extract_csv_from_url(args.source)
             ^^^^^^^^^^^^^^^^^^^^^^^^^^^^^^^^^
  File "C:\Users\aman9\etl_pipeline\etl\extract.py", line 14, in extract_csv_from_url
    response = requests.get(url)
               ^^^^^^^^^^^^^^^^^
  File "C:\Users\aman9\etl_pipeline\Lib\site-packages\requests\api.py", line 73, in get
    return request("get", url, params=params, **kwargs)
           ^^^^^^^^^^^^^^^^^^^^^^^^^^^^^^^^^^^^^^^^^^^^
  File "C:\Users\aman9\etl_pipeline\Lib\site-packages\requests\api.py", line 59, in request
    return session.request(method=method, url=url, **kwargs)
           ^^^^^^^^^^^^^^^^^^^^^^^^^^^^^^^^^^^^^^^^^^^^^^^^^
  File "C:\Users\aman9\etl_pipeline\Lib\site-packages\requests\sessions.py", line 589, in request
    resp = self.send(prep, **send_kwargs)
           ^^^^^^^^^^^^^^^^^^^^^^^^^^^^^^
  File "C:\Users\aman9\etl_pipeline\Lib\site-packages\requests\sessions.py", line 703, in send
    r = adapter.send(request, **kwargs)
        ^^^^^^^^^^^^^^^^^^^^^^^^^^^^^^^
  File "C:\Users\aman9\etl_pipeline\Lib\site-packages\requests\adapters.py", line 677, in send
    raise ConnectionError(e, request=request)
requests.exceptions.ConnectionError: HTTPSConnectionPool(host='covid.ourworldindata.org', port=443): Max retries exceeded with url: /data/owid-covid-data.csv (Caused by NameResolutionError("<urllib3.connection.HTTPSConnection object at 0x00000199AEF15880>: Failed to resolve 'covid.ourworldindata.org' ([Errno 11001] getaddrinfo failed)"))
2025-10-17 11:00:55,061 - INFO - ETL job Started
2025-10-17 11:00:55,061 - INFO - Downloading CSV from URL: https://covid.ourworldindata.org/data/owid-covid-data.csv
2025-10-17 11:00:55,074 - ERROR - Failed to fetch CSV: HTTPSConnectionPool(host='covid.ourworldindata.org', port=443): Max retries exceeded with url: /data/owid-covid-data.csv (Caused by NameResolutionError("<urllib3.connection.HTTPSConnection object at 0x0000024B6CD4EB10>: Failed to resolve 'covid.ourworldindata.org' ([Errno 11001] getaddrinfo failed)"))
Traceback (most recent call last):
  File "C:\Users\aman9\etl_pipeline\Lib\site-packages\urllib3\connection.py", line 198, in _new_conn
    sock = connection.create_connection(
           ^^^^^^^^^^^^^^^^^^^^^^^^^^^^^
  File "C:\Users\aman9\etl_pipeline\Lib\site-packages\urllib3\util\connection.py", line 60, in create_connection
    for res in socket.getaddrinfo(host, port, family, socket.SOCK_STREAM):
               ^^^^^^^^^^^^^^^^^^^^^^^^^^^^^^^^^^^^^^^^^^^^^^^^^^^^^^^^^^
  File "C:\Python312\Lib\socket.py", line 963, in getaddrinfo
    for res in _socket.getaddrinfo(host, port, family, type, proto, flags):
               ^^^^^^^^^^^^^^^^^^^^^^^^^^^^^^^^^^^^^^^^^^^^^^^^^^^^^^^^^^^
socket.gaierror: [Errno 11001] getaddrinfo failed

The above exception was the direct cause of the following exception:

Traceback (most recent call last):
  File "C:\Users\aman9\etl_pipeline\Lib\site-packages\urllib3\connectionpool.py", line 787, in urlopen
    response = self._make_request(
               ^^^^^^^^^^^^^^^^^^^
  File "C:\Users\aman9\etl_pipeline\Lib\site-packages\urllib3\connectionpool.py", line 488, in _make_request
    raise new_e
  File "C:\Users\aman9\etl_pipeline\Lib\site-packages\urllib3\connectionpool.py", line 464, in _make_request
    self._validate_conn(conn)
  File "C:\Users\aman9\etl_pipeline\Lib\site-packages\urllib3\connectionpool.py", line 1093, in _validate_conn
    conn.connect()
  File "C:\Users\aman9\etl_pipeline\Lib\site-packages\urllib3\connection.py", line 753, in connect
    self.sock = sock = self._new_conn()
                       ^^^^^^^^^^^^^^^^
  File "C:\Users\aman9\etl_pipeline\Lib\site-packages\urllib3\connection.py", line 205, in _new_conn
    raise NameResolutionError(self.host, self, e) from e
urllib3.exceptions.NameResolutionError: <urllib3.connection.HTTPSConnection object at 0x0000024B6CD4EB10>: Failed to resolve 'covid.ourworldindata.org' ([Errno 11001] getaddrinfo failed)

The above exception was the direct cause of the following exception:

Traceback (most recent call last):
  File "C:\Users\aman9\etl_pipeline\Lib\site-packages\requests\adapters.py", line 644, in send
    resp = conn.urlopen(
           ^^^^^^^^^^^^^
  File "C:\Users\aman9\etl_pipeline\Lib\site-packages\urllib3\connectionpool.py", line 841, in urlopen
    retries = retries.increment(
              ^^^^^^^^^^^^^^^^^^
  File "C:\Users\aman9\etl_pipeline\Lib\site-packages\urllib3\util\retry.py", line 519, in increment
    raise MaxRetryError(_pool, url, reason) from reason  # type: ignore[arg-type]
    ^^^^^^^^^^^^^^^^^^^^^^^^^^^^^^^^^^^^^^^^^^^^^^^^^^^
urllib3.exceptions.MaxRetryError: HTTPSConnectionPool(host='covid.ourworldindata.org', port=443): Max retries exceeded with url: /data/owid-covid-data.csv (Caused by NameResolutionError("<urllib3.connection.HTTPSConnection object at 0x0000024B6CD4EB10>: Failed to resolve 'covid.ourworldindata.org' ([Errno 11001] getaddrinfo failed)"))

During handling of the above exception, another exception occurred:

Traceback (most recent call last):
  File "C:\Users\aman9\etl_pipeline\etl\extract.py", line 19, in extract_csv_from_url
    response = requests.get(source, timeout=30, stream=True)
               ^^^^^^^^^^^^^^^^^^^^^^^^^^^^^^^^^^^^^^^^^^^^^
  File "C:\Users\aman9\etl_pipeline\Lib\site-packages\requests\api.py", line 73, in get
    return request("get", url, params=params, **kwargs)
           ^^^^^^^^^^^^^^^^^^^^^^^^^^^^^^^^^^^^^^^^^^^^
  File "C:\Users\aman9\etl_pipeline\Lib\site-packages\requests\api.py", line 59, in request
    return session.request(method=method, url=url, **kwargs)
           ^^^^^^^^^^^^^^^^^^^^^^^^^^^^^^^^^^^^^^^^^^^^^^^^^
  File "C:\Users\aman9\etl_pipeline\Lib\site-packages\requests\sessions.py", line 589, in request
    resp = self.send(prep, **send_kwargs)
           ^^^^^^^^^^^^^^^^^^^^^^^^^^^^^^
  File "C:\Users\aman9\etl_pipeline\Lib\site-packages\requests\sessions.py", line 703, in send
    r = adapter.send(request, **kwargs)
        ^^^^^^^^^^^^^^^^^^^^^^^^^^^^^^^
  File "C:\Users\aman9\etl_pipeline\Lib\site-packages\requests\adapters.py", line 677, in send
    raise ConnectionError(e, request=request)
requests.exceptions.ConnectionError: HTTPSConnectionPool(host='covid.ourworldindata.org', port=443): Max retries exceeded with url: /data/owid-covid-data.csv (Caused by NameResolutionError("<urllib3.connection.HTTPSConnection object at 0x0000024B6CD4EB10>: Failed to resolve 'covid.ourworldindata.org' ([Errno 11001] getaddrinfo failed)"))
2025-10-17 11:00:55,084 - ERROR - ETL job failed: HTTPSConnectionPool(host='covid.ourworldindata.org', port=443): Max retries exceeded with url: /data/owid-covid-data.csv (Caused by NameResolutionError("<urllib3.connection.HTTPSConnection object at 0x0000024B6CD4EB10>: Failed to resolve 'covid.ourworldindata.org' ([Errno 11001] getaddrinfo failed)"))
Traceback (most recent call last):
  File "C:\Users\aman9\etl_pipeline\Lib\site-packages\urllib3\connection.py", line 198, in _new_conn
    sock = connection.create_connection(
           ^^^^^^^^^^^^^^^^^^^^^^^^^^^^^
  File "C:\Users\aman9\etl_pipeline\Lib\site-packages\urllib3\util\connection.py", line 60, in create_connection
    for res in socket.getaddrinfo(host, port, family, socket.SOCK_STREAM):
               ^^^^^^^^^^^^^^^^^^^^^^^^^^^^^^^^^^^^^^^^^^^^^^^^^^^^^^^^^^
  File "C:\Python312\Lib\socket.py", line 963, in getaddrinfo
    for res in _socket.getaddrinfo(host, port, family, type, proto, flags):
               ^^^^^^^^^^^^^^^^^^^^^^^^^^^^^^^^^^^^^^^^^^^^^^^^^^^^^^^^^^^
socket.gaierror: [Errno 11001] getaddrinfo failed

The above exception was the direct cause of the following exception:

Traceback (most recent call last):
  File "C:\Users\aman9\etl_pipeline\Lib\site-packages\urllib3\connectionpool.py", line 787, in urlopen
    response = self._make_request(
               ^^^^^^^^^^^^^^^^^^^
  File "C:\Users\aman9\etl_pipeline\Lib\site-packages\urllib3\connectionpool.py", line 488, in _make_request
    raise new_e
  File "C:\Users\aman9\etl_pipeline\Lib\site-packages\urllib3\connectionpool.py", line 464, in _make_request
    self._validate_conn(conn)
  File "C:\Users\aman9\etl_pipeline\Lib\site-packages\urllib3\connectionpool.py", line 1093, in _validate_conn
    conn.connect()
  File "C:\Users\aman9\etl_pipeline\Lib\site-packages\urllib3\connection.py", line 753, in connect
    self.sock = sock = self._new_conn()
                       ^^^^^^^^^^^^^^^^
  File "C:\Users\aman9\etl_pipeline\Lib\site-packages\urllib3\connection.py", line 205, in _new_conn
    raise NameResolutionError(self.host, self, e) from e
urllib3.exceptions.NameResolutionError: <urllib3.connection.HTTPSConnection object at 0x0000024B6CD4EB10>: Failed to resolve 'covid.ourworldindata.org' ([Errno 11001] getaddrinfo failed)

The above exception was the direct cause of the following exception:

Traceback (most recent call last):
  File "C:\Users\aman9\etl_pipeline\Lib\site-packages\requests\adapters.py", line 644, in send
    resp = conn.urlopen(
           ^^^^^^^^^^^^^
  File "C:\Users\aman9\etl_pipeline\Lib\site-packages\urllib3\connectionpool.py", line 841, in urlopen
    retries = retries.increment(
              ^^^^^^^^^^^^^^^^^^
  File "C:\Users\aman9\etl_pipeline\Lib\site-packages\urllib3\util\retry.py", line 519, in increment
    raise MaxRetryError(_pool, url, reason) from reason  # type: ignore[arg-type]
    ^^^^^^^^^^^^^^^^^^^^^^^^^^^^^^^^^^^^^^^^^^^^^^^^^^^
urllib3.exceptions.MaxRetryError: HTTPSConnectionPool(host='covid.ourworldindata.org', port=443): Max retries exceeded with url: /data/owid-covid-data.csv (Caused by NameResolutionError("<urllib3.connection.HTTPSConnection object at 0x0000024B6CD4EB10>: Failed to resolve 'covid.ourworldindata.org' ([Errno 11001] getaddrinfo failed)"))

During handling of the above exception, another exception occurred:

Traceback (most recent call last):
  File "C:\Users\aman9\etl_pipeline\main.py", line 17, in main
    df_raw = extract_csv_from_url(args.source)
             ^^^^^^^^^^^^^^^^^^^^^^^^^^^^^^^^^
  File "C:\Users\aman9\etl_pipeline\etl\extract.py", line 19, in extract_csv_from_url
    response = requests.get(source, timeout=30, stream=True)
               ^^^^^^^^^^^^^^^^^^^^^^^^^^^^^^^^^^^^^^^^^^^^^
  File "C:\Users\aman9\etl_pipeline\Lib\site-packages\requests\api.py", line 73, in get
    return request("get", url, params=params, **kwargs)
           ^^^^^^^^^^^^^^^^^^^^^^^^^^^^^^^^^^^^^^^^^^^^
  File "C:\Users\aman9\etl_pipeline\Lib\site-packages\requests\api.py", line 59, in request
    return session.request(method=method, url=url, **kwargs)
           ^^^^^^^^^^^^^^^^^^^^^^^^^^^^^^^^^^^^^^^^^^^^^^^^^
  File "C:\Users\aman9\etl_pipeline\Lib\site-packages\requests\sessions.py", line 589, in request
    resp = self.send(prep, **send_kwargs)
           ^^^^^^^^^^^^^^^^^^^^^^^^^^^^^^
  File "C:\Users\aman9\etl_pipeline\Lib\site-packages\requests\sessions.py", line 703, in send
    r = adapter.send(request, **kwargs)
        ^^^^^^^^^^^^^^^^^^^^^^^^^^^^^^^
  File "C:\Users\aman9\etl_pipeline\Lib\site-packages\requests\adapters.py", line 677, in send
    raise ConnectionError(e, request=request)
requests.exceptions.ConnectionError: HTTPSConnectionPool(host='covid.ourworldindata.org', port=443): Max retries exceeded with url: /data/owid-covid-data.csv (Caused by NameResolutionError("<urllib3.connection.HTTPSConnection object at 0x0000024B6CD4EB10>: Failed to resolve 'covid.ourworldindata.org' ([Errno 11001] getaddrinfo failed)"))
2025-10-17 11:02:08,539 - INFO - ETL job Started
2025-10-17 11:02:08,539 - INFO - Downloading CSV from URL: https://covid.ourworldindata.org/data/owid-covid-data.csv
2025-10-17 11:02:08,554 - ERROR - Failed to fetch CSV: HTTPSConnectionPool(host='covid.ourworldindata.org', port=443): Max retries exceeded with url: /data/owid-covid-data.csv (Caused by NameResolutionError("<urllib3.connection.HTTPSConnection object at 0x0000021E7BADF2F0>: Failed to resolve 'covid.ourworldindata.org' ([Errno 11001] getaddrinfo failed)"))
Traceback (most recent call last):
  File "C:\Users\aman9\etl_pipeline\Lib\site-packages\urllib3\connection.py", line 198, in _new_conn
    sock = connection.create_connection(
           ^^^^^^^^^^^^^^^^^^^^^^^^^^^^^
  File "C:\Users\aman9\etl_pipeline\Lib\site-packages\urllib3\util\connection.py", line 60, in create_connection
    for res in socket.getaddrinfo(host, port, family, socket.SOCK_STREAM):
               ^^^^^^^^^^^^^^^^^^^^^^^^^^^^^^^^^^^^^^^^^^^^^^^^^^^^^^^^^^
  File "C:\Python312\Lib\socket.py", line 963, in getaddrinfo
    for res in _socket.getaddrinfo(host, port, family, type, proto, flags):
               ^^^^^^^^^^^^^^^^^^^^^^^^^^^^^^^^^^^^^^^^^^^^^^^^^^^^^^^^^^^
socket.gaierror: [Errno 11001] getaddrinfo failed

The above exception was the direct cause of the following exception:

Traceback (most recent call last):
  File "C:\Users\aman9\etl_pipeline\Lib\site-packages\urllib3\connectionpool.py", line 787, in urlopen
    response = self._make_request(
               ^^^^^^^^^^^^^^^^^^^
  File "C:\Users\aman9\etl_pipeline\Lib\site-packages\urllib3\connectionpool.py", line 488, in _make_request
    raise new_e
  File "C:\Users\aman9\etl_pipeline\Lib\site-packages\urllib3\connectionpool.py", line 464, in _make_request
    self._validate_conn(conn)
  File "C:\Users\aman9\etl_pipeline\Lib\site-packages\urllib3\connectionpool.py", line 1093, in _validate_conn
    conn.connect()
  File "C:\Users\aman9\etl_pipeline\Lib\site-packages\urllib3\connection.py", line 753, in connect
    self.sock = sock = self._new_conn()
                       ^^^^^^^^^^^^^^^^
  File "C:\Users\aman9\etl_pipeline\Lib\site-packages\urllib3\connection.py", line 205, in _new_conn
    raise NameResolutionError(self.host, self, e) from e
urllib3.exceptions.NameResolutionError: <urllib3.connection.HTTPSConnection object at 0x0000021E7BADF2F0>: Failed to resolve 'covid.ourworldindata.org' ([Errno 11001] getaddrinfo failed)

The above exception was the direct cause of the following exception:

Traceback (most recent call last):
  File "C:\Users\aman9\etl_pipeline\Lib\site-packages\requests\adapters.py", line 644, in send
    resp = conn.urlopen(
           ^^^^^^^^^^^^^
  File "C:\Users\aman9\etl_pipeline\Lib\site-packages\urllib3\connectionpool.py", line 841, in urlopen
    retries = retries.increment(
              ^^^^^^^^^^^^^^^^^^
  File "C:\Users\aman9\etl_pipeline\Lib\site-packages\urllib3\util\retry.py", line 519, in increment
    raise MaxRetryError(_pool, url, reason) from reason  # type: ignore[arg-type]
    ^^^^^^^^^^^^^^^^^^^^^^^^^^^^^^^^^^^^^^^^^^^^^^^^^^^
urllib3.exceptions.MaxRetryError: HTTPSConnectionPool(host='covid.ourworldindata.org', port=443): Max retries exceeded with url: /data/owid-covid-data.csv (Caused by NameResolutionError("<urllib3.connection.HTTPSConnection object at 0x0000021E7BADF2F0>: Failed to resolve 'covid.ourworldindata.org' ([Errno 11001] getaddrinfo failed)"))

During handling of the above exception, another exception occurred:

Traceback (most recent call last):
  File "C:\Users\aman9\etl_pipeline\etl\extract.py", line 19, in extract_csv_from_url
    response = requests.get(source, timeout=30, stream=True)
               ^^^^^^^^^^^^^^^^^^^^^^^^^^^^^^^^^^^^^^^^^^^^^
  File "C:\Users\aman9\etl_pipeline\Lib\site-packages\requests\api.py", line 73, in get
    return request("get", url, params=params, **kwargs)
           ^^^^^^^^^^^^^^^^^^^^^^^^^^^^^^^^^^^^^^^^^^^^
  File "C:\Users\aman9\etl_pipeline\Lib\site-packages\requests\api.py", line 59, in request
    return session.request(method=method, url=url, **kwargs)
           ^^^^^^^^^^^^^^^^^^^^^^^^^^^^^^^^^^^^^^^^^^^^^^^^^
  File "C:\Users\aman9\etl_pipeline\Lib\site-packages\requests\sessions.py", line 589, in request
    resp = self.send(prep, **send_kwargs)
           ^^^^^^^^^^^^^^^^^^^^^^^^^^^^^^
  File "C:\Users\aman9\etl_pipeline\Lib\site-packages\requests\sessions.py", line 703, in send
    r = adapter.send(request, **kwargs)
        ^^^^^^^^^^^^^^^^^^^^^^^^^^^^^^^
  File "C:\Users\aman9\etl_pipeline\Lib\site-packages\requests\adapters.py", line 677, in send
    raise ConnectionError(e, request=request)
requests.exceptions.ConnectionError: HTTPSConnectionPool(host='covid.ourworldindata.org', port=443): Max retries exceeded with url: /data/owid-covid-data.csv (Caused by NameResolutionError("<urllib3.connection.HTTPSConnection object at 0x0000021E7BADF2F0>: Failed to resolve 'covid.ourworldindata.org' ([Errno 11001] getaddrinfo failed)"))
2025-10-17 11:02:08,559 - ERROR - ETL job failed: HTTPSConnectionPool(host='covid.ourworldindata.org', port=443): Max retries exceeded with url: /data/owid-covid-data.csv (Caused by NameResolutionError("<urllib3.connection.HTTPSConnection object at 0x0000021E7BADF2F0>: Failed to resolve 'covid.ourworldindata.org' ([Errno 11001] getaddrinfo failed)"))
Traceback (most recent call last):
  File "C:\Users\aman9\etl_pipeline\Lib\site-packages\urllib3\connection.py", line 198, in _new_conn
    sock = connection.create_connection(
           ^^^^^^^^^^^^^^^^^^^^^^^^^^^^^
  File "C:\Users\aman9\etl_pipeline\Lib\site-packages\urllib3\util\connection.py", line 60, in create_connection
    for res in socket.getaddrinfo(host, port, family, socket.SOCK_STREAM):
               ^^^^^^^^^^^^^^^^^^^^^^^^^^^^^^^^^^^^^^^^^^^^^^^^^^^^^^^^^^
  File "C:\Python312\Lib\socket.py", line 963, in getaddrinfo
    for res in _socket.getaddrinfo(host, port, family, type, proto, flags):
               ^^^^^^^^^^^^^^^^^^^^^^^^^^^^^^^^^^^^^^^^^^^^^^^^^^^^^^^^^^^
socket.gaierror: [Errno 11001] getaddrinfo failed

The above exception was the direct cause of the following exception:

Traceback (most recent call last):
  File "C:\Users\aman9\etl_pipeline\Lib\site-packages\urllib3\connectionpool.py", line 787, in urlopen
    response = self._make_request(
               ^^^^^^^^^^^^^^^^^^^
  File "C:\Users\aman9\etl_pipeline\Lib\site-packages\urllib3\connectionpool.py", line 488, in _make_request
    raise new_e
  File "C:\Users\aman9\etl_pipeline\Lib\site-packages\urllib3\connectionpool.py", line 464, in _make_request
    self._validate_conn(conn)
  File "C:\Users\aman9\etl_pipeline\Lib\site-packages\urllib3\connectionpool.py", line 1093, in _validate_conn
    conn.connect()
  File "C:\Users\aman9\etl_pipeline\Lib\site-packages\urllib3\connection.py", line 753, in connect
    self.sock = sock = self._new_conn()
                       ^^^^^^^^^^^^^^^^
  File "C:\Users\aman9\etl_pipeline\Lib\site-packages\urllib3\connection.py", line 205, in _new_conn
    raise NameResolutionError(self.host, self, e) from e
urllib3.exceptions.NameResolutionError: <urllib3.connection.HTTPSConnection object at 0x0000021E7BADF2F0>: Failed to resolve 'covid.ourworldindata.org' ([Errno 11001] getaddrinfo failed)

The above exception was the direct cause of the following exception:

Traceback (most recent call last):
  File "C:\Users\aman9\etl_pipeline\Lib\site-packages\requests\adapters.py", line 644, in send
    resp = conn.urlopen(
           ^^^^^^^^^^^^^
  File "C:\Users\aman9\etl_pipeline\Lib\site-packages\urllib3\connectionpool.py", line 841, in urlopen
    retries = retries.increment(
              ^^^^^^^^^^^^^^^^^^
  File "C:\Users\aman9\etl_pipeline\Lib\site-packages\urllib3\util\retry.py", line 519, in increment
    raise MaxRetryError(_pool, url, reason) from reason  # type: ignore[arg-type]
    ^^^^^^^^^^^^^^^^^^^^^^^^^^^^^^^^^^^^^^^^^^^^^^^^^^^
urllib3.exceptions.MaxRetryError: HTTPSConnectionPool(host='covid.ourworldindata.org', port=443): Max retries exceeded with url: /data/owid-covid-data.csv (Caused by NameResolutionError("<urllib3.connection.HTTPSConnection object at 0x0000021E7BADF2F0>: Failed to resolve 'covid.ourworldindata.org' ([Errno 11001] getaddrinfo failed)"))

During handling of the above exception, another exception occurred:

Traceback (most recent call last):
  File "C:\Users\aman9\etl_pipeline\main.py", line 17, in main
    df_raw = extract_csv_from_url(args.source)
             ^^^^^^^^^^^^^^^^^^^^^^^^^^^^^^^^^
  File "C:\Users\aman9\etl_pipeline\etl\extract.py", line 19, in extract_csv_from_url
    response = requests.get(source, timeout=30, stream=True)
               ^^^^^^^^^^^^^^^^^^^^^^^^^^^^^^^^^^^^^^^^^^^^^
  File "C:\Users\aman9\etl_pipeline\Lib\site-packages\requests\api.py", line 73, in get
    return request("get", url, params=params, **kwargs)
           ^^^^^^^^^^^^^^^^^^^^^^^^^^^^^^^^^^^^^^^^^^^^
  File "C:\Users\aman9\etl_pipeline\Lib\site-packages\requests\api.py", line 59, in request
    return session.request(method=method, url=url, **kwargs)
           ^^^^^^^^^^^^^^^^^^^^^^^^^^^^^^^^^^^^^^^^^^^^^^^^^
  File "C:\Users\aman9\etl_pipeline\Lib\site-packages\requests\sessions.py", line 589, in request
    resp = self.send(prep, **send_kwargs)
           ^^^^^^^^^^^^^^^^^^^^^^^^^^^^^^
  File "C:\Users\aman9\etl_pipeline\Lib\site-packages\requests\sessions.py", line 703, in send
    r = adapter.send(request, **kwargs)
        ^^^^^^^^^^^^^^^^^^^^^^^^^^^^^^^
  File "C:\Users\aman9\etl_pipeline\Lib\site-packages\requests\adapters.py", line 677, in send
    raise ConnectionError(e, request=request)
requests.exceptions.ConnectionError: HTTPSConnectionPool(host='covid.ourworldindata.org', port=443): Max retries exceeded with url: /data/owid-covid-data.csv (Caused by NameResolutionError("<urllib3.connection.HTTPSConnection object at 0x0000021E7BADF2F0>: Failed to resolve 'covid.ourworldindata.org' ([Errno 11001] getaddrinfo failed)"))
2025-10-17 11:02:14,616 - INFO - ETL job Started
2025-10-17 11:02:14,616 - INFO - Downloading CSV from URL: https://covid.ourworldindata.org/data/owid-covid-data.csv
2025-10-17 11:02:14,632 - ERROR - Failed to fetch CSV: HTTPSConnectionPool(host='covid.ourworldindata.org', port=443): Max retries exceeded with url: /data/owid-covid-data.csv (Caused by NameResolutionError("<urllib3.connection.HTTPSConnection object at 0x0000020FE13BF110>: Failed to resolve 'covid.ourworldindata.org' ([Errno 11001] getaddrinfo failed)"))
Traceback (most recent call last):
  File "C:\Users\aman9\etl_pipeline\Lib\site-packages\urllib3\connection.py", line 198, in _new_conn
    sock = connection.create_connection(
           ^^^^^^^^^^^^^^^^^^^^^^^^^^^^^
  File "C:\Users\aman9\etl_pipeline\Lib\site-packages\urllib3\util\connection.py", line 60, in create_connection
    for res in socket.getaddrinfo(host, port, family, socket.SOCK_STREAM):
               ^^^^^^^^^^^^^^^^^^^^^^^^^^^^^^^^^^^^^^^^^^^^^^^^^^^^^^^^^^
  File "C:\Python312\Lib\socket.py", line 963, in getaddrinfo
    for res in _socket.getaddrinfo(host, port, family, type, proto, flags):
               ^^^^^^^^^^^^^^^^^^^^^^^^^^^^^^^^^^^^^^^^^^^^^^^^^^^^^^^^^^^
socket.gaierror: [Errno 11001] getaddrinfo failed

The above exception was the direct cause of the following exception:

Traceback (most recent call last):
  File "C:\Users\aman9\etl_pipeline\Lib\site-packages\urllib3\connectionpool.py", line 787, in urlopen
    response = self._make_request(
               ^^^^^^^^^^^^^^^^^^^
  File "C:\Users\aman9\etl_pipeline\Lib\site-packages\urllib3\connectionpool.py", line 488, in _make_request
    raise new_e
  File "C:\Users\aman9\etl_pipeline\Lib\site-packages\urllib3\connectionpool.py", line 464, in _make_request
    self._validate_conn(conn)
  File "C:\Users\aman9\etl_pipeline\Lib\site-packages\urllib3\connectionpool.py", line 1093, in _validate_conn
    conn.connect()
  File "C:\Users\aman9\etl_pipeline\Lib\site-packages\urllib3\connection.py", line 753, in connect
    self.sock = sock = self._new_conn()
                       ^^^^^^^^^^^^^^^^
  File "C:\Users\aman9\etl_pipeline\Lib\site-packages\urllib3\connection.py", line 205, in _new_conn
    raise NameResolutionError(self.host, self, e) from e
urllib3.exceptions.NameResolutionError: <urllib3.connection.HTTPSConnection object at 0x0000020FE13BF110>: Failed to resolve 'covid.ourworldindata.org' ([Errno 11001] getaddrinfo failed)

The above exception was the direct cause of the following exception:

Traceback (most recent call last):
  File "C:\Users\aman9\etl_pipeline\Lib\site-packages\requests\adapters.py", line 644, in send
    resp = conn.urlopen(
           ^^^^^^^^^^^^^
  File "C:\Users\aman9\etl_pipeline\Lib\site-packages\urllib3\connectionpool.py", line 841, in urlopen
    retries = retries.increment(
              ^^^^^^^^^^^^^^^^^^
  File "C:\Users\aman9\etl_pipeline\Lib\site-packages\urllib3\util\retry.py", line 519, in increment
    raise MaxRetryError(_pool, url, reason) from reason  # type: ignore[arg-type]
    ^^^^^^^^^^^^^^^^^^^^^^^^^^^^^^^^^^^^^^^^^^^^^^^^^^^
urllib3.exceptions.MaxRetryError: HTTPSConnectionPool(host='covid.ourworldindata.org', port=443): Max retries exceeded with url: /data/owid-covid-data.csv (Caused by NameResolutionError("<urllib3.connection.HTTPSConnection object at 0x0000020FE13BF110>: Failed to resolve 'covid.ourworldindata.org' ([Errno 11001] getaddrinfo failed)"))

During handling of the above exception, another exception occurred:

Traceback (most recent call last):
  File "C:\Users\aman9\etl_pipeline\etl\extract.py", line 19, in extract_csv_from_url
    response = requests.get(source, timeout=30, stream=True)
               ^^^^^^^^^^^^^^^^^^^^^^^^^^^^^^^^^^^^^^^^^^^^^
  File "C:\Users\aman9\etl_pipeline\Lib\site-packages\requests\api.py", line 73, in get
    return request("get", url, params=params, **kwargs)
           ^^^^^^^^^^^^^^^^^^^^^^^^^^^^^^^^^^^^^^^^^^^^
  File "C:\Users\aman9\etl_pipeline\Lib\site-packages\requests\api.py", line 59, in request
    return session.request(method=method, url=url, **kwargs)
           ^^^^^^^^^^^^^^^^^^^^^^^^^^^^^^^^^^^^^^^^^^^^^^^^^
  File "C:\Users\aman9\etl_pipeline\Lib\site-packages\requests\sessions.py", line 589, in request
    resp = self.send(prep, **send_kwargs)
           ^^^^^^^^^^^^^^^^^^^^^^^^^^^^^^
  File "C:\Users\aman9\etl_pipeline\Lib\site-packages\requests\sessions.py", line 703, in send
    r = adapter.send(request, **kwargs)
        ^^^^^^^^^^^^^^^^^^^^^^^^^^^^^^^
  File "C:\Users\aman9\etl_pipeline\Lib\site-packages\requests\adapters.py", line 677, in send
    raise ConnectionError(e, request=request)
requests.exceptions.ConnectionError: HTTPSConnectionPool(host='covid.ourworldindata.org', port=443): Max retries exceeded with url: /data/owid-covid-data.csv (Caused by NameResolutionError("<urllib3.connection.HTTPSConnection object at 0x0000020FE13BF110>: Failed to resolve 'covid.ourworldindata.org' ([Errno 11001] getaddrinfo failed)"))
2025-10-17 11:02:14,638 - ERROR - ETL job failed: HTTPSConnectionPool(host='covid.ourworldindata.org', port=443): Max retries exceeded with url: /data/owid-covid-data.csv (Caused by NameResolutionError("<urllib3.connection.HTTPSConnection object at 0x0000020FE13BF110>: Failed to resolve 'covid.ourworldindata.org' ([Errno 11001] getaddrinfo failed)"))
Traceback (most recent call last):
  File "C:\Users\aman9\etl_pipeline\Lib\site-packages\urllib3\connection.py", line 198, in _new_conn
    sock = connection.create_connection(
           ^^^^^^^^^^^^^^^^^^^^^^^^^^^^^
  File "C:\Users\aman9\etl_pipeline\Lib\site-packages\urllib3\util\connection.py", line 60, in create_connection
    for res in socket.getaddrinfo(host, port, family, socket.SOCK_STREAM):
               ^^^^^^^^^^^^^^^^^^^^^^^^^^^^^^^^^^^^^^^^^^^^^^^^^^^^^^^^^^
  File "C:\Python312\Lib\socket.py", line 963, in getaddrinfo
    for res in _socket.getaddrinfo(host, port, family, type, proto, flags):
               ^^^^^^^^^^^^^^^^^^^^^^^^^^^^^^^^^^^^^^^^^^^^^^^^^^^^^^^^^^^
socket.gaierror: [Errno 11001] getaddrinfo failed

The above exception was the direct cause of the following exception:

Traceback (most recent call last):
  File "C:\Users\aman9\etl_pipeline\Lib\site-packages\urllib3\connectionpool.py", line 787, in urlopen
    response = self._make_request(
               ^^^^^^^^^^^^^^^^^^^
  File "C:\Users\aman9\etl_pipeline\Lib\site-packages\urllib3\connectionpool.py", line 488, in _make_request
    raise new_e
  File "C:\Users\aman9\etl_pipeline\Lib\site-packages\urllib3\connectionpool.py", line 464, in _make_request
    self._validate_conn(conn)
  File "C:\Users\aman9\etl_pipeline\Lib\site-packages\urllib3\connectionpool.py", line 1093, in _validate_conn
    conn.connect()
  File "C:\Users\aman9\etl_pipeline\Lib\site-packages\urllib3\connection.py", line 753, in connect
    self.sock = sock = self._new_conn()
                       ^^^^^^^^^^^^^^^^
  File "C:\Users\aman9\etl_pipeline\Lib\site-packages\urllib3\connection.py", line 205, in _new_conn
    raise NameResolutionError(self.host, self, e) from e
urllib3.exceptions.NameResolutionError: <urllib3.connection.HTTPSConnection object at 0x0000020FE13BF110>: Failed to resolve 'covid.ourworldindata.org' ([Errno 11001] getaddrinfo failed)

The above exception was the direct cause of the following exception:

Traceback (most recent call last):
  File "C:\Users\aman9\etl_pipeline\Lib\site-packages\requests\adapters.py", line 644, in send
    resp = conn.urlopen(
           ^^^^^^^^^^^^^
  File "C:\Users\aman9\etl_pipeline\Lib\site-packages\urllib3\connectionpool.py", line 841, in urlopen
    retries = retries.increment(
              ^^^^^^^^^^^^^^^^^^
  File "C:\Users\aman9\etl_pipeline\Lib\site-packages\urllib3\util\retry.py", line 519, in increment
    raise MaxRetryError(_pool, url, reason) from reason  # type: ignore[arg-type]
    ^^^^^^^^^^^^^^^^^^^^^^^^^^^^^^^^^^^^^^^^^^^^^^^^^^^
urllib3.exceptions.MaxRetryError: HTTPSConnectionPool(host='covid.ourworldindata.org', port=443): Max retries exceeded with url: /data/owid-covid-data.csv (Caused by NameResolutionError("<urllib3.connection.HTTPSConnection object at 0x0000020FE13BF110>: Failed to resolve 'covid.ourworldindata.org' ([Errno 11001] getaddrinfo failed)"))

During handling of the above exception, another exception occurred:

Traceback (most recent call last):
  File "C:\Users\aman9\etl_pipeline\main.py", line 17, in main
    df_raw = extract_csv_from_url(args.source)
             ^^^^^^^^^^^^^^^^^^^^^^^^^^^^^^^^^
  File "C:\Users\aman9\etl_pipeline\etl\extract.py", line 19, in extract_csv_from_url
    response = requests.get(source, timeout=30, stream=True)
               ^^^^^^^^^^^^^^^^^^^^^^^^^^^^^^^^^^^^^^^^^^^^^
  File "C:\Users\aman9\etl_pipeline\Lib\site-packages\requests\api.py", line 73, in get
    return request("get", url, params=params, **kwargs)
           ^^^^^^^^^^^^^^^^^^^^^^^^^^^^^^^^^^^^^^^^^^^^
  File "C:\Users\aman9\etl_pipeline\Lib\site-packages\requests\api.py", line 59, in request
    return session.request(method=method, url=url, **kwargs)
           ^^^^^^^^^^^^^^^^^^^^^^^^^^^^^^^^^^^^^^^^^^^^^^^^^
  File "C:\Users\aman9\etl_pipeline\Lib\site-packages\requests\sessions.py", line 589, in request
    resp = self.send(prep, **send_kwargs)
           ^^^^^^^^^^^^^^^^^^^^^^^^^^^^^^
  File "C:\Users\aman9\etl_pipeline\Lib\site-packages\requests\sessions.py", line 703, in send
    r = adapter.send(request, **kwargs)
        ^^^^^^^^^^^^^^^^^^^^^^^^^^^^^^^
  File "C:\Users\aman9\etl_pipeline\Lib\site-packages\requests\adapters.py", line 677, in send
    raise ConnectionError(e, request=request)
requests.exceptions.ConnectionError: HTTPSConnectionPool(host='covid.ourworldindata.org', port=443): Max retries exceeded with url: /data/owid-covid-data.csv (Caused by NameResolutionError("<urllib3.connection.HTTPSConnection object at 0x0000020FE13BF110>: Failed to resolve 'covid.ourworldindata.org' ([Errno 11001] getaddrinfo failed)"))
2025-10-17 11:02:55,037 - INFO - ETL job Started
2025-10-17 11:02:55,038 - INFO - Downloading CSV from URL: https://raw.githubusercontent.com/cs109/2014_data/master/countries.csv
2025-10-17 11:02:56,124 - INFO - Download completed, loading into DataFrame
2025-10-17 11:02:56,147 - INFO - Extracted 194 rows, loading into test_table
2025-10-17 11:02:56,964 - INFO - Inserted 194 rows into table 'test_table'
2025-10-17 11:02:56,964 - INFO - ETL job completed Successfully
2025-10-17 11:06:10,971 - INFO - ETL job Started
2025-10-17 11:06:10,971 - INFO - Downloading CSV from URL: https://raw.githubusercontent.com/cs109/2014_data/master/countries.csv
2025-10-17 11:06:11,654 - INFO - Download completed, loading into DataFrame
2025-10-17 11:06:11,672 - INFO - Extracted 194 rows, loading into test_table
2025-10-17 11:06:11,877 - INFO - Inserted 194 rows into table 'test_table'
2025-10-17 11:06:11,877 - INFO - ETL job completed Successfully
2025-10-17 11:08:03,371 - INFO - ETL job Started
2025-10-17 11:08:03,371 - INFO - Downloading CSV from URL: https://raw.githubusercontent.com/cs109/2014_data/master/countries.csv
2025-10-17 11:08:04,472 - INFO - Download completed, loading into DataFrame
2025-10-17 11:08:04,493 - INFO - Extracted 194 rows, loading into etl_data
2025-10-17 11:08:04,756 - INFO - Inserted 194 rows into table 'etl_data'
2025-10-17 11:08:04,757 - INFO - ETL job completed Successfully
2025-10-17 11:12:26,136 - INFO - ETL started with source: https://raw.githubusercontent.com/cs109/2014_data/master/countries.csv | table: etl_data
2025-10-17 11:12:26,136 - INFO - Downloading data from https://raw.githubusercontent.com/cs109/2014_data/master/countries.csv
2025-10-17 11:12:26,880 - INFO - Downloaded 194 rows, 2 columns
2025-10-17 11:12:26,882 - INFO - Cleaning data...
2025-10-17 11:12:26,887 - INFO - Cleaned data: 194 rows, 2 columns
2025-10-17 11:12:26,887 - INFO - Loading data into table: etl_data
2025-10-17 11:12:27,081 - INFO - Data loaded successfully!
2025-10-17 11:12:27,081 - INFO - ETL job completed successfully!
2025-10-17 11:14:10,699 - INFO - ETL started with source: https://raw.githubusercontent.com/cs109/2014_data/master/countries.csv | table: etl_data
2025-10-17 11:14:10,699 - INFO - Downloading data from https://raw.githubusercontent.com/cs109/2014_data/master/countries.csv
2025-10-17 11:14:11,710 - INFO - Downloaded 194 rows, 2 columns
2025-10-17 11:14:11,711 - INFO - Cleaning data...
2025-10-17 11:14:11,717 - INFO - Cleaned data: 194 rows, 2 columns
2025-10-17 11:14:11,717 - INFO - Loading data into table: etl_data
2025-10-17 11:14:11,890 - INFO - Data loaded successfully!
2025-10-17 11:14:11,890 - INFO - ETL job completed successfully!
2025-10-17 11:15:32,077 - INFO - ETL started with source: https://raw.githubusercontent.com/cs109/2014_data/master/countries.csv | table: etl_data
2025-10-17 11:15:32,078 - INFO - Downloading data from https://raw.githubusercontent.com/cs109/2014_data/master/countries.csv
2025-10-17 11:15:32,721 - INFO - Downloaded 194 rows, 2 columns
2025-10-17 11:15:32,722 - INFO - Cleaning data...
2025-10-17 11:15:32,724 - INFO - Cleaned data: 194 rows, 2 columns
2025-10-17 11:15:32,724 - INFO - Loading data into table: etl_data
2025-10-17 11:15:32,838 - INFO - Data loaded successfully!
2025-10-17 11:15:32,838 - INFO - ETL job completed successfully!
2025-10-17 11:15:57,719 - INFO - ETL started with source: https://raw.githubusercontent.com/cs109/2014_data/master/countries.csv | table: etl_data
2025-10-17 11:15:57,719 - INFO - Downloading data from https://raw.githubusercontent.com/cs109/2014_data/master/countries.csv
2025-10-17 11:15:58,368 - INFO - Downloaded 194 rows, 2 columns
2025-10-17 11:15:58,369 - INFO - Cleaning data...
2025-10-17 11:15:58,370 - INFO - Cleaned data: 194 rows, 2 columns
2025-10-17 11:15:58,370 - INFO - Loading data into table: etl_data
2025-10-17 11:15:58,490 - INFO - Data loaded successfully!
2025-10-17 11:15:58,490 - INFO - ETL job completed successfully!
2025-10-17 11:17:09,545 - INFO - ETL started with source: https://raw.githubusercontent.com/cs109/2014_data/master/countries.csv | table: test_table
2025-10-17 11:17:09,546 - INFO - Downloading data from https://raw.githubusercontent.com/cs109/2014_data/master/countries.csv
2025-10-17 11:17:10,220 - INFO - Downloaded 194 rows, 2 columns
2025-10-17 11:17:10,222 - INFO - Cleaning data...
2025-10-17 11:17:10,227 - INFO - Cleaned data: 194 rows, 2 columns
2025-10-17 11:17:10,228 - INFO - Loading data into table: test_table
2025-10-17 11:17:10,403 - INFO - Data loaded successfully!
2025-10-17 11:17:10,403 - INFO - ETL job completed successfully!
2025-10-17 11:38:53,172 - INFO - ETL started with source: https://raw.githubusercontent.com/cs109/2014_data/master/countries.csv | table: test_table
2025-10-17 11:38:53,174 - INFO - Downloading data from https://raw.githubusercontent.com/cs109/2014_data/master/countries.csv
2025-10-17 11:38:54,201 - INFO - Downloaded 194 rows, 2 columns
2025-10-17 11:38:54,203 - INFO - Cleaning data...
2025-10-17 11:38:54,208 - INFO - Cleaned data: 194 rows, 2 columns
2025-10-17 11:38:54,208 - INFO - Loading data into table: test_table
2025-10-17 11:38:54,516 - INFO - Data loaded successfully!
2025-10-17 11:38:54,516 - INFO - ETL job completed successfully!
2025-10-17 11:54:22,826 - INFO - ETL started with source: https://raw.githubusercontent.com/cs109/2014_data/master/countries.csv | table: etl_data
2025-10-17 11:54:22,827 - INFO - Downloading data from https://raw.githubusercontent.com/cs109/2014_data/master/countries.csv
2025-10-17 11:54:23,868 - INFO - Downloaded 194 rows, 2 columns
2025-10-17 11:54:23,870 - INFO - Cleaning data...
2025-10-17 11:54:23,876 - INFO - Cleaned data: 194 rows, 2 columns
2025-10-17 11:54:23,876 - INFO - Loading data into table: etl_data
2025-10-17 11:54:24,078 - INFO - Data loaded successfully!
2025-10-17 11:54:24,078 - INFO - ETL job completed successfully!
2025-10-17 11:56:52,465 - INFO - ETL started with source: https://raw.githubusercontent.com/cs109/2014_data/master/countries.csv | table: etl_data
2025-10-17 11:56:52,465 - INFO - Downloading data from https://raw.githubusercontent.com/cs109/2014_data/master/countries.csv
2025-10-17 11:56:53,102 - INFO - Downloaded 194 rows, 2 columns
2025-10-17 11:56:53,104 - INFO - Cleaning data...
2025-10-17 11:56:53,106 - INFO - Cleaned data: 194 rows, 2 columns
2025-10-17 11:56:53,106 - INFO - Loading data into table: etl_data
2025-10-17 11:56:53,234 - INFO - Data loaded successfully!
2025-10-17 11:56:53,234 - INFO - ETL job completed successfully!
2025-10-17 13:02:27,578 - INFO - ETL started with source: https://people.sc.fsu.edu/~jburkardt/data/csv/airtravel.csv | table: test_table
2025-10-17 13:02:27,580 - INFO - Downloading data from https://people.sc.fsu.edu/~jburkardt/data/csv/airtravel.csv
2025-10-17 13:02:48,733 - ERROR - Failed to download CSV: HTTPSConnectionPool(host='people.sc.fsu.edu', port=443): Max retries exceeded with url: /~jburkardt/data/csv/airtravel.csv (Caused by ConnectTimeoutError(<urllib3.connection.HTTPSConnection object at 0x0000021663FE7BC0>, 'Connection to people.sc.fsu.edu timed out. (connect timeout=30)'))
Traceback (most recent call last):
  File "C:\Users\aman9\etl_pipeline\Lib\site-packages\urllib3\connection.py", line 198, in _new_conn
    sock = connection.create_connection(
           ^^^^^^^^^^^^^^^^^^^^^^^^^^^^^
  File "C:\Users\aman9\etl_pipeline\Lib\site-packages\urllib3\util\connection.py", line 85, in create_connection
    raise err
  File "C:\Users\aman9\etl_pipeline\Lib\site-packages\urllib3\util\connection.py", line 73, in create_connection
    sock.connect(sa)
TimeoutError: [WinError 10060] A connection attempt failed because the connected party did not properly respond after a period of time, or established connection failed because connected host has failed to respond

The above exception was the direct cause of the following exception:

Traceback (most recent call last):
  File "C:\Users\aman9\etl_pipeline\Lib\site-packages\urllib3\connectionpool.py", line 787, in urlopen
    response = self._make_request(
               ^^^^^^^^^^^^^^^^^^^
  File "C:\Users\aman9\etl_pipeline\Lib\site-packages\urllib3\connectionpool.py", line 488, in _make_request
    raise new_e
  File "C:\Users\aman9\etl_pipeline\Lib\site-packages\urllib3\connectionpool.py", line 464, in _make_request
    self._validate_conn(conn)
  File "C:\Users\aman9\etl_pipeline\Lib\site-packages\urllib3\connectionpool.py", line 1093, in _validate_conn
    conn.connect()
  File "C:\Users\aman9\etl_pipeline\Lib\site-packages\urllib3\connection.py", line 753, in connect
    self.sock = sock = self._new_conn()
                       ^^^^^^^^^^^^^^^^
  File "C:\Users\aman9\etl_pipeline\Lib\site-packages\urllib3\connection.py", line 207, in _new_conn
    raise ConnectTimeoutError(
urllib3.exceptions.ConnectTimeoutError: (<urllib3.connection.HTTPSConnection object at 0x0000021663FE7BC0>, 'Connection to people.sc.fsu.edu timed out. (connect timeout=30)')

The above exception was the direct cause of the following exception:

Traceback (most recent call last):
  File "C:\Users\aman9\etl_pipeline\Lib\site-packages\requests\adapters.py", line 644, in send
    resp = conn.urlopen(
           ^^^^^^^^^^^^^
  File "C:\Users\aman9\etl_pipeline\Lib\site-packages\urllib3\connectionpool.py", line 841, in urlopen
    retries = retries.increment(
              ^^^^^^^^^^^^^^^^^^
  File "C:\Users\aman9\etl_pipeline\Lib\site-packages\urllib3\util\retry.py", line 519, in increment
    raise MaxRetryError(_pool, url, reason) from reason  # type: ignore[arg-type]
    ^^^^^^^^^^^^^^^^^^^^^^^^^^^^^^^^^^^^^^^^^^^^^^^^^^^
urllib3.exceptions.MaxRetryError: HTTPSConnectionPool(host='people.sc.fsu.edu', port=443): Max retries exceeded with url: /~jburkardt/data/csv/airtravel.csv (Caused by ConnectTimeoutError(<urllib3.connection.HTTPSConnection object at 0x0000021663FE7BC0>, 'Connection to people.sc.fsu.edu timed out. (connect timeout=30)'))

During handling of the above exception, another exception occurred:

Traceback (most recent call last):
  File "C:\Users\aman9\etl_pipeline\etl\extract.py", line 9, in extract_csv_from_url
    response = requests.get(url, timeout=30)
               ^^^^^^^^^^^^^^^^^^^^^^^^^^^^^
  File "C:\Users\aman9\etl_pipeline\Lib\site-packages\requests\api.py", line 73, in get
    return request("get", url, params=params, **kwargs)
           ^^^^^^^^^^^^^^^^^^^^^^^^^^^^^^^^^^^^^^^^^^^^
  File "C:\Users\aman9\etl_pipeline\Lib\site-packages\requests\api.py", line 59, in request
    return session.request(method=method, url=url, **kwargs)
           ^^^^^^^^^^^^^^^^^^^^^^^^^^^^^^^^^^^^^^^^^^^^^^^^^
  File "C:\Users\aman9\etl_pipeline\Lib\site-packages\requests\sessions.py", line 589, in request
    resp = self.send(prep, **send_kwargs)
           ^^^^^^^^^^^^^^^^^^^^^^^^^^^^^^
  File "C:\Users\aman9\etl_pipeline\Lib\site-packages\requests\sessions.py", line 703, in send
    r = adapter.send(request, **kwargs)
        ^^^^^^^^^^^^^^^^^^^^^^^^^^^^^^^
  File "C:\Users\aman9\etl_pipeline\Lib\site-packages\requests\adapters.py", line 665, in send
    raise ConnectTimeout(e, request=request)
requests.exceptions.ConnectTimeout: HTTPSConnectionPool(host='people.sc.fsu.edu', port=443): Max retries exceeded with url: /~jburkardt/data/csv/airtravel.csv (Caused by ConnectTimeoutError(<urllib3.connection.HTTPSConnection object at 0x0000021663FE7BC0>, 'Connection to people.sc.fsu.edu timed out. (connect timeout=30)'))
2025-10-17 13:02:48,748 - ERROR - ETL job failed: HTTPSConnectionPool(host='people.sc.fsu.edu', port=443): Max retries exceeded with url: /~jburkardt/data/csv/airtravel.csv (Caused by ConnectTimeoutError(<urllib3.connection.HTTPSConnection object at 0x0000021663FE7BC0>, 'Connection to people.sc.fsu.edu timed out. (connect timeout=30)'))
Traceback (most recent call last):
  File "C:\Users\aman9\etl_pipeline\Lib\site-packages\urllib3\connection.py", line 198, in _new_conn
    sock = connection.create_connection(
           ^^^^^^^^^^^^^^^^^^^^^^^^^^^^^
  File "C:\Users\aman9\etl_pipeline\Lib\site-packages\urllib3\util\connection.py", line 85, in create_connection
    raise err
  File "C:\Users\aman9\etl_pipeline\Lib\site-packages\urllib3\util\connection.py", line 73, in create_connection
    sock.connect(sa)
TimeoutError: [WinError 10060] A connection attempt failed because the connected party did not properly respond after a period of time, or established connection failed because connected host has failed to respond

The above exception was the direct cause of the following exception:

Traceback (most recent call last):
  File "C:\Users\aman9\etl_pipeline\Lib\site-packages\urllib3\connectionpool.py", line 787, in urlopen
    response = self._make_request(
               ^^^^^^^^^^^^^^^^^^^
  File "C:\Users\aman9\etl_pipeline\Lib\site-packages\urllib3\connectionpool.py", line 488, in _make_request
    raise new_e
  File "C:\Users\aman9\etl_pipeline\Lib\site-packages\urllib3\connectionpool.py", line 464, in _make_request
    self._validate_conn(conn)
  File "C:\Users\aman9\etl_pipeline\Lib\site-packages\urllib3\connectionpool.py", line 1093, in _validate_conn
    conn.connect()
  File "C:\Users\aman9\etl_pipeline\Lib\site-packages\urllib3\connection.py", line 753, in connect
    self.sock = sock = self._new_conn()
                       ^^^^^^^^^^^^^^^^
  File "C:\Users\aman9\etl_pipeline\Lib\site-packages\urllib3\connection.py", line 207, in _new_conn
    raise ConnectTimeoutError(
urllib3.exceptions.ConnectTimeoutError: (<urllib3.connection.HTTPSConnection object at 0x0000021663FE7BC0>, 'Connection to people.sc.fsu.edu timed out. (connect timeout=30)')

The above exception was the direct cause of the following exception:

Traceback (most recent call last):
  File "C:\Users\aman9\etl_pipeline\Lib\site-packages\requests\adapters.py", line 644, in send
    resp = conn.urlopen(
           ^^^^^^^^^^^^^
  File "C:\Users\aman9\etl_pipeline\Lib\site-packages\urllib3\connectionpool.py", line 841, in urlopen
    retries = retries.increment(
              ^^^^^^^^^^^^^^^^^^
  File "C:\Users\aman9\etl_pipeline\Lib\site-packages\urllib3\util\retry.py", line 519, in increment
    raise MaxRetryError(_pool, url, reason) from reason  # type: ignore[arg-type]
    ^^^^^^^^^^^^^^^^^^^^^^^^^^^^^^^^^^^^^^^^^^^^^^^^^^^
urllib3.exceptions.MaxRetryError: HTTPSConnectionPool(host='people.sc.fsu.edu', port=443): Max retries exceeded with url: /~jburkardt/data/csv/airtravel.csv (Caused by ConnectTimeoutError(<urllib3.connection.HTTPSConnection object at 0x0000021663FE7BC0>, 'Connection to people.sc.fsu.edu timed out. (connect timeout=30)'))

During handling of the above exception, another exception occurred:

Traceback (most recent call last):
  File "C:\Users\aman9\etl_pipeline\main.py", line 29, in main
    df_raw = extract_csv_from_url(source)
             ^^^^^^^^^^^^^^^^^^^^^^^^^^^^
  File "C:\Users\aman9\etl_pipeline\etl\extract.py", line 9, in extract_csv_from_url
    response = requests.get(url, timeout=30)
               ^^^^^^^^^^^^^^^^^^^^^^^^^^^^^
  File "C:\Users\aman9\etl_pipeline\Lib\site-packages\requests\api.py", line 73, in get
    return request("get", url, params=params, **kwargs)
           ^^^^^^^^^^^^^^^^^^^^^^^^^^^^^^^^^^^^^^^^^^^^
  File "C:\Users\aman9\etl_pipeline\Lib\site-packages\requests\api.py", line 59, in request
    return session.request(method=method, url=url, **kwargs)
           ^^^^^^^^^^^^^^^^^^^^^^^^^^^^^^^^^^^^^^^^^^^^^^^^^
  File "C:\Users\aman9\etl_pipeline\Lib\site-packages\requests\sessions.py", line 589, in request
    resp = self.send(prep, **send_kwargs)
           ^^^^^^^^^^^^^^^^^^^^^^^^^^^^^^
  File "C:\Users\aman9\etl_pipeline\Lib\site-packages\requests\sessions.py", line 703, in send
    r = adapter.send(request, **kwargs)
        ^^^^^^^^^^^^^^^^^^^^^^^^^^^^^^^
  File "C:\Users\aman9\etl_pipeline\Lib\site-packages\requests\adapters.py", line 665, in send
    raise ConnectTimeout(e, request=request)
requests.exceptions.ConnectTimeout: HTTPSConnectionPool(host='people.sc.fsu.edu', port=443): Max retries exceeded with url: /~jburkardt/data/csv/airtravel.csv (Caused by ConnectTimeoutError(<urllib3.connection.HTTPSConnection object at 0x0000021663FE7BC0>, 'Connection to people.sc.fsu.edu timed out. (connect timeout=30)'))
2025-10-17 16:22:41,336 - INFO - ETL started with source: https://people.sc.fsu.edu/~jburkardt/data/csv/airtravel.csv | table: etl_data
2025-10-17 16:22:41,338 - INFO - Downloading data from https://people.sc.fsu.edu/~jburkardt/data/csv/airtravel.csv
2025-10-17 16:23:02,375 - ERROR - Failed to download CSV: HTTPSConnectionPool(host='people.sc.fsu.edu', port=443): Max retries exceeded with url: /~jburkardt/data/csv/airtravel.csv (Caused by ConnectTimeoutError(<urllib3.connection.HTTPSConnection object at 0x000002136B31F320>, 'Connection to people.sc.fsu.edu timed out. (connect timeout=30)'))
Traceback (most recent call last):
  File "C:\Users\aman9\etl_pipeline\Lib\site-packages\urllib3\connection.py", line 198, in _new_conn
    sock = connection.create_connection(
           ^^^^^^^^^^^^^^^^^^^^^^^^^^^^^
  File "C:\Users\aman9\etl_pipeline\Lib\site-packages\urllib3\util\connection.py", line 85, in create_connection
    raise err
  File "C:\Users\aman9\etl_pipeline\Lib\site-packages\urllib3\util\connection.py", line 73, in create_connection
    sock.connect(sa)
TimeoutError: [WinError 10060] A connection attempt failed because the connected party did not properly respond after a period of time, or established connection failed because connected host has failed to respond

The above exception was the direct cause of the following exception:

Traceback (most recent call last):
  File "C:\Users\aman9\etl_pipeline\Lib\site-packages\urllib3\connectionpool.py", line 787, in urlopen
    response = self._make_request(
               ^^^^^^^^^^^^^^^^^^^
  File "C:\Users\aman9\etl_pipeline\Lib\site-packages\urllib3\connectionpool.py", line 488, in _make_request
    raise new_e
  File "C:\Users\aman9\etl_pipeline\Lib\site-packages\urllib3\connectionpool.py", line 464, in _make_request
    self._validate_conn(conn)
  File "C:\Users\aman9\etl_pipeline\Lib\site-packages\urllib3\connectionpool.py", line 1093, in _validate_conn
    conn.connect()
  File "C:\Users\aman9\etl_pipeline\Lib\site-packages\urllib3\connection.py", line 753, in connect
    self.sock = sock = self._new_conn()
                       ^^^^^^^^^^^^^^^^
  File "C:\Users\aman9\etl_pipeline\Lib\site-packages\urllib3\connection.py", line 207, in _new_conn
    raise ConnectTimeoutError(
urllib3.exceptions.ConnectTimeoutError: (<urllib3.connection.HTTPSConnection object at 0x000002136B31F320>, 'Connection to people.sc.fsu.edu timed out. (connect timeout=30)')

The above exception was the direct cause of the following exception:

Traceback (most recent call last):
  File "C:\Users\aman9\etl_pipeline\Lib\site-packages\requests\adapters.py", line 644, in send
    resp = conn.urlopen(
           ^^^^^^^^^^^^^
  File "C:\Users\aman9\etl_pipeline\Lib\site-packages\urllib3\connectionpool.py", line 841, in urlopen
    retries = retries.increment(
              ^^^^^^^^^^^^^^^^^^
  File "C:\Users\aman9\etl_pipeline\Lib\site-packages\urllib3\util\retry.py", line 519, in increment
    raise MaxRetryError(_pool, url, reason) from reason  # type: ignore[arg-type]
    ^^^^^^^^^^^^^^^^^^^^^^^^^^^^^^^^^^^^^^^^^^^^^^^^^^^
urllib3.exceptions.MaxRetryError: HTTPSConnectionPool(host='people.sc.fsu.edu', port=443): Max retries exceeded with url: /~jburkardt/data/csv/airtravel.csv (Caused by ConnectTimeoutError(<urllib3.connection.HTTPSConnection object at 0x000002136B31F320>, 'Connection to people.sc.fsu.edu timed out. (connect timeout=30)'))

During handling of the above exception, another exception occurred:

Traceback (most recent call last):
  File "C:\Users\aman9\etl_pipeline\etl\extract.py", line 9, in extract_csv_from_url
    response = requests.get(url, timeout=30)
               ^^^^^^^^^^^^^^^^^^^^^^^^^^^^^
  File "C:\Users\aman9\etl_pipeline\Lib\site-packages\requests\api.py", line 73, in get
    return request("get", url, params=params, **kwargs)
           ^^^^^^^^^^^^^^^^^^^^^^^^^^^^^^^^^^^^^^^^^^^^
  File "C:\Users\aman9\etl_pipeline\Lib\site-packages\requests\api.py", line 59, in request
    return session.request(method=method, url=url, **kwargs)
           ^^^^^^^^^^^^^^^^^^^^^^^^^^^^^^^^^^^^^^^^^^^^^^^^^
  File "C:\Users\aman9\etl_pipeline\Lib\site-packages\requests\sessions.py", line 589, in request
    resp = self.send(prep, **send_kwargs)
           ^^^^^^^^^^^^^^^^^^^^^^^^^^^^^^
  File "C:\Users\aman9\etl_pipeline\Lib\site-packages\requests\sessions.py", line 703, in send
    r = adapter.send(request, **kwargs)
        ^^^^^^^^^^^^^^^^^^^^^^^^^^^^^^^
  File "C:\Users\aman9\etl_pipeline\Lib\site-packages\requests\adapters.py", line 665, in send
    raise ConnectTimeout(e, request=request)
requests.exceptions.ConnectTimeout: HTTPSConnectionPool(host='people.sc.fsu.edu', port=443): Max retries exceeded with url: /~jburkardt/data/csv/airtravel.csv (Caused by ConnectTimeoutError(<urllib3.connection.HTTPSConnection object at 0x000002136B31F320>, 'Connection to people.sc.fsu.edu timed out. (connect timeout=30)'))
2025-10-17 16:23:02,388 - ERROR - ETL job failed: HTTPSConnectionPool(host='people.sc.fsu.edu', port=443): Max retries exceeded with url: /~jburkardt/data/csv/airtravel.csv (Caused by ConnectTimeoutError(<urllib3.connection.HTTPSConnection object at 0x000002136B31F320>, 'Connection to people.sc.fsu.edu timed out. (connect timeout=30)'))
Traceback (most recent call last):
  File "C:\Users\aman9\etl_pipeline\Lib\site-packages\urllib3\connection.py", line 198, in _new_conn
    sock = connection.create_connection(
           ^^^^^^^^^^^^^^^^^^^^^^^^^^^^^
  File "C:\Users\aman9\etl_pipeline\Lib\site-packages\urllib3\util\connection.py", line 85, in create_connection
    raise err
  File "C:\Users\aman9\etl_pipeline\Lib\site-packages\urllib3\util\connection.py", line 73, in create_connection
    sock.connect(sa)
TimeoutError: [WinError 10060] A connection attempt failed because the connected party did not properly respond after a period of time, or established connection failed because connected host has failed to respond

The above exception was the direct cause of the following exception:

Traceback (most recent call last):
  File "C:\Users\aman9\etl_pipeline\Lib\site-packages\urllib3\connectionpool.py", line 787, in urlopen
    response = self._make_request(
               ^^^^^^^^^^^^^^^^^^^
  File "C:\Users\aman9\etl_pipeline\Lib\site-packages\urllib3\connectionpool.py", line 488, in _make_request
    raise new_e
  File "C:\Users\aman9\etl_pipeline\Lib\site-packages\urllib3\connectionpool.py", line 464, in _make_request
    self._validate_conn(conn)
  File "C:\Users\aman9\etl_pipeline\Lib\site-packages\urllib3\connectionpool.py", line 1093, in _validate_conn
    conn.connect()
  File "C:\Users\aman9\etl_pipeline\Lib\site-packages\urllib3\connection.py", line 753, in connect
    self.sock = sock = self._new_conn()
                       ^^^^^^^^^^^^^^^^
  File "C:\Users\aman9\etl_pipeline\Lib\site-packages\urllib3\connection.py", line 207, in _new_conn
    raise ConnectTimeoutError(
urllib3.exceptions.ConnectTimeoutError: (<urllib3.connection.HTTPSConnection object at 0x000002136B31F320>, 'Connection to people.sc.fsu.edu timed out. (connect timeout=30)')

The above exception was the direct cause of the following exception:

Traceback (most recent call last):
  File "C:\Users\aman9\etl_pipeline\Lib\site-packages\requests\adapters.py", line 644, in send
    resp = conn.urlopen(
           ^^^^^^^^^^^^^
  File "C:\Users\aman9\etl_pipeline\Lib\site-packages\urllib3\connectionpool.py", line 841, in urlopen
    retries = retries.increment(
              ^^^^^^^^^^^^^^^^^^
  File "C:\Users\aman9\etl_pipeline\Lib\site-packages\urllib3\util\retry.py", line 519, in increment
    raise MaxRetryError(_pool, url, reason) from reason  # type: ignore[arg-type]
    ^^^^^^^^^^^^^^^^^^^^^^^^^^^^^^^^^^^^^^^^^^^^^^^^^^^
urllib3.exceptions.MaxRetryError: HTTPSConnectionPool(host='people.sc.fsu.edu', port=443): Max retries exceeded with url: /~jburkardt/data/csv/airtravel.csv (Caused by ConnectTimeoutError(<urllib3.connection.HTTPSConnection object at 0x000002136B31F320>, 'Connection to people.sc.fsu.edu timed out. (connect timeout=30)'))

During handling of the above exception, another exception occurred:

Traceback (most recent call last):
  File "C:\Users\aman9\etl_pipeline\main.py", line 29, in main
    df_raw = extract_csv_from_url(source)
             ^^^^^^^^^^^^^^^^^^^^^^^^^^^^
  File "C:\Users\aman9\etl_pipeline\etl\extract.py", line 9, in extract_csv_from_url
    response = requests.get(url, timeout=30)
               ^^^^^^^^^^^^^^^^^^^^^^^^^^^^^
  File "C:\Users\aman9\etl_pipeline\Lib\site-packages\requests\api.py", line 73, in get
    return request("get", url, params=params, **kwargs)
           ^^^^^^^^^^^^^^^^^^^^^^^^^^^^^^^^^^^^^^^^^^^^
  File "C:\Users\aman9\etl_pipeline\Lib\site-packages\requests\api.py", line 59, in request
    return session.request(method=method, url=url, **kwargs)
           ^^^^^^^^^^^^^^^^^^^^^^^^^^^^^^^^^^^^^^^^^^^^^^^^^
  File "C:\Users\aman9\etl_pipeline\Lib\site-packages\requests\sessions.py", line 589, in request
    resp = self.send(prep, **send_kwargs)
           ^^^^^^^^^^^^^^^^^^^^^^^^^^^^^^
  File "C:\Users\aman9\etl_pipeline\Lib\site-packages\requests\sessions.py", line 703, in send
    r = adapter.send(request, **kwargs)
        ^^^^^^^^^^^^^^^^^^^^^^^^^^^^^^^
  File "C:\Users\aman9\etl_pipeline\Lib\site-packages\requests\adapters.py", line 665, in send
    raise ConnectTimeout(e, request=request)
requests.exceptions.ConnectTimeout: HTTPSConnectionPool(host='people.sc.fsu.edu', port=443): Max retries exceeded with url: /~jburkardt/data/csv/airtravel.csv (Caused by ConnectTimeoutError(<urllib3.connection.HTTPSConnection object at 0x000002136B31F320>, 'Connection to people.sc.fsu.edu timed out. (connect timeout=30)'))
2025-10-17 16:25:01,615 - INFO - ETL started with source: https://archive.ics.uci.edu/ml/machine-learning-databases/wine-quality/winequality-red.csv | table: etl_data
2025-10-17 16:25:01,616 - INFO - Downloading data from https://archive.ics.uci.edu/ml/machine-learning-databases/wine-quality/winequality-red.csv
2025-10-17 16:25:04,174 - INFO - Downloaded 1599 rows, 1 columns
2025-10-17 16:25:04,176 - INFO - Cleaning data...
2025-10-17 16:25:04,182 - INFO - Cleaned data: 1599 rows, 1 columns
2025-10-17 16:25:04,182 - INFO - Loading data into table: etl_data
2025-10-17 16:25:04,442 - ERROR - Failed to load data into Postgres: (psycopg2.errors.UndefinedColumn) column "fixed_acidity;"volatile_acidity";"citric_acid";"residual_sugar"" of relation "etl_data" does not exist
LINE 1: INSERT INTO etl_data ("fixed_acidity;""volatile_acidity"";""...
                              ^

[SQL: INSERT INTO etl_data ("fixed_acidity;""volatile_acidity"";""citric_acid"";""residual_sugar"";""chlorides"";""free_sulfur_dioxide"";""total_sulfur_dioxide"";""density"";""ph"";""sulphates"";""alcohol"";""quality""") VALUES (%(fixed_acidity;"volatile_a ... 179760 characters truncated ... ;"free_sulfur_dioxide";"total_sulfur_dioxide";"density";"ph";"sulphates";"alcohol";"quality"__999)s)]
[parameters: {'fixed_acidity;"volatile_acidity";"citric_acid";"residual_sugar";"chlorides";"free_sulfur_dioxide";"total_sulfur_dioxide";"density";"ph";"sulphates";"alcohol";"quality"__0': '7.4;0.7;0;1.9;0.076;11;34;0.9978;3.51;0.56;9.4;5', 'fixed_acidity;"volatile_acidity";"citric_acid";"residual_sugar";"chlorides";"free_sulfur_dioxide";"total_sulfur_dioxide";"density";"ph";"sulphates";"alcohol";"quality"__1': '7.8;0.88;0;2.6;0.098;25;67;0.9968;3.2;0.68;9.8;5', 'fixed_acidity;"volatile_acidity";"citric_acid";"residual_sugar";"chlorides";"free_sulfur_dioxide";"total_sulfur_dioxide";"density";"ph";"sulphates";"alcohol";"quality"__2': '7.8;0.76;0.04;2.3;0.092;15;54;0.997;3.26;0.65;9.8;5', 'fixed_acidity;"volatile_acidity";"citric_acid";"residual_sugar";"chlorides";"free_sulfur_dioxide";"total_sulfur_dioxide";"density";"ph";"sulphates";"alcohol";"quality"__3': '11.2;0.28;0.56;1.9;0.075;17;60;0.998;3.16;0.58;9.8;6', 'fixed_acidity;"volatile_acidity";"citric_acid";"residual_sugar";"chlorides";"free_sulfur_dioxide";"total_sulfur_dioxide";"density";"ph";"sulphates";"alcohol";"quality"__4': '7.4;0.7;0;1.9;0.076;11;34;0.9978;3.51;0.56;9.4;5', 'fixed_acidity;"volatile_acidity";"citric_acid";"residual_sugar";"chlorides";"free_sulfur_dioxide";"total_sulfur_dioxide";"density";"ph";"sulphates";"alcohol";"quality"__5': '7.4;0.66;0;1.8;0.075;13;40;0.9978;3.51;0.56;9.4;5', 'fixed_acidity;"volatile_acidity";"citric_acid";"residual_sugar";"chlorides";"free_sulfur_dioxide";"total_sulfur_dioxide";"density";"ph";"sulphates";"alcohol";"quality"__6': '7.9;0.6;0.06;1.6;0.069;15;59;0.9964;3.3;0.46;9.4;5', 'fixed_acidity;"volatile_acidity";"citric_acid";"residual_sugar";"chlorides";"free_sulfur_dioxide";"total_sulfur_dioxide";"density";"ph";"sulphates";"alcohol";"quality"__7': '7.3;0.65;0;1.2;0.065;15;21;0.9946;3.39;0.47;10;7', 'fixed_acidity;"volatile_acidity";"citric_acid";"residual_sugar";"chlorides";"free_sulfur_dioxide";"total_sulfur_dioxide";"density";"ph";"sulphates";"alcohol";"quality"__8': '7.8;0.58;0.02;2;0.073;9;18;0.9968;3.36;0.57;9.5;7', 'fixed_acidity;"volatile_acidity";"citric_acid";"residual_sugar";"chlorides";"free_sulfur_dioxide";"total_sulfur_dioxide";"density";"ph";"sulphates";"alcohol";"quality"__9': '7.5;0.5;0.36;6.1;0.071;17;102;0.9978;3.35;0.8;10.5;5', 'fixed_acidity;"volatile_acidity";"citric_acid";"residual_sugar";"chlorides";"free_sulfur_dioxide";"total_sulfur_dioxide";"density";"ph";"sulphates";"alcohol";"quality"__10': '6.7;0.58;0.08;1.8;0.097;15;65;0.9959;3.28;0.54;9.2;5', 'fixed_acidity;"volatile_acidity";"citric_acid";"residual_sugar";"chlorides";"free_sulfur_dioxide";"total_sulfur_dioxide";"density";"ph";"sulphates";"alcohol";"quality"__11': '7.5;0.5;0.36;6.1;0.071;17;102;0.9978;3.35;0.8;10.5;5', 'fixed_acidity;"volatile_acidity";"citric_acid";"residual_sugar";"chlorides";"free_sulfur_dioxide";"total_sulfur_dioxide";"density";"ph";"sulphates";"alcohol";"quality"__12': '5.6;0.615;0;1.6;0.089;16;59;0.9943;3.58;0.52;9.9;5', 'fixed_acidity;"volatile_acidity";"citric_acid";"residual_sugar";"chlorides";"free_sulfur_dioxide";"total_sulfur_dioxide";"density";"ph";"sulphates";"alcohol";"quality"__13': '7.8;0.61;0.29;1.6;0.114;9;29;0.9974;3.26;1.56;9.1;5', 'fixed_acidity;"volatile_acidity";"citric_acid";"residual_sugar";"chlorides";"free_sulfur_dioxide";"total_sulfur_dioxide";"density";"ph";"sulphates";"alcohol";"quality"__14': '8.9;0.62;0.18;3.8;0.176;52;145;0.9986;3.16;0.88;9.2;5', 'fixed_acidity;"volatile_acidity";"citric_acid";"residual_sugar";"chlorides";"free_sulfur_dioxide";"total_sulfur_dioxide";"density";"ph";"sulphates";"alcohol";"quality"__15': '8.9;0.62;0.19;3.9;0.17;51;148;0.9986;3.17;0.93;9.2;5', 'fixed_acidity;"volatile_acidity";"citric_acid";"residual_sugar";"chlorides";"free_sulfur_dioxide";"total_sulfur_dioxide";"density";"ph";"sulphates";"alcohol";"quality"__16': '8.5;0.28;0.56;1.8;0.092;35;103;0.9969;3.3;0.75;10.5;7', 'fixed_acidity;"volatile_acidity";"citric_acid";"residual_sugar";"chlorides";"free_sulfur_dioxide";"total_sulfur_dioxide";"density";"ph";"sulphates";"alcohol";"quality"__17': '8.1;0.56;0.28;1.7;0.368;16;56;0.9968;3.11;1.28;9.3;5', 'fixed_acidity;"volatile_acidity";"citric_acid";"residual_sugar";"chlorides";"free_sulfur_dioxide";"total_sulfur_dioxide";"density";"ph";"sulphates";"alcohol";"quality"__18': '7.4;0.59;0.08;4.4;0.086;6;29;0.9974;3.38;0.5;9;4', 'fixed_acidity;"volatile_acidity";"citric_acid";"residual_sugar";"chlorides";"free_sulfur_dioxide";"total_sulfur_dioxide";"density";"ph";"sulphates";"alcohol";"quality"__19': '7.9;0.32;0.51;1.8;0.341;17;56;0.9969;3.04;1.08;9.2;6', 'fixed_acidity;"volatile_acidity";"citric_acid";"residual_sugar";"chlorides";"free_sulfur_dioxide";"total_sulfur_dioxide";"density";"ph";"sulphates";"alcohol";"quality"__20': '8.9;0.22;0.48;1.8;0.077;29;60;0.9968;3.39;0.53;9.4;6', 'fixed_acidity;"volatile_acidity";"citric_acid";"residual_sugar";"chlorides";"free_sulfur_dioxide";"total_sulfur_dioxide";"density";"ph";"sulphates";"alcohol";"quality"__21': '7.6;0.39;0.31;2.3;0.082;23;71;0.9982;3.52;0.65;9.7;5', 'fixed_acidity;"volatile_acidity";"citric_acid";"residual_sugar";"chlorides";"free_sulfur_dioxide";"total_sulfur_dioxide";"density";"ph";"sulphates";"alcohol";"quality"__22': '7.9;0.43;0.21;1.6;0.106;10;37;0.9966;3.17;0.91;9.5;5', 'fixed_acidity;"volatile_acidity";"citric_acid";"residual_sugar";"chlorides";"free_sulfur_dioxide";"total_sulfur_dioxide";"density";"ph";"sulphates";"alcohol";"quality"__23': '8.5;0.49;0.11;2.3;0.084;9;67;0.9968;3.17;0.53;9.4;5', 'fixed_acidity;"volatile_acidity";"citric_acid";"residual_sugar";"chlorides";"free_sulfur_dioxide";"total_sulfur_dioxide";"density";"ph";"sulphates";"alcohol";"quality"__24': '6.9;0.4;0.14;2.4;0.085;21;40;0.9968;3.43;0.63;9.7;6', 'fixed_acidity;"volatile_acidity";"citric_acid";"residual_sugar";"chlorides";"free_sulfur_dioxide";"total_sulfur_dioxide";"density";"ph";"sulphates";"alcohol";"quality"__25': '6.3;0.39;0.16;1.4;0.08;11;23;0.9955;3.34;0.56;9.3;5', 'fixed_acidity;"volatile_acidity";"citric_acid";"residual_sugar";"chlorides";"free_sulfur_dioxide";"total_sulfur_dioxide";"density";"ph";"sulphates";"alcohol";"quality"__26': '7.6;0.41;0.24;1.8;0.08;4;11;0.9962;3.28;0.59;9.5;5', 'fixed_acidity;"volatile_acidity";"citric_acid";"residual_sugar";"chlorides";"free_sulfur_dioxide";"total_sulfur_dioxide";"density";"ph";"sulphates";"alcohol";"quality"__27': '7.9;0.43;0.21;1.6;0.106;10;37;0.9966;3.17;0.91;9.5;5', 'fixed_acidity;"volatile_acidity";"citric_acid";"residual_sugar";"chlorides";"free_sulfur_dioxide";"total_sulfur_dioxide";"density";"ph";"sulphates";"alcohol";"quality"__28': '7.1;0.71;0;1.9;0.08;14;35;0.9972;3.47;0.55;9.4;5', 'fixed_acidity;"volatile_acidity";"citric_acid";"residual_sugar";"chlorides";"free_sulfur_dioxide";"total_sulfur_dioxide";"density";"ph";"sulphates";"alcohol";"quality"__29': '7.8;0.645;0;2;0.082;8;16;0.9964;3.38;0.59;9.8;6', 'fixed_acidity;"volatile_acidity";"citric_acid";"residual_sugar";"chlorides";"free_sulfur_dioxide";"total_sulfur_dioxide";"density";"ph";"sulphates";"alcohol";"quality"__30': '6.7;0.675;0.07;2.4;0.089;17;82;0.9958;3.35;0.54;10.1;5', 'fixed_acidity;"volatile_acidity";"citric_acid";"residual_sugar";"chlorides";"free_sulfur_dioxide";"total_sulfur_dioxide";"density";"ph";"sulphates";"alcohol";"quality"__31': '6.9;0.685;0;2.5;0.105;22;37;0.9966;3.46;0.57;10.6;6', 'fixed_acidity;"volatile_acidity";"citric_acid";"residual_sugar";"chlorides";"free_sulfur_dioxide";"total_sulfur_dioxide";"density";"ph";"sulphates";"alcohol";"quality"__32': '8.3;0.655;0.12;2.3;0.083;15;113;0.9966;3.17;0.66;9.8;5', 'fixed_acidity;"volatile_acidity";"citric_acid";"residual_sugar";"chlorides";"free_sulfur_dioxide";"total_sulfur_dioxide";"density";"ph";"sulphates";"alcohol";"quality"__33': '6.9;0.605;0.12;10.7;0.073;40;83;0.9993;3.45;0.52;9.4;6', 'fixed_acidity;"volatile_acidity";"citric_acid";"residual_sugar";"chlorides";"free_sulfur_dioxide";"total_sulfur_dioxide";"density";"ph";"sulphates";"alcohol";"quality"__34': '5.2;0.32;0.25;1.8;0.103;13;50;0.9957;3.38;0.55;9.2;5', 'fixed_acidity;"volatile_acidity";"citric_acid";"residual_sugar";"chlorides";"free_sulfur_dioxide";"total_sulfur_dioxide";"density";"ph";"sulphates";"alcohol";"quality"__35': '7.8;0.645;0;5.5;0.086;5;18;0.9986;3.4;0.55;9.6;6', 'fixed_acidity;"volatile_acidity";"citric_acid";"residual_sugar";"chlorides";"free_sulfur_dioxide";"total_sulfur_dioxide";"density";"ph";"sulphates";"alcohol";"quality"__36': '7.8;0.6;0.14;2.4;0.086;3;15;0.9975;3.42;0.6;10.8;6', 'fixed_acidity;"volatile_acidity";"citric_acid";"residual_sugar";"chlorides";"free_sulfur_dioxide";"total_sulfur_dioxide";"density";"ph";"sulphates";"alcohol";"quality"__37': '8.1;0.38;0.28;2.1;0.066;13;30;0.9968;3.23;0.73;9.7;7', 'fixed_acidity;"volatile_acidity";"citric_acid";"residual_sugar";"chlorides";"free_sulfur_dioxide";"total_sulfur_dioxide";"density";"ph";"sulphates";"alcohol";"quality"__38': '5.7;1.13;0.09;1.5;0.172;7;19;0.994;3.5;0.48;9.8;4', 'fixed_acidity;"volatile_acidity";"citric_acid";"residual_sugar";"chlorides";"free_sulfur_dioxide";"total_sulfur_dioxide";"density";"ph";"sulphates";"alcohol";"quality"__39': '7.3;0.45;0.36;5.9;0.074;12;87;0.9978;3.33;0.83;10.5;5', 'fixed_acidity;"volatile_acidity";"citric_acid";"residual_sugar";"chlorides";"free_sulfur_dioxide";"total_sulfur_dioxide";"density";"ph";"sulphates";"alcohol";"quality"__40': '7.3;0.45;0.36;5.9;0.074;12;87;0.9978;3.33;0.83;10.5;5', 'fixed_acidity;"volatile_acidity";"citric_acid";"residual_sugar";"chlorides";"free_sulfur_dioxide";"total_sulfur_dioxide";"density";"ph";"sulphates";"alcohol";"quality"__41': '8.8;0.61;0.3;2.8;0.088;17;46;0.9976;3.26;0.51;9.3;4', 'fixed_acidity;"volatile_acidity";"citric_acid";"residual_sugar";"chlorides";"free_sulfur_dioxide";"total_sulfur_dioxide";"density";"ph";"sulphates";"alcohol";"quality"__42': '7.5;0.49;0.2;2.6;0.332;8;14;0.9968;3.21;0.9;10.5;6', 'fixed_acidity;"volatile_acidity";"citric_acid";"residual_sugar";"chlorides";"free_sulfur_dioxide";"total_sulfur_dioxide";"density";"ph";"sulphates";"alcohol";"quality"__43': '8.1;0.66;0.22;2.2;0.069;9;23;0.9968;3.3;1.2;10.3;5', 'fixed_acidity;"volatile_acidity";"citric_acid";"residual_sugar";"chlorides";"free_sulfur_dioxide";"total_sulfur_dioxide";"density";"ph";"sulphates";"alcohol";"quality"__44': '6.8;0.67;0.02;1.8;0.05;5;11;0.9962;3.48;0.52;9.5;5', 'fixed_acidity;"volatile_acidity";"citric_acid";"residual_sugar";"chlorides";"free_sulfur_dioxide";"total_sulfur_dioxide";"density";"ph";"sulphates";"alcohol";"quality"__45': '4.6;0.52;0.15;2.1;0.054;8;65;0.9934;3.9;0.56;13.1;4', 'fixed_acidity;"volatile_acidity";"citric_acid";"residual_sugar";"chlorides";"free_sulfur_dioxide";"total_sulfur_dioxide";"density";"ph";"sulphates";"alcohol";"quality"__46': '7.7;0.935;0.43;2.2;0.114;22;114;0.997;3.25;0.73;9.2;5', 'fixed_acidity;"volatile_acidity";"citric_acid";"residual_sugar";"chlorides";"free_sulfur_dioxide";"total_sulfur_dioxide";"density";"ph";"sulphates";"alcohol";"quality"__47': '8.7;0.29;0.52;1.6;0.113;12;37;0.9969;3.25;0.58;9.5;5', 'fixed_acidity;"volatile_acidity";"citric_acid";"residual_sugar";"chlorides";"free_sulfur_dioxide";"total_sulfur_dioxide";"density";"ph";"sulphates";"alcohol";"quality"__48': '6.4;0.4;0.23;1.6;0.066;5;12;0.9958;3.34;0.56;9.2;5', 'fixed_acidity;"volatile_acidity";"citric_acid";"residual_sugar";"chlorides";"free_sulfur_dioxide";"total_sulfur_dioxide";"density";"ph";"sulphates";"alcohol";"quality"__49': '5.6;0.31;0.37;1.4;0.074;12;96;0.9954;3.32;0.58;9.2;5' ... 900 parameters truncated ... 'fixed_acidity;"volatile_acidity";"citric_acid";"residual_sugar";"chlorides";"free_sulfur_dioxide";"total_sulfur_dioxide";"density";"ph";"sulphates";"alcohol";"quality"__950': '8.9;0.12;0.45;1.8;0.075;10;21;0.99552;3.41;0.76;11.9;7', 'fixed_acidity;"volatile_acidity";"citric_acid";"residual_sugar";"chlorides";"free_sulfur_dioxide";"total_sulfur_dioxide";"density";"ph";"sulphates";"alcohol";"quality"__951': '8.3;0.28;0.48;2.1;0.093;6;12;0.99408;3.26;0.62;12.4;7', 'fixed_acidity;"volatile_acidity";"citric_acid";"residual_sugar";"chlorides";"free_sulfur_dioxide";"total_sulfur_dioxide";"density";"ph";"sulphates";"alcohol";"quality"__952': '8.2;0.31;0.4;2.2;0.058;6;10;0.99536;3.31;0.68;11.2;7', 'fixed_acidity;"volatile_acidity";"citric_acid";"residual_sugar";"chlorides";"free_sulfur_dioxide";"total_sulfur_dioxide";"density";"ph";"sulphates";"alcohol";"quality"__953': '10.2;0.34;0.48;2.1;0.052;5;9;0.99458;3.2;0.69;12.1;7', 'fixed_acidity;"volatile_acidity";"citric_acid";"residual_sugar";"chlorides";"free_sulfur_dioxide";"total_sulfur_dioxide";"density";"ph";"sulphates";"alcohol";"quality"__954': '7.6;0.43;0.4;2.7;0.082;6;11;0.99538;3.44;0.54;12.2;6', 'fixed_acidity;"volatile_acidity";"citric_acid";"residual_sugar";"chlorides";"free_sulfur_dioxide";"total_sulfur_dioxide";"density";"ph";"sulphates";"alcohol";"quality"__955': '8.5;0.21;0.52;1.9;0.09;9;23;0.99648;3.36;0.67;10.4;5', 'fixed_acidity;"volatile_acidity";"citric_acid";"residual_sugar";"chlorides";"free_sulfur_dioxide";"total_sulfur_dioxide";"density";"ph";"sulphates";"alcohol";"quality"__956': '9;0.36;0.52;2.1;0.111;5;10;0.99568;3.31;0.62;11.3;6', 'fixed_acidity;"volatile_acidity";"citric_acid";"residual_sugar";"chlorides";"free_sulfur_dioxide";"total_sulfur_dioxide";"density";"ph";"sulphates";"alcohol";"quality"__957': '9.5;0.37;0.52;2;0.088;12;51;0.99613;3.29;0.58;11.1;6', 'fixed_acidity;"volatile_acidity";"citric_acid";"residual_sugar";"chlorides";"free_sulfur_dioxide";"total_sulfur_dioxide";"density";"ph";"sulphates";"alcohol";"quality"__958': '6.4;0.57;0.12;2.3;0.12;25;36;0.99519;3.47;0.71;11.3;7', 'fixed_acidity;"volatile_acidity";"citric_acid";"residual_sugar";"chlorides";"free_sulfur_dioxide";"total_sulfur_dioxide";"density";"ph";"sulphates";"alcohol";"quality"__959': '8;0.59;0.05;2;0.089;12;32;0.99735;3.36;0.61;10;5', 'fixed_acidity;"volatile_acidity";"citric_acid";"residual_sugar";"chlorides";"free_sulfur_dioxide";"total_sulfur_dioxide";"density";"ph";"sulphates";"alcohol";"quality"__960': '8.5;0.47;0.27;1.9;0.058;18;38;0.99518;3.16;0.85;11.1;6', 'fixed_acidity;"volatile_acidity";"citric_acid";"residual_sugar";"chlorides";"free_sulfur_dioxide";"total_sulfur_dioxide";"density";"ph";"sulphates";"alcohol";"quality"__961': '7.1;0.56;0.14;1.6;0.078;7;18;0.99592;3.27;0.62;9.3;5', 'fixed_acidity;"volatile_acidity";"citric_acid";"residual_sugar";"chlorides";"free_sulfur_dioxide";"total_sulfur_dioxide";"density";"ph";"sulphates";"alcohol";"quality"__962': '6.6;0.57;0.02;2.1;0.115;6;16;0.99654;3.38;0.69;9.5;5', 'fixed_acidity;"volatile_acidity";"citric_acid";"residual_sugar";"chlorides";"free_sulfur_dioxide";"total_sulfur_dioxide";"density";"ph";"sulphates";"alcohol";"quality"__963': '8.8;0.27;0.39;2;0.1;20;27;0.99546;3.15;0.69;11.2;6', 'fixed_acidity;"volatile_acidity";"citric_acid";"residual_sugar";"chlorides";"free_sulfur_dioxide";"total_sulfur_dioxide";"density";"ph";"sulphates";"alcohol";"quality"__964': '8.5;0.47;0.27;1.9;0.058;18;38;0.99518;3.16;0.85;11.1;6', 'fixed_acidity;"volatile_acidity";"citric_acid";"residual_sugar";"chlorides";"free_sulfur_dioxide";"total_sulfur_dioxide";"density";"ph";"sulphates";"alcohol";"quality"__965': '8.3;0.34;0.4;2.4;0.065;24;48;0.99554;3.34;0.86;11;6', 'fixed_acidity;"volatile_acidity";"citric_acid";"residual_sugar";"chlorides";"free_sulfur_dioxide";"total_sulfur_dioxide";"density";"ph";"sulphates";"alcohol";"quality"__966': '9;0.38;0.41;2.4;0.103;6;10;0.99604;3.13;0.58;11.9;7', 'fixed_acidity;"volatile_acidity";"citric_acid";"residual_sugar";"chlorides";"free_sulfur_dioxide";"total_sulfur_dioxide";"density";"ph";"sulphates";"alcohol";"quality"__967': '8.5;0.66;0.2;2.1;0.097;23;113;0.99733;3.13;0.48;9.2;5', 'fixed_acidity;"volatile_acidity";"citric_acid";"residual_sugar";"chlorides";"free_sulfur_dioxide";"total_sulfur_dioxide";"density";"ph";"sulphates";"alcohol";"quality"__968': '9;0.4;0.43;2.4;0.068;29;46;0.9943;3.2;0.6;12.2;6', 'fixed_acidity;"volatile_acidity";"citric_acid";"residual_sugar";"chlorides";"free_sulfur_dioxide";"total_sulfur_dioxide";"density";"ph";"sulphates";"alcohol";"quality"__969': '6.7;0.56;0.09;2.9;0.079;7;22;0.99669;3.46;0.61;10.2;5', 'fixed_acidity;"volatile_acidity";"citric_acid";"residual_sugar";"chlorides";"free_sulfur_dioxide";"total_sulfur_dioxide";"density";"ph";"sulphates";"alcohol";"quality"__970': '10.4;0.26;0.48;1.9;0.066;6;10;0.99724;3.33;0.87;10.9;6', 'fixed_acidity;"volatile_acidity";"citric_acid";"residual_sugar";"chlorides";"free_sulfur_dioxide";"total_sulfur_dioxide";"density";"ph";"sulphates";"alcohol";"quality"__971': '10.4;0.26;0.48;1.9;0.066;6;10;0.99724;3.33;0.87;10.9;6', 'fixed_acidity;"volatile_acidity";"citric_acid";"residual_sugar";"chlorides";"free_sulfur_dioxide";"total_sulfur_dioxide";"density";"ph";"sulphates";"alcohol";"quality"__972': '10.1;0.38;0.5;2.4;0.104;6;13;0.99643;3.22;0.65;11.6;7', 'fixed_acidity;"volatile_acidity";"citric_acid";"residual_sugar";"chlorides";"free_sulfur_dioxide";"total_sulfur_dioxide";"density";"ph";"sulphates";"alcohol";"quality"__973': '8.5;0.34;0.44;1.7;0.079;6;12;0.99605;3.52;0.63;10.7;5', 'fixed_acidity;"volatile_acidity";"citric_acid";"residual_sugar";"chlorides";"free_sulfur_dioxide";"total_sulfur_dioxide";"density";"ph";"sulphates";"alcohol";"quality"__974': '8.8;0.33;0.41;5.9;0.073;7;13;0.99658;3.3;0.62;12.1;7', 'fixed_acidity;"volatile_acidity";"citric_acid";"residual_sugar";"chlorides";"free_sulfur_dioxide";"total_sulfur_dioxide";"density";"ph";"sulphates";"alcohol";"quality"__975': '7.2;0.41;0.3;2.1;0.083;35;72;0.997;3.44;0.52;9.4;5', 'fixed_acidity;"volatile_acidity";"citric_acid";"residual_sugar";"chlorides";"free_sulfur_dioxide";"total_sulfur_dioxide";"density";"ph";"sulphates";"alcohol";"quality"__976': '7.2;0.41;0.3;2.1;0.083;35;72;0.997;3.44;0.52;9.4;5', 'fixed_acidity;"volatile_acidity";"citric_acid";"residual_sugar";"chlorides";"free_sulfur_dioxide";"total_sulfur_dioxide";"density";"ph";"sulphates";"alcohol";"quality"__977': '8.4;0.59;0.29;2.6;0.109;31;119;0.99801;3.15;0.5;9.1;5', 'fixed_acidity;"volatile_acidity";"citric_acid";"residual_sugar";"chlorides";"free_sulfur_dioxide";"total_sulfur_dioxide";"density";"ph";"sulphates";"alcohol";"quality"__978': '7;0.4;0.32;3.6;0.061;9;29;0.99416;3.28;0.49;11.3;7', 'fixed_acidity;"volatile_acidity";"citric_acid";"residual_sugar";"chlorides";"free_sulfur_dioxide";"total_sulfur_dioxide";"density";"ph";"sulphates";"alcohol";"quality"__979': '12.2;0.45;0.49;1.4;0.075;3;6;0.9969;3.13;0.63;10.4;5', 'fixed_acidity;"volatile_acidity";"citric_acid";"residual_sugar";"chlorides";"free_sulfur_dioxide";"total_sulfur_dioxide";"density";"ph";"sulphates";"alcohol";"quality"__980': '9.1;0.5;0.3;1.9;0.065;8;17;0.99774;3.32;0.71;10.5;6', 'fixed_acidity;"volatile_acidity";"citric_acid";"residual_sugar";"chlorides";"free_sulfur_dioxide";"total_sulfur_dioxide";"density";"ph";"sulphates";"alcohol";"quality"__981': '9.5;0.86;0.26;1.9;0.079;13;28;0.99712;3.25;0.62;10;5', 'fixed_acidity;"volatile_acidity";"citric_acid";"residual_sugar";"chlorides";"free_sulfur_dioxide";"total_sulfur_dioxide";"density";"ph";"sulphates";"alcohol";"quality"__982': '7.3;0.52;0.32;2.1;0.07;51;70;0.99418;3.34;0.82;12.9;6', 'fixed_acidity;"volatile_acidity";"citric_acid";"residual_sugar";"chlorides";"free_sulfur_dioxide";"total_sulfur_dioxide";"density";"ph";"sulphates";"alcohol";"quality"__983': '9.1;0.5;0.3;1.9;0.065;8;17;0.99774;3.32;0.71;10.5;6', 'fixed_acidity;"volatile_acidity";"citric_acid";"residual_sugar";"chlorides";"free_sulfur_dioxide";"total_sulfur_dioxide";"density";"ph";"sulphates";"alcohol";"quality"__984': '12.2;0.45;0.49;1.4;0.075;3;6;0.9969;3.13;0.63;10.4;5', 'fixed_acidity;"volatile_acidity";"citric_acid";"residual_sugar";"chlorides";"free_sulfur_dioxide";"total_sulfur_dioxide";"density";"ph";"sulphates";"alcohol";"quality"__985': '7.4;0.58;0;2;0.064;7;11;0.99562;3.45;0.58;11.3;6', 'fixed_acidity;"volatile_acidity";"citric_acid";"residual_sugar";"chlorides";"free_sulfur_dioxide";"total_sulfur_dioxide";"density";"ph";"sulphates";"alcohol";"quality"__986': '9.8;0.34;0.39;1.4;0.066;3;7;0.9947;3.19;0.55;11.4;7', 'fixed_acidity;"volatile_acidity";"citric_acid";"residual_sugar";"chlorides";"free_sulfur_dioxide";"total_sulfur_dioxide";"density";"ph";"sulphates";"alcohol";"quality"__987': '7.1;0.36;0.3;1.6;0.08;35;70;0.99693;3.44;0.5;9.4;5', 'fixed_acidity;"volatile_acidity";"citric_acid";"residual_sugar";"chlorides";"free_sulfur_dioxide";"total_sulfur_dioxide";"density";"ph";"sulphates";"alcohol";"quality"__988': '7.7;0.39;0.12;1.7;0.097;19;27;0.99596;3.16;0.49;9.4;5', 'fixed_acidity;"volatile_acidity";"citric_acid";"residual_sugar";"chlorides";"free_sulfur_dioxide";"total_sulfur_dioxide";"density";"ph";"sulphates";"alcohol";"quality"__989': '9.7;0.295;0.4;1.5;0.073;14;21;0.99556;3.14;0.51;10.9;6', 'fixed_acidity;"volatile_acidity";"citric_acid";"residual_sugar";"chlorides";"free_sulfur_dioxide";"total_sulfur_dioxide";"density";"ph";"sulphates";"alcohol";"quality"__990': '7.7;0.39;0.12;1.7;0.097;19;27;0.99596;3.16;0.49;9.4;5', 'fixed_acidity;"volatile_acidity";"citric_acid";"residual_sugar";"chlorides";"free_sulfur_dioxide";"total_sulfur_dioxide";"density";"ph";"sulphates";"alcohol";"quality"__991': '7.1;0.34;0.28;2;0.082;31;68;0.99694;3.45;0.48;9.4;5', 'fixed_acidity;"volatile_acidity";"citric_acid";"residual_sugar";"chlorides";"free_sulfur_dioxide";"total_sulfur_dioxide";"density";"ph";"sulphates";"alcohol";"quality"__992': '6.5;0.4;0.1;2;0.076;30;47;0.99554;3.36;0.48;9.4;6', 'fixed_acidity;"volatile_acidity";"citric_acid";"residual_sugar";"chlorides";"free_sulfur_dioxide";"total_sulfur_dioxide";"density";"ph";"sulphates";"alcohol";"quality"__993': '7.1;0.34;0.28;2;0.082;31;68;0.99694;3.45;0.48;9.4;5', 'fixed_acidity;"volatile_acidity";"citric_acid";"residual_sugar";"chlorides";"free_sulfur_dioxide";"total_sulfur_dioxide";"density";"ph";"sulphates";"alcohol";"quality"__994': '10;0.35;0.45;2.5;0.092;20;88;0.99918;3.15;0.43;9.4;5', 'fixed_acidity;"volatile_acidity";"citric_acid";"residual_sugar";"chlorides";"free_sulfur_dioxide";"total_sulfur_dioxide";"density";"ph";"sulphates";"alcohol";"quality"__995': '7.7;0.6;0.06;2;0.079;19;41;0.99697;3.39;0.62;10.1;6', 'fixed_acidity;"volatile_acidity";"citric_acid";"residual_sugar";"chlorides";"free_sulfur_dioxide";"total_sulfur_dioxide";"density";"ph";"sulphates";"alcohol";"quality"__996': '5.6;0.66;0;2.2;0.087;3;11;0.99378;3.71;0.63;12.8;7', 'fixed_acidity;"volatile_acidity";"citric_acid";"residual_sugar";"chlorides";"free_sulfur_dioxide";"total_sulfur_dioxide";"density";"ph";"sulphates";"alcohol";"quality"__997': '5.6;0.66;0;2.2;0.087;3;11;0.99378;3.71;0.63;12.8;7', 'fixed_acidity;"volatile_acidity";"citric_acid";"residual_sugar";"chlorides";"free_sulfur_dioxide";"total_sulfur_dioxide";"density";"ph";"sulphates";"alcohol";"quality"__998': '8.9;0.84;0.34;1.4;0.05;4;10;0.99554;3.12;0.48;9.1;6', 'fixed_acidity;"volatile_acidity";"citric_acid";"residual_sugar";"chlorides";"free_sulfur_dioxide";"total_sulfur_dioxide";"density";"ph";"sulphates";"alcohol";"quality"__999': '6.4;0.69;0;1.65;0.055;7;12;0.99162;3.47;0.53;12.9;6'}]
(Background on this error at: https://sqlalche.me/e/20/f405)
Traceback (most recent call last):
  File "C:\Users\aman9\etl_pipeline\Lib\site-packages\sqlalchemy\engine\base.py", line 2118, in _exec_insertmany_context
    dialect.do_execute(
  File "C:\Users\aman9\etl_pipeline\Lib\site-packages\sqlalchemy\engine\default.py", line 951, in do_execute
    cursor.execute(statement, parameters)
psycopg2.errors.UndefinedColumn: column "fixed_acidity;"volatile_acidity";"citric_acid";"residual_sugar"" of relation "etl_data" does not exist
LINE 1: INSERT INTO etl_data ("fixed_acidity;""volatile_acidity"";""...
                              ^


The above exception was the direct cause of the following exception:

Traceback (most recent call last):
  File "C:\Users\aman9\etl_pipeline\etl\load.py", line 11, in load_to_postgres
    df.to_sql(table_name, con=conn, if_exists='append', index=False)
  File "C:\Users\aman9\etl_pipeline\Lib\site-packages\pandas\util\_decorators.py", line 333, in wrapper
    return func(*args, **kwargs)
           ^^^^^^^^^^^^^^^^^^^^^
  File "C:\Users\aman9\etl_pipeline\Lib\site-packages\pandas\core\generic.py", line 3109, in to_sql
    return sql.to_sql(
           ^^^^^^^^^^^
  File "C:\Users\aman9\etl_pipeline\Lib\site-packages\pandas\io\sql.py", line 844, in to_sql
    return pandas_sql.to_sql(
           ^^^^^^^^^^^^^^^^^^
  File "C:\Users\aman9\etl_pipeline\Lib\site-packages\pandas\io\sql.py", line 2030, in to_sql
    total_inserted = sql_engine.insert_records(
                     ^^^^^^^^^^^^^^^^^^^^^^^^^^
  File "C:\Users\aman9\etl_pipeline\Lib\site-packages\pandas\io\sql.py", line 1579, in insert_records
    raise err
  File "C:\Users\aman9\etl_pipeline\Lib\site-packages\pandas\io\sql.py", line 1570, in insert_records
    return table.insert(chunksize=chunksize, method=method)
           ^^^^^^^^^^^^^^^^^^^^^^^^^^^^^^^^^^^^^^^^^^^^^^^^
  File "C:\Users\aman9\etl_pipeline\Lib\site-packages\pandas\io\sql.py", line 1121, in insert
    num_inserted = exec_insert(conn, keys, chunk_iter)
                   ^^^^^^^^^^^^^^^^^^^^^^^^^^^^^^^^^^^
  File "C:\Users\aman9\etl_pipeline\Lib\site-packages\pandas\io\sql.py", line 1012, in _execute_insert
    result = conn.execute(self.table.insert(), data)
             ^^^^^^^^^^^^^^^^^^^^^^^^^^^^^^^^^^^^^^^
  File "C:\Users\aman9\etl_pipeline\Lib\site-packages\sqlalchemy\engine\base.py", line 1419, in execute
    return meth(
           ^^^^^
  File "C:\Users\aman9\etl_pipeline\Lib\site-packages\sqlalchemy\sql\elements.py", line 526, in _execute_on_connection
    return connection._execute_clauseelement(
           ^^^^^^^^^^^^^^^^^^^^^^^^^^^^^^^^^^
  File "C:\Users\aman9\etl_pipeline\Lib\site-packages\sqlalchemy\engine\base.py", line 1641, in _execute_clauseelement
    ret = self._execute_context(
          ^^^^^^^^^^^^^^^^^^^^^^
  File "C:\Users\aman9\etl_pipeline\Lib\site-packages\sqlalchemy\engine\base.py", line 1844, in _execute_context
    return self._exec_insertmany_context(dialect, context)
           ^^^^^^^^^^^^^^^^^^^^^^^^^^^^^^^^^^^^^^^^^^^^^^^
  File "C:\Users\aman9\etl_pipeline\Lib\site-packages\sqlalchemy\engine\base.py", line 2126, in _exec_insertmany_context
    self._handle_dbapi_exception(
  File "C:\Users\aman9\etl_pipeline\Lib\site-packages\sqlalchemy\engine\base.py", line 2355, in _handle_dbapi_exception
    raise sqlalchemy_exception.with_traceback(exc_info[2]) from e
  File "C:\Users\aman9\etl_pipeline\Lib\site-packages\sqlalchemy\engine\base.py", line 2118, in _exec_insertmany_context
    dialect.do_execute(
  File "C:\Users\aman9\etl_pipeline\Lib\site-packages\sqlalchemy\engine\default.py", line 951, in do_execute
    cursor.execute(statement, parameters)
sqlalchemy.exc.ProgrammingError: (psycopg2.errors.UndefinedColumn) column "fixed_acidity;"volatile_acidity";"citric_acid";"residual_sugar"" of relation "etl_data" does not exist
LINE 1: INSERT INTO etl_data ("fixed_acidity;""volatile_acidity"";""...
                              ^

[SQL: INSERT INTO etl_data ("fixed_acidity;""volatile_acidity"";""citric_acid"";""residual_sugar"";""chlorides"";""free_sulfur_dioxide"";""total_sulfur_dioxide"";""density"";""ph"";""sulphates"";""alcohol"";""quality""") VALUES (%(fixed_acidity;"volatile_a ... 179760 characters truncated ... ;"free_sulfur_dioxide";"total_sulfur_dioxide";"density";"ph";"sulphates";"alcohol";"quality"__999)s)]
[parameters: {'fixed_acidity;"volatile_acidity";"citric_acid";"residual_sugar";"chlorides";"free_sulfur_dioxide";"total_sulfur_dioxide";"density";"ph";"sulphates";"alcohol";"quality"__0': '7.4;0.7;0;1.9;0.076;11;34;0.9978;3.51;0.56;9.4;5', 'fixed_acidity;"volatile_acidity";"citric_acid";"residual_sugar";"chlorides";"free_sulfur_dioxide";"total_sulfur_dioxide";"density";"ph";"sulphates";"alcohol";"quality"__1': '7.8;0.88;0;2.6;0.098;25;67;0.9968;3.2;0.68;9.8;5', 'fixed_acidity;"volatile_acidity";"citric_acid";"residual_sugar";"chlorides";"free_sulfur_dioxide";"total_sulfur_dioxide";"density";"ph";"sulphates";"alcohol";"quality"__2': '7.8;0.76;0.04;2.3;0.092;15;54;0.997;3.26;0.65;9.8;5', 'fixed_acidity;"volatile_acidity";"citric_acid";"residual_sugar";"chlorides";"free_sulfur_dioxide";"total_sulfur_dioxide";"density";"ph";"sulphates";"alcohol";"quality"__3': '11.2;0.28;0.56;1.9;0.075;17;60;0.998;3.16;0.58;9.8;6', 'fixed_acidity;"volatile_acidity";"citric_acid";"residual_sugar";"chlorides";"free_sulfur_dioxide";"total_sulfur_dioxide";"density";"ph";"sulphates";"alcohol";"quality"__4': '7.4;0.7;0;1.9;0.076;11;34;0.9978;3.51;0.56;9.4;5', 'fixed_acidity;"volatile_acidity";"citric_acid";"residual_sugar";"chlorides";"free_sulfur_dioxide";"total_sulfur_dioxide";"density";"ph";"sulphates";"alcohol";"quality"__5': '7.4;0.66;0;1.8;0.075;13;40;0.9978;3.51;0.56;9.4;5', 'fixed_acidity;"volatile_acidity";"citric_acid";"residual_sugar";"chlorides";"free_sulfur_dioxide";"total_sulfur_dioxide";"density";"ph";"sulphates";"alcohol";"quality"__6': '7.9;0.6;0.06;1.6;0.069;15;59;0.9964;3.3;0.46;9.4;5', 'fixed_acidity;"volatile_acidity";"citric_acid";"residual_sugar";"chlorides";"free_sulfur_dioxide";"total_sulfur_dioxide";"density";"ph";"sulphates";"alcohol";"quality"__7': '7.3;0.65;0;1.2;0.065;15;21;0.9946;3.39;0.47;10;7', 'fixed_acidity;"volatile_acidity";"citric_acid";"residual_sugar";"chlorides";"free_sulfur_dioxide";"total_sulfur_dioxide";"density";"ph";"sulphates";"alcohol";"quality"__8': '7.8;0.58;0.02;2;0.073;9;18;0.9968;3.36;0.57;9.5;7', 'fixed_acidity;"volatile_acidity";"citric_acid";"residual_sugar";"chlorides";"free_sulfur_dioxide";"total_sulfur_dioxide";"density";"ph";"sulphates";"alcohol";"quality"__9': '7.5;0.5;0.36;6.1;0.071;17;102;0.9978;3.35;0.8;10.5;5', 'fixed_acidity;"volatile_acidity";"citric_acid";"residual_sugar";"chlorides";"free_sulfur_dioxide";"total_sulfur_dioxide";"density";"ph";"sulphates";"alcohol";"quality"__10': '6.7;0.58;0.08;1.8;0.097;15;65;0.9959;3.28;0.54;9.2;5', 'fixed_acidity;"volatile_acidity";"citric_acid";"residual_sugar";"chlorides";"free_sulfur_dioxide";"total_sulfur_dioxide";"density";"ph";"sulphates";"alcohol";"quality"__11': '7.5;0.5;0.36;6.1;0.071;17;102;0.9978;3.35;0.8;10.5;5', 'fixed_acidity;"volatile_acidity";"citric_acid";"residual_sugar";"chlorides";"free_sulfur_dioxide";"total_sulfur_dioxide";"density";"ph";"sulphates";"alcohol";"quality"__12': '5.6;0.615;0;1.6;0.089;16;59;0.9943;3.58;0.52;9.9;5', 'fixed_acidity;"volatile_acidity";"citric_acid";"residual_sugar";"chlorides";"free_sulfur_dioxide";"total_sulfur_dioxide";"density";"ph";"sulphates";"alcohol";"quality"__13': '7.8;0.61;0.29;1.6;0.114;9;29;0.9974;3.26;1.56;9.1;5', 'fixed_acidity;"volatile_acidity";"citric_acid";"residual_sugar";"chlorides";"free_sulfur_dioxide";"total_sulfur_dioxide";"density";"ph";"sulphates";"alcohol";"quality"__14': '8.9;0.62;0.18;3.8;0.176;52;145;0.9986;3.16;0.88;9.2;5', 'fixed_acidity;"volatile_acidity";"citric_acid";"residual_sugar";"chlorides";"free_sulfur_dioxide";"total_sulfur_dioxide";"density";"ph";"sulphates";"alcohol";"quality"__15': '8.9;0.62;0.19;3.9;0.17;51;148;0.9986;3.17;0.93;9.2;5', 'fixed_acidity;"volatile_acidity";"citric_acid";"residual_sugar";"chlorides";"free_sulfur_dioxide";"total_sulfur_dioxide";"density";"ph";"sulphates";"alcohol";"quality"__16': '8.5;0.28;0.56;1.8;0.092;35;103;0.9969;3.3;0.75;10.5;7', 'fixed_acidity;"volatile_acidity";"citric_acid";"residual_sugar";"chlorides";"free_sulfur_dioxide";"total_sulfur_dioxide";"density";"ph";"sulphates";"alcohol";"quality"__17': '8.1;0.56;0.28;1.7;0.368;16;56;0.9968;3.11;1.28;9.3;5', 'fixed_acidity;"volatile_acidity";"citric_acid";"residual_sugar";"chlorides";"free_sulfur_dioxide";"total_sulfur_dioxide";"density";"ph";"sulphates";"alcohol";"quality"__18': '7.4;0.59;0.08;4.4;0.086;6;29;0.9974;3.38;0.5;9;4', 'fixed_acidity;"volatile_acidity";"citric_acid";"residual_sugar";"chlorides";"free_sulfur_dioxide";"total_sulfur_dioxide";"density";"ph";"sulphates";"alcohol";"quality"__19': '7.9;0.32;0.51;1.8;0.341;17;56;0.9969;3.04;1.08;9.2;6', 'fixed_acidity;"volatile_acidity";"citric_acid";"residual_sugar";"chlorides";"free_sulfur_dioxide";"total_sulfur_dioxide";"density";"ph";"sulphates";"alcohol";"quality"__20': '8.9;0.22;0.48;1.8;0.077;29;60;0.9968;3.39;0.53;9.4;6', 'fixed_acidity;"volatile_acidity";"citric_acid";"residual_sugar";"chlorides";"free_sulfur_dioxide";"total_sulfur_dioxide";"density";"ph";"sulphates";"alcohol";"quality"__21': '7.6;0.39;0.31;2.3;0.082;23;71;0.9982;3.52;0.65;9.7;5', 'fixed_acidity;"volatile_acidity";"citric_acid";"residual_sugar";"chlorides";"free_sulfur_dioxide";"total_sulfur_dioxide";"density";"ph";"sulphates";"alcohol";"quality"__22': '7.9;0.43;0.21;1.6;0.106;10;37;0.9966;3.17;0.91;9.5;5', 'fixed_acidity;"volatile_acidity";"citric_acid";"residual_sugar";"chlorides";"free_sulfur_dioxide";"total_sulfur_dioxide";"density";"ph";"sulphates";"alcohol";"quality"__23': '8.5;0.49;0.11;2.3;0.084;9;67;0.9968;3.17;0.53;9.4;5', 'fixed_acidity;"volatile_acidity";"citric_acid";"residual_sugar";"chlorides";"free_sulfur_dioxide";"total_sulfur_dioxide";"density";"ph";"sulphates";"alcohol";"quality"__24': '6.9;0.4;0.14;2.4;0.085;21;40;0.9968;3.43;0.63;9.7;6', 'fixed_acidity;"volatile_acidity";"citric_acid";"residual_sugar";"chlorides";"free_sulfur_dioxide";"total_sulfur_dioxide";"density";"ph";"sulphates";"alcohol";"quality"__25': '6.3;0.39;0.16;1.4;0.08;11;23;0.9955;3.34;0.56;9.3;5', 'fixed_acidity;"volatile_acidity";"citric_acid";"residual_sugar";"chlorides";"free_sulfur_dioxide";"total_sulfur_dioxide";"density";"ph";"sulphates";"alcohol";"quality"__26': '7.6;0.41;0.24;1.8;0.08;4;11;0.9962;3.28;0.59;9.5;5', 'fixed_acidity;"volatile_acidity";"citric_acid";"residual_sugar";"chlorides";"free_sulfur_dioxide";"total_sulfur_dioxide";"density";"ph";"sulphates";"alcohol";"quality"__27': '7.9;0.43;0.21;1.6;0.106;10;37;0.9966;3.17;0.91;9.5;5', 'fixed_acidity;"volatile_acidity";"citric_acid";"residual_sugar";"chlorides";"free_sulfur_dioxide";"total_sulfur_dioxide";"density";"ph";"sulphates";"alcohol";"quality"__28': '7.1;0.71;0;1.9;0.08;14;35;0.9972;3.47;0.55;9.4;5', 'fixed_acidity;"volatile_acidity";"citric_acid";"residual_sugar";"chlorides";"free_sulfur_dioxide";"total_sulfur_dioxide";"density";"ph";"sulphates";"alcohol";"quality"__29': '7.8;0.645;0;2;0.082;8;16;0.9964;3.38;0.59;9.8;6', 'fixed_acidity;"volatile_acidity";"citric_acid";"residual_sugar";"chlorides";"free_sulfur_dioxide";"total_sulfur_dioxide";"density";"ph";"sulphates";"alcohol";"quality"__30': '6.7;0.675;0.07;2.4;0.089;17;82;0.9958;3.35;0.54;10.1;5', 'fixed_acidity;"volatile_acidity";"citric_acid";"residual_sugar";"chlorides";"free_sulfur_dioxide";"total_sulfur_dioxide";"density";"ph";"sulphates";"alcohol";"quality"__31': '6.9;0.685;0;2.5;0.105;22;37;0.9966;3.46;0.57;10.6;6', 'fixed_acidity;"volatile_acidity";"citric_acid";"residual_sugar";"chlorides";"free_sulfur_dioxide";"total_sulfur_dioxide";"density";"ph";"sulphates";"alcohol";"quality"__32': '8.3;0.655;0.12;2.3;0.083;15;113;0.9966;3.17;0.66;9.8;5', 'fixed_acidity;"volatile_acidity";"citric_acid";"residual_sugar";"chlorides";"free_sulfur_dioxide";"total_sulfur_dioxide";"density";"ph";"sulphates";"alcohol";"quality"__33': '6.9;0.605;0.12;10.7;0.073;40;83;0.9993;3.45;0.52;9.4;6', 'fixed_acidity;"volatile_acidity";"citric_acid";"residual_sugar";"chlorides";"free_sulfur_dioxide";"total_sulfur_dioxide";"density";"ph";"sulphates";"alcohol";"quality"__34': '5.2;0.32;0.25;1.8;0.103;13;50;0.9957;3.38;0.55;9.2;5', 'fixed_acidity;"volatile_acidity";"citric_acid";"residual_sugar";"chlorides";"free_sulfur_dioxide";"total_sulfur_dioxide";"density";"ph";"sulphates";"alcohol";"quality"__35': '7.8;0.645;0;5.5;0.086;5;18;0.9986;3.4;0.55;9.6;6', 'fixed_acidity;"volatile_acidity";"citric_acid";"residual_sugar";"chlorides";"free_sulfur_dioxide";"total_sulfur_dioxide";"density";"ph";"sulphates";"alcohol";"quality"__36': '7.8;0.6;0.14;2.4;0.086;3;15;0.9975;3.42;0.6;10.8;6', 'fixed_acidity;"volatile_acidity";"citric_acid";"residual_sugar";"chlorides";"free_sulfur_dioxide";"total_sulfur_dioxide";"density";"ph";"sulphates";"alcohol";"quality"__37': '8.1;0.38;0.28;2.1;0.066;13;30;0.9968;3.23;0.73;9.7;7', 'fixed_acidity;"volatile_acidity";"citric_acid";"residual_sugar";"chlorides";"free_sulfur_dioxide";"total_sulfur_dioxide";"density";"ph";"sulphates";"alcohol";"quality"__38': '5.7;1.13;0.09;1.5;0.172;7;19;0.994;3.5;0.48;9.8;4', 'fixed_acidity;"volatile_acidity";"citric_acid";"residual_sugar";"chlorides";"free_sulfur_dioxide";"total_sulfur_dioxide";"density";"ph";"sulphates";"alcohol";"quality"__39': '7.3;0.45;0.36;5.9;0.074;12;87;0.9978;3.33;0.83;10.5;5', 'fixed_acidity;"volatile_acidity";"citric_acid";"residual_sugar";"chlorides";"free_sulfur_dioxide";"total_sulfur_dioxide";"density";"ph";"sulphates";"alcohol";"quality"__40': '7.3;0.45;0.36;5.9;0.074;12;87;0.9978;3.33;0.83;10.5;5', 'fixed_acidity;"volatile_acidity";"citric_acid";"residual_sugar";"chlorides";"free_sulfur_dioxide";"total_sulfur_dioxide";"density";"ph";"sulphates";"alcohol";"quality"__41': '8.8;0.61;0.3;2.8;0.088;17;46;0.9976;3.26;0.51;9.3;4', 'fixed_acidity;"volatile_acidity";"citric_acid";"residual_sugar";"chlorides";"free_sulfur_dioxide";"total_sulfur_dioxide";"density";"ph";"sulphates";"alcohol";"quality"__42': '7.5;0.49;0.2;2.6;0.332;8;14;0.9968;3.21;0.9;10.5;6', 'fixed_acidity;"volatile_acidity";"citric_acid";"residual_sugar";"chlorides";"free_sulfur_dioxide";"total_sulfur_dioxide";"density";"ph";"sulphates";"alcohol";"quality"__43': '8.1;0.66;0.22;2.2;0.069;9;23;0.9968;3.3;1.2;10.3;5', 'fixed_acidity;"volatile_acidity";"citric_acid";"residual_sugar";"chlorides";"free_sulfur_dioxide";"total_sulfur_dioxide";"density";"ph";"sulphates";"alcohol";"quality"__44': '6.8;0.67;0.02;1.8;0.05;5;11;0.9962;3.48;0.52;9.5;5', 'fixed_acidity;"volatile_acidity";"citric_acid";"residual_sugar";"chlorides";"free_sulfur_dioxide";"total_sulfur_dioxide";"density";"ph";"sulphates";"alcohol";"quality"__45': '4.6;0.52;0.15;2.1;0.054;8;65;0.9934;3.9;0.56;13.1;4', 'fixed_acidity;"volatile_acidity";"citric_acid";"residual_sugar";"chlorides";"free_sulfur_dioxide";"total_sulfur_dioxide";"density";"ph";"sulphates";"alcohol";"quality"__46': '7.7;0.935;0.43;2.2;0.114;22;114;0.997;3.25;0.73;9.2;5', 'fixed_acidity;"volatile_acidity";"citric_acid";"residual_sugar";"chlorides";"free_sulfur_dioxide";"total_sulfur_dioxide";"density";"ph";"sulphates";"alcohol";"quality"__47': '8.7;0.29;0.52;1.6;0.113;12;37;0.9969;3.25;0.58;9.5;5', 'fixed_acidity;"volatile_acidity";"citric_acid";"residual_sugar";"chlorides";"free_sulfur_dioxide";"total_sulfur_dioxide";"density";"ph";"sulphates";"alcohol";"quality"__48': '6.4;0.4;0.23;1.6;0.066;5;12;0.9958;3.34;0.56;9.2;5', 'fixed_acidity;"volatile_acidity";"citric_acid";"residual_sugar";"chlorides";"free_sulfur_dioxide";"total_sulfur_dioxide";"density";"ph";"sulphates";"alcohol";"quality"__49': '5.6;0.31;0.37;1.4;0.074;12;96;0.9954;3.32;0.58;9.2;5' ... 900 parameters truncated ... 'fixed_acidity;"volatile_acidity";"citric_acid";"residual_sugar";"chlorides";"free_sulfur_dioxide";"total_sulfur_dioxide";"density";"ph";"sulphates";"alcohol";"quality"__950': '8.9;0.12;0.45;1.8;0.075;10;21;0.99552;3.41;0.76;11.9;7', 'fixed_acidity;"volatile_acidity";"citric_acid";"residual_sugar";"chlorides";"free_sulfur_dioxide";"total_sulfur_dioxide";"density";"ph";"sulphates";"alcohol";"quality"__951': '8.3;0.28;0.48;2.1;0.093;6;12;0.99408;3.26;0.62;12.4;7', 'fixed_acidity;"volatile_acidity";"citric_acid";"residual_sugar";"chlorides";"free_sulfur_dioxide";"total_sulfur_dioxide";"density";"ph";"sulphates";"alcohol";"quality"__952': '8.2;0.31;0.4;2.2;0.058;6;10;0.99536;3.31;0.68;11.2;7', 'fixed_acidity;"volatile_acidity";"citric_acid";"residual_sugar";"chlorides";"free_sulfur_dioxide";"total_sulfur_dioxide";"density";"ph";"sulphates";"alcohol";"quality"__953': '10.2;0.34;0.48;2.1;0.052;5;9;0.99458;3.2;0.69;12.1;7', 'fixed_acidity;"volatile_acidity";"citric_acid";"residual_sugar";"chlorides";"free_sulfur_dioxide";"total_sulfur_dioxide";"density";"ph";"sulphates";"alcohol";"quality"__954': '7.6;0.43;0.4;2.7;0.082;6;11;0.99538;3.44;0.54;12.2;6', 'fixed_acidity;"volatile_acidity";"citric_acid";"residual_sugar";"chlorides";"free_sulfur_dioxide";"total_sulfur_dioxide";"density";"ph";"sulphates";"alcohol";"quality"__955': '8.5;0.21;0.52;1.9;0.09;9;23;0.99648;3.36;0.67;10.4;5', 'fixed_acidity;"volatile_acidity";"citric_acid";"residual_sugar";"chlorides";"free_sulfur_dioxide";"total_sulfur_dioxide";"density";"ph";"sulphates";"alcohol";"quality"__956': '9;0.36;0.52;2.1;0.111;5;10;0.99568;3.31;0.62;11.3;6', 'fixed_acidity;"volatile_acidity";"citric_acid";"residual_sugar";"chlorides";"free_sulfur_dioxide";"total_sulfur_dioxide";"density";"ph";"sulphates";"alcohol";"quality"__957': '9.5;0.37;0.52;2;0.088;12;51;0.99613;3.29;0.58;11.1;6', 'fixed_acidity;"volatile_acidity";"citric_acid";"residual_sugar";"chlorides";"free_sulfur_dioxide";"total_sulfur_dioxide";"density";"ph";"sulphates";"alcohol";"quality"__958': '6.4;0.57;0.12;2.3;0.12;25;36;0.99519;3.47;0.71;11.3;7', 'fixed_acidity;"volatile_acidity";"citric_acid";"residual_sugar";"chlorides";"free_sulfur_dioxide";"total_sulfur_dioxide";"density";"ph";"sulphates";"alcohol";"quality"__959': '8;0.59;0.05;2;0.089;12;32;0.99735;3.36;0.61;10;5', 'fixed_acidity;"volatile_acidity";"citric_acid";"residual_sugar";"chlorides";"free_sulfur_dioxide";"total_sulfur_dioxide";"density";"ph";"sulphates";"alcohol";"quality"__960': '8.5;0.47;0.27;1.9;0.058;18;38;0.99518;3.16;0.85;11.1;6', 'fixed_acidity;"volatile_acidity";"citric_acid";"residual_sugar";"chlorides";"free_sulfur_dioxide";"total_sulfur_dioxide";"density";"ph";"sulphates";"alcohol";"quality"__961': '7.1;0.56;0.14;1.6;0.078;7;18;0.99592;3.27;0.62;9.3;5', 'fixed_acidity;"volatile_acidity";"citric_acid";"residual_sugar";"chlorides";"free_sulfur_dioxide";"total_sulfur_dioxide";"density";"ph";"sulphates";"alcohol";"quality"__962': '6.6;0.57;0.02;2.1;0.115;6;16;0.99654;3.38;0.69;9.5;5', 'fixed_acidity;"volatile_acidity";"citric_acid";"residual_sugar";"chlorides";"free_sulfur_dioxide";"total_sulfur_dioxide";"density";"ph";"sulphates";"alcohol";"quality"__963': '8.8;0.27;0.39;2;0.1;20;27;0.99546;3.15;0.69;11.2;6', 'fixed_acidity;"volatile_acidity";"citric_acid";"residual_sugar";"chlorides";"free_sulfur_dioxide";"total_sulfur_dioxide";"density";"ph";"sulphates";"alcohol";"quality"__964': '8.5;0.47;0.27;1.9;0.058;18;38;0.99518;3.16;0.85;11.1;6', 'fixed_acidity;"volatile_acidity";"citric_acid";"residual_sugar";"chlorides";"free_sulfur_dioxide";"total_sulfur_dioxide";"density";"ph";"sulphates";"alcohol";"quality"__965': '8.3;0.34;0.4;2.4;0.065;24;48;0.99554;3.34;0.86;11;6', 'fixed_acidity;"volatile_acidity";"citric_acid";"residual_sugar";"chlorides";"free_sulfur_dioxide";"total_sulfur_dioxide";"density";"ph";"sulphates";"alcohol";"quality"__966': '9;0.38;0.41;2.4;0.103;6;10;0.99604;3.13;0.58;11.9;7', 'fixed_acidity;"volatile_acidity";"citric_acid";"residual_sugar";"chlorides";"free_sulfur_dioxide";"total_sulfur_dioxide";"density";"ph";"sulphates";"alcohol";"quality"__967': '8.5;0.66;0.2;2.1;0.097;23;113;0.99733;3.13;0.48;9.2;5', 'fixed_acidity;"volatile_acidity";"citric_acid";"residual_sugar";"chlorides";"free_sulfur_dioxide";"total_sulfur_dioxide";"density";"ph";"sulphates";"alcohol";"quality"__968': '9;0.4;0.43;2.4;0.068;29;46;0.9943;3.2;0.6;12.2;6', 'fixed_acidity;"volatile_acidity";"citric_acid";"residual_sugar";"chlorides";"free_sulfur_dioxide";"total_sulfur_dioxide";"density";"ph";"sulphates";"alcohol";"quality"__969': '6.7;0.56;0.09;2.9;0.079;7;22;0.99669;3.46;0.61;10.2;5', 'fixed_acidity;"volatile_acidity";"citric_acid";"residual_sugar";"chlorides";"free_sulfur_dioxide";"total_sulfur_dioxide";"density";"ph";"sulphates";"alcohol";"quality"__970': '10.4;0.26;0.48;1.9;0.066;6;10;0.99724;3.33;0.87;10.9;6', 'fixed_acidity;"volatile_acidity";"citric_acid";"residual_sugar";"chlorides";"free_sulfur_dioxide";"total_sulfur_dioxide";"density";"ph";"sulphates";"alcohol";"quality"__971': '10.4;0.26;0.48;1.9;0.066;6;10;0.99724;3.33;0.87;10.9;6', 'fixed_acidity;"volatile_acidity";"citric_acid";"residual_sugar";"chlorides";"free_sulfur_dioxide";"total_sulfur_dioxide";"density";"ph";"sulphates";"alcohol";"quality"__972': '10.1;0.38;0.5;2.4;0.104;6;13;0.99643;3.22;0.65;11.6;7', 'fixed_acidity;"volatile_acidity";"citric_acid";"residual_sugar";"chlorides";"free_sulfur_dioxide";"total_sulfur_dioxide";"density";"ph";"sulphates";"alcohol";"quality"__973': '8.5;0.34;0.44;1.7;0.079;6;12;0.99605;3.52;0.63;10.7;5', 'fixed_acidity;"volatile_acidity";"citric_acid";"residual_sugar";"chlorides";"free_sulfur_dioxide";"total_sulfur_dioxide";"density";"ph";"sulphates";"alcohol";"quality"__974': '8.8;0.33;0.41;5.9;0.073;7;13;0.99658;3.3;0.62;12.1;7', 'fixed_acidity;"volatile_acidity";"citric_acid";"residual_sugar";"chlorides";"free_sulfur_dioxide";"total_sulfur_dioxide";"density";"ph";"sulphates";"alcohol";"quality"__975': '7.2;0.41;0.3;2.1;0.083;35;72;0.997;3.44;0.52;9.4;5', 'fixed_acidity;"volatile_acidity";"citric_acid";"residual_sugar";"chlorides";"free_sulfur_dioxide";"total_sulfur_dioxide";"density";"ph";"sulphates";"alcohol";"quality"__976': '7.2;0.41;0.3;2.1;0.083;35;72;0.997;3.44;0.52;9.4;5', 'fixed_acidity;"volatile_acidity";"citric_acid";"residual_sugar";"chlorides";"free_sulfur_dioxide";"total_sulfur_dioxide";"density";"ph";"sulphates";"alcohol";"quality"__977': '8.4;0.59;0.29;2.6;0.109;31;119;0.99801;3.15;0.5;9.1;5', 'fixed_acidity;"volatile_acidity";"citric_acid";"residual_sugar";"chlorides";"free_sulfur_dioxide";"total_sulfur_dioxide";"density";"ph";"sulphates";"alcohol";"quality"__978': '7;0.4;0.32;3.6;0.061;9;29;0.99416;3.28;0.49;11.3;7', 'fixed_acidity;"volatile_acidity";"citric_acid";"residual_sugar";"chlorides";"free_sulfur_dioxide";"total_sulfur_dioxide";"density";"ph";"sulphates";"alcohol";"quality"__979': '12.2;0.45;0.49;1.4;0.075;3;6;0.9969;3.13;0.63;10.4;5', 'fixed_acidity;"volatile_acidity";"citric_acid";"residual_sugar";"chlorides";"free_sulfur_dioxide";"total_sulfur_dioxide";"density";"ph";"sulphates";"alcohol";"quality"__980': '9.1;0.5;0.3;1.9;0.065;8;17;0.99774;3.32;0.71;10.5;6', 'fixed_acidity;"volatile_acidity";"citric_acid";"residual_sugar";"chlorides";"free_sulfur_dioxide";"total_sulfur_dioxide";"density";"ph";"sulphates";"alcohol";"quality"__981': '9.5;0.86;0.26;1.9;0.079;13;28;0.99712;3.25;0.62;10;5', 'fixed_acidity;"volatile_acidity";"citric_acid";"residual_sugar";"chlorides";"free_sulfur_dioxide";"total_sulfur_dioxide";"density";"ph";"sulphates";"alcohol";"quality"__982': '7.3;0.52;0.32;2.1;0.07;51;70;0.99418;3.34;0.82;12.9;6', 'fixed_acidity;"volatile_acidity";"citric_acid";"residual_sugar";"chlorides";"free_sulfur_dioxide";"total_sulfur_dioxide";"density";"ph";"sulphates";"alcohol";"quality"__983': '9.1;0.5;0.3;1.9;0.065;8;17;0.99774;3.32;0.71;10.5;6', 'fixed_acidity;"volatile_acidity";"citric_acid";"residual_sugar";"chlorides";"free_sulfur_dioxide";"total_sulfur_dioxide";"density";"ph";"sulphates";"alcohol";"quality"__984': '12.2;0.45;0.49;1.4;0.075;3;6;0.9969;3.13;0.63;10.4;5', 'fixed_acidity;"volatile_acidity";"citric_acid";"residual_sugar";"chlorides";"free_sulfur_dioxide";"total_sulfur_dioxide";"density";"ph";"sulphates";"alcohol";"quality"__985': '7.4;0.58;0;2;0.064;7;11;0.99562;3.45;0.58;11.3;6', 'fixed_acidity;"volatile_acidity";"citric_acid";"residual_sugar";"chlorides";"free_sulfur_dioxide";"total_sulfur_dioxide";"density";"ph";"sulphates";"alcohol";"quality"__986': '9.8;0.34;0.39;1.4;0.066;3;7;0.9947;3.19;0.55;11.4;7', 'fixed_acidity;"volatile_acidity";"citric_acid";"residual_sugar";"chlorides";"free_sulfur_dioxide";"total_sulfur_dioxide";"density";"ph";"sulphates";"alcohol";"quality"__987': '7.1;0.36;0.3;1.6;0.08;35;70;0.99693;3.44;0.5;9.4;5', 'fixed_acidity;"volatile_acidity";"citric_acid";"residual_sugar";"chlorides";"free_sulfur_dioxide";"total_sulfur_dioxide";"density";"ph";"sulphates";"alcohol";"quality"__988': '7.7;0.39;0.12;1.7;0.097;19;27;0.99596;3.16;0.49;9.4;5', 'fixed_acidity;"volatile_acidity";"citric_acid";"residual_sugar";"chlorides";"free_sulfur_dioxide";"total_sulfur_dioxide";"density";"ph";"sulphates";"alcohol";"quality"__989': '9.7;0.295;0.4;1.5;0.073;14;21;0.99556;3.14;0.51;10.9;6', 'fixed_acidity;"volatile_acidity";"citric_acid";"residual_sugar";"chlorides";"free_sulfur_dioxide";"total_sulfur_dioxide";"density";"ph";"sulphates";"alcohol";"quality"__990': '7.7;0.39;0.12;1.7;0.097;19;27;0.99596;3.16;0.49;9.4;5', 'fixed_acidity;"volatile_acidity";"citric_acid";"residual_sugar";"chlorides";"free_sulfur_dioxide";"total_sulfur_dioxide";"density";"ph";"sulphates";"alcohol";"quality"__991': '7.1;0.34;0.28;2;0.082;31;68;0.99694;3.45;0.48;9.4;5', 'fixed_acidity;"volatile_acidity";"citric_acid";"residual_sugar";"chlorides";"free_sulfur_dioxide";"total_sulfur_dioxide";"density";"ph";"sulphates";"alcohol";"quality"__992': '6.5;0.4;0.1;2;0.076;30;47;0.99554;3.36;0.48;9.4;6', 'fixed_acidity;"volatile_acidity";"citric_acid";"residual_sugar";"chlorides";"free_sulfur_dioxide";"total_sulfur_dioxide";"density";"ph";"sulphates";"alcohol";"quality"__993': '7.1;0.34;0.28;2;0.082;31;68;0.99694;3.45;0.48;9.4;5', 'fixed_acidity;"volatile_acidity";"citric_acid";"residual_sugar";"chlorides";"free_sulfur_dioxide";"total_sulfur_dioxide";"density";"ph";"sulphates";"alcohol";"quality"__994': '10;0.35;0.45;2.5;0.092;20;88;0.99918;3.15;0.43;9.4;5', 'fixed_acidity;"volatile_acidity";"citric_acid";"residual_sugar";"chlorides";"free_sulfur_dioxide";"total_sulfur_dioxide";"density";"ph";"sulphates";"alcohol";"quality"__995': '7.7;0.6;0.06;2;0.079;19;41;0.99697;3.39;0.62;10.1;6', 'fixed_acidity;"volatile_acidity";"citric_acid";"residual_sugar";"chlorides";"free_sulfur_dioxide";"total_sulfur_dioxide";"density";"ph";"sulphates";"alcohol";"quality"__996': '5.6;0.66;0;2.2;0.087;3;11;0.99378;3.71;0.63;12.8;7', 'fixed_acidity;"volatile_acidity";"citric_acid";"residual_sugar";"chlorides";"free_sulfur_dioxide";"total_sulfur_dioxide";"density";"ph";"sulphates";"alcohol";"quality"__997': '5.6;0.66;0;2.2;0.087;3;11;0.99378;3.71;0.63;12.8;7', 'fixed_acidity;"volatile_acidity";"citric_acid";"residual_sugar";"chlorides";"free_sulfur_dioxide";"total_sulfur_dioxide";"density";"ph";"sulphates";"alcohol";"quality"__998': '8.9;0.84;0.34;1.4;0.05;4;10;0.99554;3.12;0.48;9.1;6', 'fixed_acidity;"volatile_acidity";"citric_acid";"residual_sugar";"chlorides";"free_sulfur_dioxide";"total_sulfur_dioxide";"density";"ph";"sulphates";"alcohol";"quality"__999': '6.4;0.69;0;1.65;0.055;7;12;0.99162;3.47;0.53;12.9;6'}]
(Background on this error at: https://sqlalche.me/e/20/f405)
2025-10-17 16:25:04,707 - ERROR - ETL job failed: (psycopg2.errors.UndefinedColumn) column "fixed_acidity;"volatile_acidity";"citric_acid";"residual_sugar"" of relation "etl_data" does not exist
LINE 1: INSERT INTO etl_data ("fixed_acidity;""volatile_acidity"";""...
                              ^

[SQL: INSERT INTO etl_data ("fixed_acidity;""volatile_acidity"";""citric_acid"";""residual_sugar"";""chlorides"";""free_sulfur_dioxide"";""total_sulfur_dioxide"";""density"";""ph"";""sulphates"";""alcohol"";""quality""") VALUES (%(fixed_acidity;"volatile_a ... 179760 characters truncated ... ;"free_sulfur_dioxide";"total_sulfur_dioxide";"density";"ph";"sulphates";"alcohol";"quality"__999)s)]
[parameters: {'fixed_acidity;"volatile_acidity";"citric_acid";"residual_sugar";"chlorides";"free_sulfur_dioxide";"total_sulfur_dioxide";"density";"ph";"sulphates";"alcohol";"quality"__0': '7.4;0.7;0;1.9;0.076;11;34;0.9978;3.51;0.56;9.4;5', 'fixed_acidity;"volatile_acidity";"citric_acid";"residual_sugar";"chlorides";"free_sulfur_dioxide";"total_sulfur_dioxide";"density";"ph";"sulphates";"alcohol";"quality"__1': '7.8;0.88;0;2.6;0.098;25;67;0.9968;3.2;0.68;9.8;5', 'fixed_acidity;"volatile_acidity";"citric_acid";"residual_sugar";"chlorides";"free_sulfur_dioxide";"total_sulfur_dioxide";"density";"ph";"sulphates";"alcohol";"quality"__2': '7.8;0.76;0.04;2.3;0.092;15;54;0.997;3.26;0.65;9.8;5', 'fixed_acidity;"volatile_acidity";"citric_acid";"residual_sugar";"chlorides";"free_sulfur_dioxide";"total_sulfur_dioxide";"density";"ph";"sulphates";"alcohol";"quality"__3': '11.2;0.28;0.56;1.9;0.075;17;60;0.998;3.16;0.58;9.8;6', 'fixed_acidity;"volatile_acidity";"citric_acid";"residual_sugar";"chlorides";"free_sulfur_dioxide";"total_sulfur_dioxide";"density";"ph";"sulphates";"alcohol";"quality"__4': '7.4;0.7;0;1.9;0.076;11;34;0.9978;3.51;0.56;9.4;5', 'fixed_acidity;"volatile_acidity";"citric_acid";"residual_sugar";"chlorides";"free_sulfur_dioxide";"total_sulfur_dioxide";"density";"ph";"sulphates";"alcohol";"quality"__5': '7.4;0.66;0;1.8;0.075;13;40;0.9978;3.51;0.56;9.4;5', 'fixed_acidity;"volatile_acidity";"citric_acid";"residual_sugar";"chlorides";"free_sulfur_dioxide";"total_sulfur_dioxide";"density";"ph";"sulphates";"alcohol";"quality"__6': '7.9;0.6;0.06;1.6;0.069;15;59;0.9964;3.3;0.46;9.4;5', 'fixed_acidity;"volatile_acidity";"citric_acid";"residual_sugar";"chlorides";"free_sulfur_dioxide";"total_sulfur_dioxide";"density";"ph";"sulphates";"alcohol";"quality"__7': '7.3;0.65;0;1.2;0.065;15;21;0.9946;3.39;0.47;10;7', 'fixed_acidity;"volatile_acidity";"citric_acid";"residual_sugar";"chlorides";"free_sulfur_dioxide";"total_sulfur_dioxide";"density";"ph";"sulphates";"alcohol";"quality"__8': '7.8;0.58;0.02;2;0.073;9;18;0.9968;3.36;0.57;9.5;7', 'fixed_acidity;"volatile_acidity";"citric_acid";"residual_sugar";"chlorides";"free_sulfur_dioxide";"total_sulfur_dioxide";"density";"ph";"sulphates";"alcohol";"quality"__9': '7.5;0.5;0.36;6.1;0.071;17;102;0.9978;3.35;0.8;10.5;5', 'fixed_acidity;"volatile_acidity";"citric_acid";"residual_sugar";"chlorides";"free_sulfur_dioxide";"total_sulfur_dioxide";"density";"ph";"sulphates";"alcohol";"quality"__10': '6.7;0.58;0.08;1.8;0.097;15;65;0.9959;3.28;0.54;9.2;5', 'fixed_acidity;"volatile_acidity";"citric_acid";"residual_sugar";"chlorides";"free_sulfur_dioxide";"total_sulfur_dioxide";"density";"ph";"sulphates";"alcohol";"quality"__11': '7.5;0.5;0.36;6.1;0.071;17;102;0.9978;3.35;0.8;10.5;5', 'fixed_acidity;"volatile_acidity";"citric_acid";"residual_sugar";"chlorides";"free_sulfur_dioxide";"total_sulfur_dioxide";"density";"ph";"sulphates";"alcohol";"quality"__12': '5.6;0.615;0;1.6;0.089;16;59;0.9943;3.58;0.52;9.9;5', 'fixed_acidity;"volatile_acidity";"citric_acid";"residual_sugar";"chlorides";"free_sulfur_dioxide";"total_sulfur_dioxide";"density";"ph";"sulphates";"alcohol";"quality"__13': '7.8;0.61;0.29;1.6;0.114;9;29;0.9974;3.26;1.56;9.1;5', 'fixed_acidity;"volatile_acidity";"citric_acid";"residual_sugar";"chlorides";"free_sulfur_dioxide";"total_sulfur_dioxide";"density";"ph";"sulphates";"alcohol";"quality"__14': '8.9;0.62;0.18;3.8;0.176;52;145;0.9986;3.16;0.88;9.2;5', 'fixed_acidity;"volatile_acidity";"citric_acid";"residual_sugar";"chlorides";"free_sulfur_dioxide";"total_sulfur_dioxide";"density";"ph";"sulphates";"alcohol";"quality"__15': '8.9;0.62;0.19;3.9;0.17;51;148;0.9986;3.17;0.93;9.2;5', 'fixed_acidity;"volatile_acidity";"citric_acid";"residual_sugar";"chlorides";"free_sulfur_dioxide";"total_sulfur_dioxide";"density";"ph";"sulphates";"alcohol";"quality"__16': '8.5;0.28;0.56;1.8;0.092;35;103;0.9969;3.3;0.75;10.5;7', 'fixed_acidity;"volatile_acidity";"citric_acid";"residual_sugar";"chlorides";"free_sulfur_dioxide";"total_sulfur_dioxide";"density";"ph";"sulphates";"alcohol";"quality"__17': '8.1;0.56;0.28;1.7;0.368;16;56;0.9968;3.11;1.28;9.3;5', 'fixed_acidity;"volatile_acidity";"citric_acid";"residual_sugar";"chlorides";"free_sulfur_dioxide";"total_sulfur_dioxide";"density";"ph";"sulphates";"alcohol";"quality"__18': '7.4;0.59;0.08;4.4;0.086;6;29;0.9974;3.38;0.5;9;4', 'fixed_acidity;"volatile_acidity";"citric_acid";"residual_sugar";"chlorides";"free_sulfur_dioxide";"total_sulfur_dioxide";"density";"ph";"sulphates";"alcohol";"quality"__19': '7.9;0.32;0.51;1.8;0.341;17;56;0.9969;3.04;1.08;9.2;6', 'fixed_acidity;"volatile_acidity";"citric_acid";"residual_sugar";"chlorides";"free_sulfur_dioxide";"total_sulfur_dioxide";"density";"ph";"sulphates";"alcohol";"quality"__20': '8.9;0.22;0.48;1.8;0.077;29;60;0.9968;3.39;0.53;9.4;6', 'fixed_acidity;"volatile_acidity";"citric_acid";"residual_sugar";"chlorides";"free_sulfur_dioxide";"total_sulfur_dioxide";"density";"ph";"sulphates";"alcohol";"quality"__21': '7.6;0.39;0.31;2.3;0.082;23;71;0.9982;3.52;0.65;9.7;5', 'fixed_acidity;"volatile_acidity";"citric_acid";"residual_sugar";"chlorides";"free_sulfur_dioxide";"total_sulfur_dioxide";"density";"ph";"sulphates";"alcohol";"quality"__22': '7.9;0.43;0.21;1.6;0.106;10;37;0.9966;3.17;0.91;9.5;5', 'fixed_acidity;"volatile_acidity";"citric_acid";"residual_sugar";"chlorides";"free_sulfur_dioxide";"total_sulfur_dioxide";"density";"ph";"sulphates";"alcohol";"quality"__23': '8.5;0.49;0.11;2.3;0.084;9;67;0.9968;3.17;0.53;9.4;5', 'fixed_acidity;"volatile_acidity";"citric_acid";"residual_sugar";"chlorides";"free_sulfur_dioxide";"total_sulfur_dioxide";"density";"ph";"sulphates";"alcohol";"quality"__24': '6.9;0.4;0.14;2.4;0.085;21;40;0.9968;3.43;0.63;9.7;6', 'fixed_acidity;"volatile_acidity";"citric_acid";"residual_sugar";"chlorides";"free_sulfur_dioxide";"total_sulfur_dioxide";"density";"ph";"sulphates";"alcohol";"quality"__25': '6.3;0.39;0.16;1.4;0.08;11;23;0.9955;3.34;0.56;9.3;5', 'fixed_acidity;"volatile_acidity";"citric_acid";"residual_sugar";"chlorides";"free_sulfur_dioxide";"total_sulfur_dioxide";"density";"ph";"sulphates";"alcohol";"quality"__26': '7.6;0.41;0.24;1.8;0.08;4;11;0.9962;3.28;0.59;9.5;5', 'fixed_acidity;"volatile_acidity";"citric_acid";"residual_sugar";"chlorides";"free_sulfur_dioxide";"total_sulfur_dioxide";"density";"ph";"sulphates";"alcohol";"quality"__27': '7.9;0.43;0.21;1.6;0.106;10;37;0.9966;3.17;0.91;9.5;5', 'fixed_acidity;"volatile_acidity";"citric_acid";"residual_sugar";"chlorides";"free_sulfur_dioxide";"total_sulfur_dioxide";"density";"ph";"sulphates";"alcohol";"quality"__28': '7.1;0.71;0;1.9;0.08;14;35;0.9972;3.47;0.55;9.4;5', 'fixed_acidity;"volatile_acidity";"citric_acid";"residual_sugar";"chlorides";"free_sulfur_dioxide";"total_sulfur_dioxide";"density";"ph";"sulphates";"alcohol";"quality"__29': '7.8;0.645;0;2;0.082;8;16;0.9964;3.38;0.59;9.8;6', 'fixed_acidity;"volatile_acidity";"citric_acid";"residual_sugar";"chlorides";"free_sulfur_dioxide";"total_sulfur_dioxide";"density";"ph";"sulphates";"alcohol";"quality"__30': '6.7;0.675;0.07;2.4;0.089;17;82;0.9958;3.35;0.54;10.1;5', 'fixed_acidity;"volatile_acidity";"citric_acid";"residual_sugar";"chlorides";"free_sulfur_dioxide";"total_sulfur_dioxide";"density";"ph";"sulphates";"alcohol";"quality"__31': '6.9;0.685;0;2.5;0.105;22;37;0.9966;3.46;0.57;10.6;6', 'fixed_acidity;"volatile_acidity";"citric_acid";"residual_sugar";"chlorides";"free_sulfur_dioxide";"total_sulfur_dioxide";"density";"ph";"sulphates";"alcohol";"quality"__32': '8.3;0.655;0.12;2.3;0.083;15;113;0.9966;3.17;0.66;9.8;5', 'fixed_acidity;"volatile_acidity";"citric_acid";"residual_sugar";"chlorides";"free_sulfur_dioxide";"total_sulfur_dioxide";"density";"ph";"sulphates";"alcohol";"quality"__33': '6.9;0.605;0.12;10.7;0.073;40;83;0.9993;3.45;0.52;9.4;6', 'fixed_acidity;"volatile_acidity";"citric_acid";"residual_sugar";"chlorides";"free_sulfur_dioxide";"total_sulfur_dioxide";"density";"ph";"sulphates";"alcohol";"quality"__34': '5.2;0.32;0.25;1.8;0.103;13;50;0.9957;3.38;0.55;9.2;5', 'fixed_acidity;"volatile_acidity";"citric_acid";"residual_sugar";"chlorides";"free_sulfur_dioxide";"total_sulfur_dioxide";"density";"ph";"sulphates";"alcohol";"quality"__35': '7.8;0.645;0;5.5;0.086;5;18;0.9986;3.4;0.55;9.6;6', 'fixed_acidity;"volatile_acidity";"citric_acid";"residual_sugar";"chlorides";"free_sulfur_dioxide";"total_sulfur_dioxide";"density";"ph";"sulphates";"alcohol";"quality"__36': '7.8;0.6;0.14;2.4;0.086;3;15;0.9975;3.42;0.6;10.8;6', 'fixed_acidity;"volatile_acidity";"citric_acid";"residual_sugar";"chlorides";"free_sulfur_dioxide";"total_sulfur_dioxide";"density";"ph";"sulphates";"alcohol";"quality"__37': '8.1;0.38;0.28;2.1;0.066;13;30;0.9968;3.23;0.73;9.7;7', 'fixed_acidity;"volatile_acidity";"citric_acid";"residual_sugar";"chlorides";"free_sulfur_dioxide";"total_sulfur_dioxide";"density";"ph";"sulphates";"alcohol";"quality"__38': '5.7;1.13;0.09;1.5;0.172;7;19;0.994;3.5;0.48;9.8;4', 'fixed_acidity;"volatile_acidity";"citric_acid";"residual_sugar";"chlorides";"free_sulfur_dioxide";"total_sulfur_dioxide";"density";"ph";"sulphates";"alcohol";"quality"__39': '7.3;0.45;0.36;5.9;0.074;12;87;0.9978;3.33;0.83;10.5;5', 'fixed_acidity;"volatile_acidity";"citric_acid";"residual_sugar";"chlorides";"free_sulfur_dioxide";"total_sulfur_dioxide";"density";"ph";"sulphates";"alcohol";"quality"__40': '7.3;0.45;0.36;5.9;0.074;12;87;0.9978;3.33;0.83;10.5;5', 'fixed_acidity;"volatile_acidity";"citric_acid";"residual_sugar";"chlorides";"free_sulfur_dioxide";"total_sulfur_dioxide";"density";"ph";"sulphates";"alcohol";"quality"__41': '8.8;0.61;0.3;2.8;0.088;17;46;0.9976;3.26;0.51;9.3;4', 'fixed_acidity;"volatile_acidity";"citric_acid";"residual_sugar";"chlorides";"free_sulfur_dioxide";"total_sulfur_dioxide";"density";"ph";"sulphates";"alcohol";"quality"__42': '7.5;0.49;0.2;2.6;0.332;8;14;0.9968;3.21;0.9;10.5;6', 'fixed_acidity;"volatile_acidity";"citric_acid";"residual_sugar";"chlorides";"free_sulfur_dioxide";"total_sulfur_dioxide";"density";"ph";"sulphates";"alcohol";"quality"__43': '8.1;0.66;0.22;2.2;0.069;9;23;0.9968;3.3;1.2;10.3;5', 'fixed_acidity;"volatile_acidity";"citric_acid";"residual_sugar";"chlorides";"free_sulfur_dioxide";"total_sulfur_dioxide";"density";"ph";"sulphates";"alcohol";"quality"__44': '6.8;0.67;0.02;1.8;0.05;5;11;0.9962;3.48;0.52;9.5;5', 'fixed_acidity;"volatile_acidity";"citric_acid";"residual_sugar";"chlorides";"free_sulfur_dioxide";"total_sulfur_dioxide";"density";"ph";"sulphates";"alcohol";"quality"__45': '4.6;0.52;0.15;2.1;0.054;8;65;0.9934;3.9;0.56;13.1;4', 'fixed_acidity;"volatile_acidity";"citric_acid";"residual_sugar";"chlorides";"free_sulfur_dioxide";"total_sulfur_dioxide";"density";"ph";"sulphates";"alcohol";"quality"__46': '7.7;0.935;0.43;2.2;0.114;22;114;0.997;3.25;0.73;9.2;5', 'fixed_acidity;"volatile_acidity";"citric_acid";"residual_sugar";"chlorides";"free_sulfur_dioxide";"total_sulfur_dioxide";"density";"ph";"sulphates";"alcohol";"quality"__47': '8.7;0.29;0.52;1.6;0.113;12;37;0.9969;3.25;0.58;9.5;5', 'fixed_acidity;"volatile_acidity";"citric_acid";"residual_sugar";"chlorides";"free_sulfur_dioxide";"total_sulfur_dioxide";"density";"ph";"sulphates";"alcohol";"quality"__48': '6.4;0.4;0.23;1.6;0.066;5;12;0.9958;3.34;0.56;9.2;5', 'fixed_acidity;"volatile_acidity";"citric_acid";"residual_sugar";"chlorides";"free_sulfur_dioxide";"total_sulfur_dioxide";"density";"ph";"sulphates";"alcohol";"quality"__49': '5.6;0.31;0.37;1.4;0.074;12;96;0.9954;3.32;0.58;9.2;5' ... 900 parameters truncated ... 'fixed_acidity;"volatile_acidity";"citric_acid";"residual_sugar";"chlorides";"free_sulfur_dioxide";"total_sulfur_dioxide";"density";"ph";"sulphates";"alcohol";"quality"__950': '8.9;0.12;0.45;1.8;0.075;10;21;0.99552;3.41;0.76;11.9;7', 'fixed_acidity;"volatile_acidity";"citric_acid";"residual_sugar";"chlorides";"free_sulfur_dioxide";"total_sulfur_dioxide";"density";"ph";"sulphates";"alcohol";"quality"__951': '8.3;0.28;0.48;2.1;0.093;6;12;0.99408;3.26;0.62;12.4;7', 'fixed_acidity;"volatile_acidity";"citric_acid";"residual_sugar";"chlorides";"free_sulfur_dioxide";"total_sulfur_dioxide";"density";"ph";"sulphates";"alcohol";"quality"__952': '8.2;0.31;0.4;2.2;0.058;6;10;0.99536;3.31;0.68;11.2;7', 'fixed_acidity;"volatile_acidity";"citric_acid";"residual_sugar";"chlorides";"free_sulfur_dioxide";"total_sulfur_dioxide";"density";"ph";"sulphates";"alcohol";"quality"__953': '10.2;0.34;0.48;2.1;0.052;5;9;0.99458;3.2;0.69;12.1;7', 'fixed_acidity;"volatile_acidity";"citric_acid";"residual_sugar";"chlorides";"free_sulfur_dioxide";"total_sulfur_dioxide";"density";"ph";"sulphates";"alcohol";"quality"__954': '7.6;0.43;0.4;2.7;0.082;6;11;0.99538;3.44;0.54;12.2;6', 'fixed_acidity;"volatile_acidity";"citric_acid";"residual_sugar";"chlorides";"free_sulfur_dioxide";"total_sulfur_dioxide";"density";"ph";"sulphates";"alcohol";"quality"__955': '8.5;0.21;0.52;1.9;0.09;9;23;0.99648;3.36;0.67;10.4;5', 'fixed_acidity;"volatile_acidity";"citric_acid";"residual_sugar";"chlorides";"free_sulfur_dioxide";"total_sulfur_dioxide";"density";"ph";"sulphates";"alcohol";"quality"__956': '9;0.36;0.52;2.1;0.111;5;10;0.99568;3.31;0.62;11.3;6', 'fixed_acidity;"volatile_acidity";"citric_acid";"residual_sugar";"chlorides";"free_sulfur_dioxide";"total_sulfur_dioxide";"density";"ph";"sulphates";"alcohol";"quality"__957': '9.5;0.37;0.52;2;0.088;12;51;0.99613;3.29;0.58;11.1;6', 'fixed_acidity;"volatile_acidity";"citric_acid";"residual_sugar";"chlorides";"free_sulfur_dioxide";"total_sulfur_dioxide";"density";"ph";"sulphates";"alcohol";"quality"__958': '6.4;0.57;0.12;2.3;0.12;25;36;0.99519;3.47;0.71;11.3;7', 'fixed_acidity;"volatile_acidity";"citric_acid";"residual_sugar";"chlorides";"free_sulfur_dioxide";"total_sulfur_dioxide";"density";"ph";"sulphates";"alcohol";"quality"__959': '8;0.59;0.05;2;0.089;12;32;0.99735;3.36;0.61;10;5', 'fixed_acidity;"volatile_acidity";"citric_acid";"residual_sugar";"chlorides";"free_sulfur_dioxide";"total_sulfur_dioxide";"density";"ph";"sulphates";"alcohol";"quality"__960': '8.5;0.47;0.27;1.9;0.058;18;38;0.99518;3.16;0.85;11.1;6', 'fixed_acidity;"volatile_acidity";"citric_acid";"residual_sugar";"chlorides";"free_sulfur_dioxide";"total_sulfur_dioxide";"density";"ph";"sulphates";"alcohol";"quality"__961': '7.1;0.56;0.14;1.6;0.078;7;18;0.99592;3.27;0.62;9.3;5', 'fixed_acidity;"volatile_acidity";"citric_acid";"residual_sugar";"chlorides";"free_sulfur_dioxide";"total_sulfur_dioxide";"density";"ph";"sulphates";"alcohol";"quality"__962': '6.6;0.57;0.02;2.1;0.115;6;16;0.99654;3.38;0.69;9.5;5', 'fixed_acidity;"volatile_acidity";"citric_acid";"residual_sugar";"chlorides";"free_sulfur_dioxide";"total_sulfur_dioxide";"density";"ph";"sulphates";"alcohol";"quality"__963': '8.8;0.27;0.39;2;0.1;20;27;0.99546;3.15;0.69;11.2;6', 'fixed_acidity;"volatile_acidity";"citric_acid";"residual_sugar";"chlorides";"free_sulfur_dioxide";"total_sulfur_dioxide";"density";"ph";"sulphates";"alcohol";"quality"__964': '8.5;0.47;0.27;1.9;0.058;18;38;0.99518;3.16;0.85;11.1;6', 'fixed_acidity;"volatile_acidity";"citric_acid";"residual_sugar";"chlorides";"free_sulfur_dioxide";"total_sulfur_dioxide";"density";"ph";"sulphates";"alcohol";"quality"__965': '8.3;0.34;0.4;2.4;0.065;24;48;0.99554;3.34;0.86;11;6', 'fixed_acidity;"volatile_acidity";"citric_acid";"residual_sugar";"chlorides";"free_sulfur_dioxide";"total_sulfur_dioxide";"density";"ph";"sulphates";"alcohol";"quality"__966': '9;0.38;0.41;2.4;0.103;6;10;0.99604;3.13;0.58;11.9;7', 'fixed_acidity;"volatile_acidity";"citric_acid";"residual_sugar";"chlorides";"free_sulfur_dioxide";"total_sulfur_dioxide";"density";"ph";"sulphates";"alcohol";"quality"__967': '8.5;0.66;0.2;2.1;0.097;23;113;0.99733;3.13;0.48;9.2;5', 'fixed_acidity;"volatile_acidity";"citric_acid";"residual_sugar";"chlorides";"free_sulfur_dioxide";"total_sulfur_dioxide";"density";"ph";"sulphates";"alcohol";"quality"__968': '9;0.4;0.43;2.4;0.068;29;46;0.9943;3.2;0.6;12.2;6', 'fixed_acidity;"volatile_acidity";"citric_acid";"residual_sugar";"chlorides";"free_sulfur_dioxide";"total_sulfur_dioxide";"density";"ph";"sulphates";"alcohol";"quality"__969': '6.7;0.56;0.09;2.9;0.079;7;22;0.99669;3.46;0.61;10.2;5', 'fixed_acidity;"volatile_acidity";"citric_acid";"residual_sugar";"chlorides";"free_sulfur_dioxide";"total_sulfur_dioxide";"density";"ph";"sulphates";"alcohol";"quality"__970': '10.4;0.26;0.48;1.9;0.066;6;10;0.99724;3.33;0.87;10.9;6', 'fixed_acidity;"volatile_acidity";"citric_acid";"residual_sugar";"chlorides";"free_sulfur_dioxide";"total_sulfur_dioxide";"density";"ph";"sulphates";"alcohol";"quality"__971': '10.4;0.26;0.48;1.9;0.066;6;10;0.99724;3.33;0.87;10.9;6', 'fixed_acidity;"volatile_acidity";"citric_acid";"residual_sugar";"chlorides";"free_sulfur_dioxide";"total_sulfur_dioxide";"density";"ph";"sulphates";"alcohol";"quality"__972': '10.1;0.38;0.5;2.4;0.104;6;13;0.99643;3.22;0.65;11.6;7', 'fixed_acidity;"volatile_acidity";"citric_acid";"residual_sugar";"chlorides";"free_sulfur_dioxide";"total_sulfur_dioxide";"density";"ph";"sulphates";"alcohol";"quality"__973': '8.5;0.34;0.44;1.7;0.079;6;12;0.99605;3.52;0.63;10.7;5', 'fixed_acidity;"volatile_acidity";"citric_acid";"residual_sugar";"chlorides";"free_sulfur_dioxide";"total_sulfur_dioxide";"density";"ph";"sulphates";"alcohol";"quality"__974': '8.8;0.33;0.41;5.9;0.073;7;13;0.99658;3.3;0.62;12.1;7', 'fixed_acidity;"volatile_acidity";"citric_acid";"residual_sugar";"chlorides";"free_sulfur_dioxide";"total_sulfur_dioxide";"density";"ph";"sulphates";"alcohol";"quality"__975': '7.2;0.41;0.3;2.1;0.083;35;72;0.997;3.44;0.52;9.4;5', 'fixed_acidity;"volatile_acidity";"citric_acid";"residual_sugar";"chlorides";"free_sulfur_dioxide";"total_sulfur_dioxide";"density";"ph";"sulphates";"alcohol";"quality"__976': '7.2;0.41;0.3;2.1;0.083;35;72;0.997;3.44;0.52;9.4;5', 'fixed_acidity;"volatile_acidity";"citric_acid";"residual_sugar";"chlorides";"free_sulfur_dioxide";"total_sulfur_dioxide";"density";"ph";"sulphates";"alcohol";"quality"__977': '8.4;0.59;0.29;2.6;0.109;31;119;0.99801;3.15;0.5;9.1;5', 'fixed_acidity;"volatile_acidity";"citric_acid";"residual_sugar";"chlorides";"free_sulfur_dioxide";"total_sulfur_dioxide";"density";"ph";"sulphates";"alcohol";"quality"__978': '7;0.4;0.32;3.6;0.061;9;29;0.99416;3.28;0.49;11.3;7', 'fixed_acidity;"volatile_acidity";"citric_acid";"residual_sugar";"chlorides";"free_sulfur_dioxide";"total_sulfur_dioxide";"density";"ph";"sulphates";"alcohol";"quality"__979': '12.2;0.45;0.49;1.4;0.075;3;6;0.9969;3.13;0.63;10.4;5', 'fixed_acidity;"volatile_acidity";"citric_acid";"residual_sugar";"chlorides";"free_sulfur_dioxide";"total_sulfur_dioxide";"density";"ph";"sulphates";"alcohol";"quality"__980': '9.1;0.5;0.3;1.9;0.065;8;17;0.99774;3.32;0.71;10.5;6', 'fixed_acidity;"volatile_acidity";"citric_acid";"residual_sugar";"chlorides";"free_sulfur_dioxide";"total_sulfur_dioxide";"density";"ph";"sulphates";"alcohol";"quality"__981': '9.5;0.86;0.26;1.9;0.079;13;28;0.99712;3.25;0.62;10;5', 'fixed_acidity;"volatile_acidity";"citric_acid";"residual_sugar";"chlorides";"free_sulfur_dioxide";"total_sulfur_dioxide";"density";"ph";"sulphates";"alcohol";"quality"__982': '7.3;0.52;0.32;2.1;0.07;51;70;0.99418;3.34;0.82;12.9;6', 'fixed_acidity;"volatile_acidity";"citric_acid";"residual_sugar";"chlorides";"free_sulfur_dioxide";"total_sulfur_dioxide";"density";"ph";"sulphates";"alcohol";"quality"__983': '9.1;0.5;0.3;1.9;0.065;8;17;0.99774;3.32;0.71;10.5;6', 'fixed_acidity;"volatile_acidity";"citric_acid";"residual_sugar";"chlorides";"free_sulfur_dioxide";"total_sulfur_dioxide";"density";"ph";"sulphates";"alcohol";"quality"__984': '12.2;0.45;0.49;1.4;0.075;3;6;0.9969;3.13;0.63;10.4;5', 'fixed_acidity;"volatile_acidity";"citric_acid";"residual_sugar";"chlorides";"free_sulfur_dioxide";"total_sulfur_dioxide";"density";"ph";"sulphates";"alcohol";"quality"__985': '7.4;0.58;0;2;0.064;7;11;0.99562;3.45;0.58;11.3;6', 'fixed_acidity;"volatile_acidity";"citric_acid";"residual_sugar";"chlorides";"free_sulfur_dioxide";"total_sulfur_dioxide";"density";"ph";"sulphates";"alcohol";"quality"__986': '9.8;0.34;0.39;1.4;0.066;3;7;0.9947;3.19;0.55;11.4;7', 'fixed_acidity;"volatile_acidity";"citric_acid";"residual_sugar";"chlorides";"free_sulfur_dioxide";"total_sulfur_dioxide";"density";"ph";"sulphates";"alcohol";"quality"__987': '7.1;0.36;0.3;1.6;0.08;35;70;0.99693;3.44;0.5;9.4;5', 'fixed_acidity;"volatile_acidity";"citric_acid";"residual_sugar";"chlorides";"free_sulfur_dioxide";"total_sulfur_dioxide";"density";"ph";"sulphates";"alcohol";"quality"__988': '7.7;0.39;0.12;1.7;0.097;19;27;0.99596;3.16;0.49;9.4;5', 'fixed_acidity;"volatile_acidity";"citric_acid";"residual_sugar";"chlorides";"free_sulfur_dioxide";"total_sulfur_dioxide";"density";"ph";"sulphates";"alcohol";"quality"__989': '9.7;0.295;0.4;1.5;0.073;14;21;0.99556;3.14;0.51;10.9;6', 'fixed_acidity;"volatile_acidity";"citric_acid";"residual_sugar";"chlorides";"free_sulfur_dioxide";"total_sulfur_dioxide";"density";"ph";"sulphates";"alcohol";"quality"__990': '7.7;0.39;0.12;1.7;0.097;19;27;0.99596;3.16;0.49;9.4;5', 'fixed_acidity;"volatile_acidity";"citric_acid";"residual_sugar";"chlorides";"free_sulfur_dioxide";"total_sulfur_dioxide";"density";"ph";"sulphates";"alcohol";"quality"__991': '7.1;0.34;0.28;2;0.082;31;68;0.99694;3.45;0.48;9.4;5', 'fixed_acidity;"volatile_acidity";"citric_acid";"residual_sugar";"chlorides";"free_sulfur_dioxide";"total_sulfur_dioxide";"density";"ph";"sulphates";"alcohol";"quality"__992': '6.5;0.4;0.1;2;0.076;30;47;0.99554;3.36;0.48;9.4;6', 'fixed_acidity;"volatile_acidity";"citric_acid";"residual_sugar";"chlorides";"free_sulfur_dioxide";"total_sulfur_dioxide";"density";"ph";"sulphates";"alcohol";"quality"__993': '7.1;0.34;0.28;2;0.082;31;68;0.99694;3.45;0.48;9.4;5', 'fixed_acidity;"volatile_acidity";"citric_acid";"residual_sugar";"chlorides";"free_sulfur_dioxide";"total_sulfur_dioxide";"density";"ph";"sulphates";"alcohol";"quality"__994': '10;0.35;0.45;2.5;0.092;20;88;0.99918;3.15;0.43;9.4;5', 'fixed_acidity;"volatile_acidity";"citric_acid";"residual_sugar";"chlorides";"free_sulfur_dioxide";"total_sulfur_dioxide";"density";"ph";"sulphates";"alcohol";"quality"__995': '7.7;0.6;0.06;2;0.079;19;41;0.99697;3.39;0.62;10.1;6', 'fixed_acidity;"volatile_acidity";"citric_acid";"residual_sugar";"chlorides";"free_sulfur_dioxide";"total_sulfur_dioxide";"density";"ph";"sulphates";"alcohol";"quality"__996': '5.6;0.66;0;2.2;0.087;3;11;0.99378;3.71;0.63;12.8;7', 'fixed_acidity;"volatile_acidity";"citric_acid";"residual_sugar";"chlorides";"free_sulfur_dioxide";"total_sulfur_dioxide";"density";"ph";"sulphates";"alcohol";"quality"__997': '5.6;0.66;0;2.2;0.087;3;11;0.99378;3.71;0.63;12.8;7', 'fixed_acidity;"volatile_acidity";"citric_acid";"residual_sugar";"chlorides";"free_sulfur_dioxide";"total_sulfur_dioxide";"density";"ph";"sulphates";"alcohol";"quality"__998': '8.9;0.84;0.34;1.4;0.05;4;10;0.99554;3.12;0.48;9.1;6', 'fixed_acidity;"volatile_acidity";"citric_acid";"residual_sugar";"chlorides";"free_sulfur_dioxide";"total_sulfur_dioxide";"density";"ph";"sulphates";"alcohol";"quality"__999': '6.4;0.69;0;1.65;0.055;7;12;0.99162;3.47;0.53;12.9;6'}]
(Background on this error at: https://sqlalche.me/e/20/f405)
Traceback (most recent call last):
  File "C:\Users\aman9\etl_pipeline\Lib\site-packages\sqlalchemy\engine\base.py", line 2118, in _exec_insertmany_context
    dialect.do_execute(
  File "C:\Users\aman9\etl_pipeline\Lib\site-packages\sqlalchemy\engine\default.py", line 951, in do_execute
    cursor.execute(statement, parameters)
psycopg2.errors.UndefinedColumn: column "fixed_acidity;"volatile_acidity";"citric_acid";"residual_sugar"" of relation "etl_data" does not exist
LINE 1: INSERT INTO etl_data ("fixed_acidity;""volatile_acidity"";""...
                              ^


The above exception was the direct cause of the following exception:

Traceback (most recent call last):
  File "C:\Users\aman9\etl_pipeline\main.py", line 35, in main
    load_to_postgres(df_clean, table)
  File "C:\Users\aman9\etl_pipeline\etl\load.py", line 11, in load_to_postgres
    df.to_sql(table_name, con=conn, if_exists='append', index=False)
  File "C:\Users\aman9\etl_pipeline\Lib\site-packages\pandas\util\_decorators.py", line 333, in wrapper
    return func(*args, **kwargs)
           ^^^^^^^^^^^^^^^^^^^^^
  File "C:\Users\aman9\etl_pipeline\Lib\site-packages\pandas\core\generic.py", line 3109, in to_sql
    return sql.to_sql(
           ^^^^^^^^^^^
  File "C:\Users\aman9\etl_pipeline\Lib\site-packages\pandas\io\sql.py", line 844, in to_sql
    return pandas_sql.to_sql(
           ^^^^^^^^^^^^^^^^^^
  File "C:\Users\aman9\etl_pipeline\Lib\site-packages\pandas\io\sql.py", line 2030, in to_sql
    total_inserted = sql_engine.insert_records(
                     ^^^^^^^^^^^^^^^^^^^^^^^^^^
  File "C:\Users\aman9\etl_pipeline\Lib\site-packages\pandas\io\sql.py", line 1579, in insert_records
    raise err
  File "C:\Users\aman9\etl_pipeline\Lib\site-packages\pandas\io\sql.py", line 1570, in insert_records
    return table.insert(chunksize=chunksize, method=method)
           ^^^^^^^^^^^^^^^^^^^^^^^^^^^^^^^^^^^^^^^^^^^^^^^^
  File "C:\Users\aman9\etl_pipeline\Lib\site-packages\pandas\io\sql.py", line 1121, in insert
    num_inserted = exec_insert(conn, keys, chunk_iter)
                   ^^^^^^^^^^^^^^^^^^^^^^^^^^^^^^^^^^^
  File "C:\Users\aman9\etl_pipeline\Lib\site-packages\pandas\io\sql.py", line 1012, in _execute_insert
    result = conn.execute(self.table.insert(), data)
             ^^^^^^^^^^^^^^^^^^^^^^^^^^^^^^^^^^^^^^^
  File "C:\Users\aman9\etl_pipeline\Lib\site-packages\sqlalchemy\engine\base.py", line 1419, in execute
    return meth(
           ^^^^^
  File "C:\Users\aman9\etl_pipeline\Lib\site-packages\sqlalchemy\sql\elements.py", line 526, in _execute_on_connection
    return connection._execute_clauseelement(
           ^^^^^^^^^^^^^^^^^^^^^^^^^^^^^^^^^^
  File "C:\Users\aman9\etl_pipeline\Lib\site-packages\sqlalchemy\engine\base.py", line 1641, in _execute_clauseelement
    ret = self._execute_context(
          ^^^^^^^^^^^^^^^^^^^^^^
  File "C:\Users\aman9\etl_pipeline\Lib\site-packages\sqlalchemy\engine\base.py", line 1844, in _execute_context
    return self._exec_insertmany_context(dialect, context)
           ^^^^^^^^^^^^^^^^^^^^^^^^^^^^^^^^^^^^^^^^^^^^^^^
  File "C:\Users\aman9\etl_pipeline\Lib\site-packages\sqlalchemy\engine\base.py", line 2126, in _exec_insertmany_context
    self._handle_dbapi_exception(
  File "C:\Users\aman9\etl_pipeline\Lib\site-packages\sqlalchemy\engine\base.py", line 2355, in _handle_dbapi_exception
    raise sqlalchemy_exception.with_traceback(exc_info[2]) from e
  File "C:\Users\aman9\etl_pipeline\Lib\site-packages\sqlalchemy\engine\base.py", line 2118, in _exec_insertmany_context
    dialect.do_execute(
  File "C:\Users\aman9\etl_pipeline\Lib\site-packages\sqlalchemy\engine\default.py", line 951, in do_execute
    cursor.execute(statement, parameters)
sqlalchemy.exc.ProgrammingError: (psycopg2.errors.UndefinedColumn) column "fixed_acidity;"volatile_acidity";"citric_acid";"residual_sugar"" of relation "etl_data" does not exist
LINE 1: INSERT INTO etl_data ("fixed_acidity;""volatile_acidity"";""...
                              ^

[SQL: INSERT INTO etl_data ("fixed_acidity;""volatile_acidity"";""citric_acid"";""residual_sugar"";""chlorides"";""free_sulfur_dioxide"";""total_sulfur_dioxide"";""density"";""ph"";""sulphates"";""alcohol"";""quality""") VALUES (%(fixed_acidity;"volatile_a ... 179760 characters truncated ... ;"free_sulfur_dioxide";"total_sulfur_dioxide";"density";"ph";"sulphates";"alcohol";"quality"__999)s)]
[parameters: {'fixed_acidity;"volatile_acidity";"citric_acid";"residual_sugar";"chlorides";"free_sulfur_dioxide";"total_sulfur_dioxide";"density";"ph";"sulphates";"alcohol";"quality"__0': '7.4;0.7;0;1.9;0.076;11;34;0.9978;3.51;0.56;9.4;5', 'fixed_acidity;"volatile_acidity";"citric_acid";"residual_sugar";"chlorides";"free_sulfur_dioxide";"total_sulfur_dioxide";"density";"ph";"sulphates";"alcohol";"quality"__1': '7.8;0.88;0;2.6;0.098;25;67;0.9968;3.2;0.68;9.8;5', 'fixed_acidity;"volatile_acidity";"citric_acid";"residual_sugar";"chlorides";"free_sulfur_dioxide";"total_sulfur_dioxide";"density";"ph";"sulphates";"alcohol";"quality"__2': '7.8;0.76;0.04;2.3;0.092;15;54;0.997;3.26;0.65;9.8;5', 'fixed_acidity;"volatile_acidity";"citric_acid";"residual_sugar";"chlorides";"free_sulfur_dioxide";"total_sulfur_dioxide";"density";"ph";"sulphates";"alcohol";"quality"__3': '11.2;0.28;0.56;1.9;0.075;17;60;0.998;3.16;0.58;9.8;6', 'fixed_acidity;"volatile_acidity";"citric_acid";"residual_sugar";"chlorides";"free_sulfur_dioxide";"total_sulfur_dioxide";"density";"ph";"sulphates";"alcohol";"quality"__4': '7.4;0.7;0;1.9;0.076;11;34;0.9978;3.51;0.56;9.4;5', 'fixed_acidity;"volatile_acidity";"citric_acid";"residual_sugar";"chlorides";"free_sulfur_dioxide";"total_sulfur_dioxide";"density";"ph";"sulphates";"alcohol";"quality"__5': '7.4;0.66;0;1.8;0.075;13;40;0.9978;3.51;0.56;9.4;5', 'fixed_acidity;"volatile_acidity";"citric_acid";"residual_sugar";"chlorides";"free_sulfur_dioxide";"total_sulfur_dioxide";"density";"ph";"sulphates";"alcohol";"quality"__6': '7.9;0.6;0.06;1.6;0.069;15;59;0.9964;3.3;0.46;9.4;5', 'fixed_acidity;"volatile_acidity";"citric_acid";"residual_sugar";"chlorides";"free_sulfur_dioxide";"total_sulfur_dioxide";"density";"ph";"sulphates";"alcohol";"quality"__7': '7.3;0.65;0;1.2;0.065;15;21;0.9946;3.39;0.47;10;7', 'fixed_acidity;"volatile_acidity";"citric_acid";"residual_sugar";"chlorides";"free_sulfur_dioxide";"total_sulfur_dioxide";"density";"ph";"sulphates";"alcohol";"quality"__8': '7.8;0.58;0.02;2;0.073;9;18;0.9968;3.36;0.57;9.5;7', 'fixed_acidity;"volatile_acidity";"citric_acid";"residual_sugar";"chlorides";"free_sulfur_dioxide";"total_sulfur_dioxide";"density";"ph";"sulphates";"alcohol";"quality"__9': '7.5;0.5;0.36;6.1;0.071;17;102;0.9978;3.35;0.8;10.5;5', 'fixed_acidity;"volatile_acidity";"citric_acid";"residual_sugar";"chlorides";"free_sulfur_dioxide";"total_sulfur_dioxide";"density";"ph";"sulphates";"alcohol";"quality"__10': '6.7;0.58;0.08;1.8;0.097;15;65;0.9959;3.28;0.54;9.2;5', 'fixed_acidity;"volatile_acidity";"citric_acid";"residual_sugar";"chlorides";"free_sulfur_dioxide";"total_sulfur_dioxide";"density";"ph";"sulphates";"alcohol";"quality"__11': '7.5;0.5;0.36;6.1;0.071;17;102;0.9978;3.35;0.8;10.5;5', 'fixed_acidity;"volatile_acidity";"citric_acid";"residual_sugar";"chlorides";"free_sulfur_dioxide";"total_sulfur_dioxide";"density";"ph";"sulphates";"alcohol";"quality"__12': '5.6;0.615;0;1.6;0.089;16;59;0.9943;3.58;0.52;9.9;5', 'fixed_acidity;"volatile_acidity";"citric_acid";"residual_sugar";"chlorides";"free_sulfur_dioxide";"total_sulfur_dioxide";"density";"ph";"sulphates";"alcohol";"quality"__13': '7.8;0.61;0.29;1.6;0.114;9;29;0.9974;3.26;1.56;9.1;5', 'fixed_acidity;"volatile_acidity";"citric_acid";"residual_sugar";"chlorides";"free_sulfur_dioxide";"total_sulfur_dioxide";"density";"ph";"sulphates";"alcohol";"quality"__14': '8.9;0.62;0.18;3.8;0.176;52;145;0.9986;3.16;0.88;9.2;5', 'fixed_acidity;"volatile_acidity";"citric_acid";"residual_sugar";"chlorides";"free_sulfur_dioxide";"total_sulfur_dioxide";"density";"ph";"sulphates";"alcohol";"quality"__15': '8.9;0.62;0.19;3.9;0.17;51;148;0.9986;3.17;0.93;9.2;5', 'fixed_acidity;"volatile_acidity";"citric_acid";"residual_sugar";"chlorides";"free_sulfur_dioxide";"total_sulfur_dioxide";"density";"ph";"sulphates";"alcohol";"quality"__16': '8.5;0.28;0.56;1.8;0.092;35;103;0.9969;3.3;0.75;10.5;7', 'fixed_acidity;"volatile_acidity";"citric_acid";"residual_sugar";"chlorides";"free_sulfur_dioxide";"total_sulfur_dioxide";"density";"ph";"sulphates";"alcohol";"quality"__17': '8.1;0.56;0.28;1.7;0.368;16;56;0.9968;3.11;1.28;9.3;5', 'fixed_acidity;"volatile_acidity";"citric_acid";"residual_sugar";"chlorides";"free_sulfur_dioxide";"total_sulfur_dioxide";"density";"ph";"sulphates";"alcohol";"quality"__18': '7.4;0.59;0.08;4.4;0.086;6;29;0.9974;3.38;0.5;9;4', 'fixed_acidity;"volatile_acidity";"citric_acid";"residual_sugar";"chlorides";"free_sulfur_dioxide";"total_sulfur_dioxide";"density";"ph";"sulphates";"alcohol";"quality"__19': '7.9;0.32;0.51;1.8;0.341;17;56;0.9969;3.04;1.08;9.2;6', 'fixed_acidity;"volatile_acidity";"citric_acid";"residual_sugar";"chlorides";"free_sulfur_dioxide";"total_sulfur_dioxide";"density";"ph";"sulphates";"alcohol";"quality"__20': '8.9;0.22;0.48;1.8;0.077;29;60;0.9968;3.39;0.53;9.4;6', 'fixed_acidity;"volatile_acidity";"citric_acid";"residual_sugar";"chlorides";"free_sulfur_dioxide";"total_sulfur_dioxide";"density";"ph";"sulphates";"alcohol";"quality"__21': '7.6;0.39;0.31;2.3;0.082;23;71;0.9982;3.52;0.65;9.7;5', 'fixed_acidity;"volatile_acidity";"citric_acid";"residual_sugar";"chlorides";"free_sulfur_dioxide";"total_sulfur_dioxide";"density";"ph";"sulphates";"alcohol";"quality"__22': '7.9;0.43;0.21;1.6;0.106;10;37;0.9966;3.17;0.91;9.5;5', 'fixed_acidity;"volatile_acidity";"citric_acid";"residual_sugar";"chlorides";"free_sulfur_dioxide";"total_sulfur_dioxide";"density";"ph";"sulphates";"alcohol";"quality"__23': '8.5;0.49;0.11;2.3;0.084;9;67;0.9968;3.17;0.53;9.4;5', 'fixed_acidity;"volatile_acidity";"citric_acid";"residual_sugar";"chlorides";"free_sulfur_dioxide";"total_sulfur_dioxide";"density";"ph";"sulphates";"alcohol";"quality"__24': '6.9;0.4;0.14;2.4;0.085;21;40;0.9968;3.43;0.63;9.7;6', 'fixed_acidity;"volatile_acidity";"citric_acid";"residual_sugar";"chlorides";"free_sulfur_dioxide";"total_sulfur_dioxide";"density";"ph";"sulphates";"alcohol";"quality"__25': '6.3;0.39;0.16;1.4;0.08;11;23;0.9955;3.34;0.56;9.3;5', 'fixed_acidity;"volatile_acidity";"citric_acid";"residual_sugar";"chlorides";"free_sulfur_dioxide";"total_sulfur_dioxide";"density";"ph";"sulphates";"alcohol";"quality"__26': '7.6;0.41;0.24;1.8;0.08;4;11;0.9962;3.28;0.59;9.5;5', 'fixed_acidity;"volatile_acidity";"citric_acid";"residual_sugar";"chlorides";"free_sulfur_dioxide";"total_sulfur_dioxide";"density";"ph";"sulphates";"alcohol";"quality"__27': '7.9;0.43;0.21;1.6;0.106;10;37;0.9966;3.17;0.91;9.5;5', 'fixed_acidity;"volatile_acidity";"citric_acid";"residual_sugar";"chlorides";"free_sulfur_dioxide";"total_sulfur_dioxide";"density";"ph";"sulphates";"alcohol";"quality"__28': '7.1;0.71;0;1.9;0.08;14;35;0.9972;3.47;0.55;9.4;5', 'fixed_acidity;"volatile_acidity";"citric_acid";"residual_sugar";"chlorides";"free_sulfur_dioxide";"total_sulfur_dioxide";"density";"ph";"sulphates";"alcohol";"quality"__29': '7.8;0.645;0;2;0.082;8;16;0.9964;3.38;0.59;9.8;6', 'fixed_acidity;"volatile_acidity";"citric_acid";"residual_sugar";"chlorides";"free_sulfur_dioxide";"total_sulfur_dioxide";"density";"ph";"sulphates";"alcohol";"quality"__30': '6.7;0.675;0.07;2.4;0.089;17;82;0.9958;3.35;0.54;10.1;5', 'fixed_acidity;"volatile_acidity";"citric_acid";"residual_sugar";"chlorides";"free_sulfur_dioxide";"total_sulfur_dioxide";"density";"ph";"sulphates";"alcohol";"quality"__31': '6.9;0.685;0;2.5;0.105;22;37;0.9966;3.46;0.57;10.6;6', 'fixed_acidity;"volatile_acidity";"citric_acid";"residual_sugar";"chlorides";"free_sulfur_dioxide";"total_sulfur_dioxide";"density";"ph";"sulphates";"alcohol";"quality"__32': '8.3;0.655;0.12;2.3;0.083;15;113;0.9966;3.17;0.66;9.8;5', 'fixed_acidity;"volatile_acidity";"citric_acid";"residual_sugar";"chlorides";"free_sulfur_dioxide";"total_sulfur_dioxide";"density";"ph";"sulphates";"alcohol";"quality"__33': '6.9;0.605;0.12;10.7;0.073;40;83;0.9993;3.45;0.52;9.4;6', 'fixed_acidity;"volatile_acidity";"citric_acid";"residual_sugar";"chlorides";"free_sulfur_dioxide";"total_sulfur_dioxide";"density";"ph";"sulphates";"alcohol";"quality"__34': '5.2;0.32;0.25;1.8;0.103;13;50;0.9957;3.38;0.55;9.2;5', 'fixed_acidity;"volatile_acidity";"citric_acid";"residual_sugar";"chlorides";"free_sulfur_dioxide";"total_sulfur_dioxide";"density";"ph";"sulphates";"alcohol";"quality"__35': '7.8;0.645;0;5.5;0.086;5;18;0.9986;3.4;0.55;9.6;6', 'fixed_acidity;"volatile_acidity";"citric_acid";"residual_sugar";"chlorides";"free_sulfur_dioxide";"total_sulfur_dioxide";"density";"ph";"sulphates";"alcohol";"quality"__36': '7.8;0.6;0.14;2.4;0.086;3;15;0.9975;3.42;0.6;10.8;6', 'fixed_acidity;"volatile_acidity";"citric_acid";"residual_sugar";"chlorides";"free_sulfur_dioxide";"total_sulfur_dioxide";"density";"ph";"sulphates";"alcohol";"quality"__37': '8.1;0.38;0.28;2.1;0.066;13;30;0.9968;3.23;0.73;9.7;7', 'fixed_acidity;"volatile_acidity";"citric_acid";"residual_sugar";"chlorides";"free_sulfur_dioxide";"total_sulfur_dioxide";"density";"ph";"sulphates";"alcohol";"quality"__38': '5.7;1.13;0.09;1.5;0.172;7;19;0.994;3.5;0.48;9.8;4', 'fixed_acidity;"volatile_acidity";"citric_acid";"residual_sugar";"chlorides";"free_sulfur_dioxide";"total_sulfur_dioxide";"density";"ph";"sulphates";"alcohol";"quality"__39': '7.3;0.45;0.36;5.9;0.074;12;87;0.9978;3.33;0.83;10.5;5', 'fixed_acidity;"volatile_acidity";"citric_acid";"residual_sugar";"chlorides";"free_sulfur_dioxide";"total_sulfur_dioxide";"density";"ph";"sulphates";"alcohol";"quality"__40': '7.3;0.45;0.36;5.9;0.074;12;87;0.9978;3.33;0.83;10.5;5', 'fixed_acidity;"volatile_acidity";"citric_acid";"residual_sugar";"chlorides";"free_sulfur_dioxide";"total_sulfur_dioxide";"density";"ph";"sulphates";"alcohol";"quality"__41': '8.8;0.61;0.3;2.8;0.088;17;46;0.9976;3.26;0.51;9.3;4', 'fixed_acidity;"volatile_acidity";"citric_acid";"residual_sugar";"chlorides";"free_sulfur_dioxide";"total_sulfur_dioxide";"density";"ph";"sulphates";"alcohol";"quality"__42': '7.5;0.49;0.2;2.6;0.332;8;14;0.9968;3.21;0.9;10.5;6', 'fixed_acidity;"volatile_acidity";"citric_acid";"residual_sugar";"chlorides";"free_sulfur_dioxide";"total_sulfur_dioxide";"density";"ph";"sulphates";"alcohol";"quality"__43': '8.1;0.66;0.22;2.2;0.069;9;23;0.9968;3.3;1.2;10.3;5', 'fixed_acidity;"volatile_acidity";"citric_acid";"residual_sugar";"chlorides";"free_sulfur_dioxide";"total_sulfur_dioxide";"density";"ph";"sulphates";"alcohol";"quality"__44': '6.8;0.67;0.02;1.8;0.05;5;11;0.9962;3.48;0.52;9.5;5', 'fixed_acidity;"volatile_acidity";"citric_acid";"residual_sugar";"chlorides";"free_sulfur_dioxide";"total_sulfur_dioxide";"density";"ph";"sulphates";"alcohol";"quality"__45': '4.6;0.52;0.15;2.1;0.054;8;65;0.9934;3.9;0.56;13.1;4', 'fixed_acidity;"volatile_acidity";"citric_acid";"residual_sugar";"chlorides";"free_sulfur_dioxide";"total_sulfur_dioxide";"density";"ph";"sulphates";"alcohol";"quality"__46': '7.7;0.935;0.43;2.2;0.114;22;114;0.997;3.25;0.73;9.2;5', 'fixed_acidity;"volatile_acidity";"citric_acid";"residual_sugar";"chlorides";"free_sulfur_dioxide";"total_sulfur_dioxide";"density";"ph";"sulphates";"alcohol";"quality"__47': '8.7;0.29;0.52;1.6;0.113;12;37;0.9969;3.25;0.58;9.5;5', 'fixed_acidity;"volatile_acidity";"citric_acid";"residual_sugar";"chlorides";"free_sulfur_dioxide";"total_sulfur_dioxide";"density";"ph";"sulphates";"alcohol";"quality"__48': '6.4;0.4;0.23;1.6;0.066;5;12;0.9958;3.34;0.56;9.2;5', 'fixed_acidity;"volatile_acidity";"citric_acid";"residual_sugar";"chlorides";"free_sulfur_dioxide";"total_sulfur_dioxide";"density";"ph";"sulphates";"alcohol";"quality"__49': '5.6;0.31;0.37;1.4;0.074;12;96;0.9954;3.32;0.58;9.2;5' ... 900 parameters truncated ... 'fixed_acidity;"volatile_acidity";"citric_acid";"residual_sugar";"chlorides";"free_sulfur_dioxide";"total_sulfur_dioxide";"density";"ph";"sulphates";"alcohol";"quality"__950': '8.9;0.12;0.45;1.8;0.075;10;21;0.99552;3.41;0.76;11.9;7', 'fixed_acidity;"volatile_acidity";"citric_acid";"residual_sugar";"chlorides";"free_sulfur_dioxide";"total_sulfur_dioxide";"density";"ph";"sulphates";"alcohol";"quality"__951': '8.3;0.28;0.48;2.1;0.093;6;12;0.99408;3.26;0.62;12.4;7', 'fixed_acidity;"volatile_acidity";"citric_acid";"residual_sugar";"chlorides";"free_sulfur_dioxide";"total_sulfur_dioxide";"density";"ph";"sulphates";"alcohol";"quality"__952': '8.2;0.31;0.4;2.2;0.058;6;10;0.99536;3.31;0.68;11.2;7', 'fixed_acidity;"volatile_acidity";"citric_acid";"residual_sugar";"chlorides";"free_sulfur_dioxide";"total_sulfur_dioxide";"density";"ph";"sulphates";"alcohol";"quality"__953': '10.2;0.34;0.48;2.1;0.052;5;9;0.99458;3.2;0.69;12.1;7', 'fixed_acidity;"volatile_acidity";"citric_acid";"residual_sugar";"chlorides";"free_sulfur_dioxide";"total_sulfur_dioxide";"density";"ph";"sulphates";"alcohol";"quality"__954': '7.6;0.43;0.4;2.7;0.082;6;11;0.99538;3.44;0.54;12.2;6', 'fixed_acidity;"volatile_acidity";"citric_acid";"residual_sugar";"chlorides";"free_sulfur_dioxide";"total_sulfur_dioxide";"density";"ph";"sulphates";"alcohol";"quality"__955': '8.5;0.21;0.52;1.9;0.09;9;23;0.99648;3.36;0.67;10.4;5', 'fixed_acidity;"volatile_acidity";"citric_acid";"residual_sugar";"chlorides";"free_sulfur_dioxide";"total_sulfur_dioxide";"density";"ph";"sulphates";"alcohol";"quality"__956': '9;0.36;0.52;2.1;0.111;5;10;0.99568;3.31;0.62;11.3;6', 'fixed_acidity;"volatile_acidity";"citric_acid";"residual_sugar";"chlorides";"free_sulfur_dioxide";"total_sulfur_dioxide";"density";"ph";"sulphates";"alcohol";"quality"__957': '9.5;0.37;0.52;2;0.088;12;51;0.99613;3.29;0.58;11.1;6', 'fixed_acidity;"volatile_acidity";"citric_acid";"residual_sugar";"chlorides";"free_sulfur_dioxide";"total_sulfur_dioxide";"density";"ph";"sulphates";"alcohol";"quality"__958': '6.4;0.57;0.12;2.3;0.12;25;36;0.99519;3.47;0.71;11.3;7', 'fixed_acidity;"volatile_acidity";"citric_acid";"residual_sugar";"chlorides";"free_sulfur_dioxide";"total_sulfur_dioxide";"density";"ph";"sulphates";"alcohol";"quality"__959': '8;0.59;0.05;2;0.089;12;32;0.99735;3.36;0.61;10;5', 'fixed_acidity;"volatile_acidity";"citric_acid";"residual_sugar";"chlorides";"free_sulfur_dioxide";"total_sulfur_dioxide";"density";"ph";"sulphates";"alcohol";"quality"__960': '8.5;0.47;0.27;1.9;0.058;18;38;0.99518;3.16;0.85;11.1;6', 'fixed_acidity;"volatile_acidity";"citric_acid";"residual_sugar";"chlorides";"free_sulfur_dioxide";"total_sulfur_dioxide";"density";"ph";"sulphates";"alcohol";"quality"__961': '7.1;0.56;0.14;1.6;0.078;7;18;0.99592;3.27;0.62;9.3;5', 'fixed_acidity;"volatile_acidity";"citric_acid";"residual_sugar";"chlorides";"free_sulfur_dioxide";"total_sulfur_dioxide";"density";"ph";"sulphates";"alcohol";"quality"__962': '6.6;0.57;0.02;2.1;0.115;6;16;0.99654;3.38;0.69;9.5;5', 'fixed_acidity;"volatile_acidity";"citric_acid";"residual_sugar";"chlorides";"free_sulfur_dioxide";"total_sulfur_dioxide";"density";"ph";"sulphates";"alcohol";"quality"__963': '8.8;0.27;0.39;2;0.1;20;27;0.99546;3.15;0.69;11.2;6', 'fixed_acidity;"volatile_acidity";"citric_acid";"residual_sugar";"chlorides";"free_sulfur_dioxide";"total_sulfur_dioxide";"density";"ph";"sulphates";"alcohol";"quality"__964': '8.5;0.47;0.27;1.9;0.058;18;38;0.99518;3.16;0.85;11.1;6', 'fixed_acidity;"volatile_acidity";"citric_acid";"residual_sugar";"chlorides";"free_sulfur_dioxide";"total_sulfur_dioxide";"density";"ph";"sulphates";"alcohol";"quality"__965': '8.3;0.34;0.4;2.4;0.065;24;48;0.99554;3.34;0.86;11;6', 'fixed_acidity;"volatile_acidity";"citric_acid";"residual_sugar";"chlorides";"free_sulfur_dioxide";"total_sulfur_dioxide";"density";"ph";"sulphates";"alcohol";"quality"__966': '9;0.38;0.41;2.4;0.103;6;10;0.99604;3.13;0.58;11.9;7', 'fixed_acidity;"volatile_acidity";"citric_acid";"residual_sugar";"chlorides";"free_sulfur_dioxide";"total_sulfur_dioxide";"density";"ph";"sulphates";"alcohol";"quality"__967': '8.5;0.66;0.2;2.1;0.097;23;113;0.99733;3.13;0.48;9.2;5', 'fixed_acidity;"volatile_acidity";"citric_acid";"residual_sugar";"chlorides";"free_sulfur_dioxide";"total_sulfur_dioxide";"density";"ph";"sulphates";"alcohol";"quality"__968': '9;0.4;0.43;2.4;0.068;29;46;0.9943;3.2;0.6;12.2;6', 'fixed_acidity;"volatile_acidity";"citric_acid";"residual_sugar";"chlorides";"free_sulfur_dioxide";"total_sulfur_dioxide";"density";"ph";"sulphates";"alcohol";"quality"__969': '6.7;0.56;0.09;2.9;0.079;7;22;0.99669;3.46;0.61;10.2;5', 'fixed_acidity;"volatile_acidity";"citric_acid";"residual_sugar";"chlorides";"free_sulfur_dioxide";"total_sulfur_dioxide";"density";"ph";"sulphates";"alcohol";"quality"__970': '10.4;0.26;0.48;1.9;0.066;6;10;0.99724;3.33;0.87;10.9;6', 'fixed_acidity;"volatile_acidity";"citric_acid";"residual_sugar";"chlorides";"free_sulfur_dioxide";"total_sulfur_dioxide";"density";"ph";"sulphates";"alcohol";"quality"__971': '10.4;0.26;0.48;1.9;0.066;6;10;0.99724;3.33;0.87;10.9;6', 'fixed_acidity;"volatile_acidity";"citric_acid";"residual_sugar";"chlorides";"free_sulfur_dioxide";"total_sulfur_dioxide";"density";"ph";"sulphates";"alcohol";"quality"__972': '10.1;0.38;0.5;2.4;0.104;6;13;0.99643;3.22;0.65;11.6;7', 'fixed_acidity;"volatile_acidity";"citric_acid";"residual_sugar";"chlorides";"free_sulfur_dioxide";"total_sulfur_dioxide";"density";"ph";"sulphates";"alcohol";"quality"__973': '8.5;0.34;0.44;1.7;0.079;6;12;0.99605;3.52;0.63;10.7;5', 'fixed_acidity;"volatile_acidity";"citric_acid";"residual_sugar";"chlorides";"free_sulfur_dioxide";"total_sulfur_dioxide";"density";"ph";"sulphates";"alcohol";"quality"__974': '8.8;0.33;0.41;5.9;0.073;7;13;0.99658;3.3;0.62;12.1;7', 'fixed_acidity;"volatile_acidity";"citric_acid";"residual_sugar";"chlorides";"free_sulfur_dioxide";"total_sulfur_dioxide";"density";"ph";"sulphates";"alcohol";"quality"__975': '7.2;0.41;0.3;2.1;0.083;35;72;0.997;3.44;0.52;9.4;5', 'fixed_acidity;"volatile_acidity";"citric_acid";"residual_sugar";"chlorides";"free_sulfur_dioxide";"total_sulfur_dioxide";"density";"ph";"sulphates";"alcohol";"quality"__976': '7.2;0.41;0.3;2.1;0.083;35;72;0.997;3.44;0.52;9.4;5', 'fixed_acidity;"volatile_acidity";"citric_acid";"residual_sugar";"chlorides";"free_sulfur_dioxide";"total_sulfur_dioxide";"density";"ph";"sulphates";"alcohol";"quality"__977': '8.4;0.59;0.29;2.6;0.109;31;119;0.99801;3.15;0.5;9.1;5', 'fixed_acidity;"volatile_acidity";"citric_acid";"residual_sugar";"chlorides";"free_sulfur_dioxide";"total_sulfur_dioxide";"density";"ph";"sulphates";"alcohol";"quality"__978': '7;0.4;0.32;3.6;0.061;9;29;0.99416;3.28;0.49;11.3;7', 'fixed_acidity;"volatile_acidity";"citric_acid";"residual_sugar";"chlorides";"free_sulfur_dioxide";"total_sulfur_dioxide";"density";"ph";"sulphates";"alcohol";"quality"__979': '12.2;0.45;0.49;1.4;0.075;3;6;0.9969;3.13;0.63;10.4;5', 'fixed_acidity;"volatile_acidity";"citric_acid";"residual_sugar";"chlorides";"free_sulfur_dioxide";"total_sulfur_dioxide";"density";"ph";"sulphates";"alcohol";"quality"__980': '9.1;0.5;0.3;1.9;0.065;8;17;0.99774;3.32;0.71;10.5;6', 'fixed_acidity;"volatile_acidity";"citric_acid";"residual_sugar";"chlorides";"free_sulfur_dioxide";"total_sulfur_dioxide";"density";"ph";"sulphates";"alcohol";"quality"__981': '9.5;0.86;0.26;1.9;0.079;13;28;0.99712;3.25;0.62;10;5', 'fixed_acidity;"volatile_acidity";"citric_acid";"residual_sugar";"chlorides";"free_sulfur_dioxide";"total_sulfur_dioxide";"density";"ph";"sulphates";"alcohol";"quality"__982': '7.3;0.52;0.32;2.1;0.07;51;70;0.99418;3.34;0.82;12.9;6', 'fixed_acidity;"volatile_acidity";"citric_acid";"residual_sugar";"chlorides";"free_sulfur_dioxide";"total_sulfur_dioxide";"density";"ph";"sulphates";"alcohol";"quality"__983': '9.1;0.5;0.3;1.9;0.065;8;17;0.99774;3.32;0.71;10.5;6', 'fixed_acidity;"volatile_acidity";"citric_acid";"residual_sugar";"chlorides";"free_sulfur_dioxide";"total_sulfur_dioxide";"density";"ph";"sulphates";"alcohol";"quality"__984': '12.2;0.45;0.49;1.4;0.075;3;6;0.9969;3.13;0.63;10.4;5', 'fixed_acidity;"volatile_acidity";"citric_acid";"residual_sugar";"chlorides";"free_sulfur_dioxide";"total_sulfur_dioxide";"density";"ph";"sulphates";"alcohol";"quality"__985': '7.4;0.58;0;2;0.064;7;11;0.99562;3.45;0.58;11.3;6', 'fixed_acidity;"volatile_acidity";"citric_acid";"residual_sugar";"chlorides";"free_sulfur_dioxide";"total_sulfur_dioxide";"density";"ph";"sulphates";"alcohol";"quality"__986': '9.8;0.34;0.39;1.4;0.066;3;7;0.9947;3.19;0.55;11.4;7', 'fixed_acidity;"volatile_acidity";"citric_acid";"residual_sugar";"chlorides";"free_sulfur_dioxide";"total_sulfur_dioxide";"density";"ph";"sulphates";"alcohol";"quality"__987': '7.1;0.36;0.3;1.6;0.08;35;70;0.99693;3.44;0.5;9.4;5', 'fixed_acidity;"volatile_acidity";"citric_acid";"residual_sugar";"chlorides";"free_sulfur_dioxide";"total_sulfur_dioxide";"density";"ph";"sulphates";"alcohol";"quality"__988': '7.7;0.39;0.12;1.7;0.097;19;27;0.99596;3.16;0.49;9.4;5', 'fixed_acidity;"volatile_acidity";"citric_acid";"residual_sugar";"chlorides";"free_sulfur_dioxide";"total_sulfur_dioxide";"density";"ph";"sulphates";"alcohol";"quality"__989': '9.7;0.295;0.4;1.5;0.073;14;21;0.99556;3.14;0.51;10.9;6', 'fixed_acidity;"volatile_acidity";"citric_acid";"residual_sugar";"chlorides";"free_sulfur_dioxide";"total_sulfur_dioxide";"density";"ph";"sulphates";"alcohol";"quality"__990': '7.7;0.39;0.12;1.7;0.097;19;27;0.99596;3.16;0.49;9.4;5', 'fixed_acidity;"volatile_acidity";"citric_acid";"residual_sugar";"chlorides";"free_sulfur_dioxide";"total_sulfur_dioxide";"density";"ph";"sulphates";"alcohol";"quality"__991': '7.1;0.34;0.28;2;0.082;31;68;0.99694;3.45;0.48;9.4;5', 'fixed_acidity;"volatile_acidity";"citric_acid";"residual_sugar";"chlorides";"free_sulfur_dioxide";"total_sulfur_dioxide";"density";"ph";"sulphates";"alcohol";"quality"__992': '6.5;0.4;0.1;2;0.076;30;47;0.99554;3.36;0.48;9.4;6', 'fixed_acidity;"volatile_acidity";"citric_acid";"residual_sugar";"chlorides";"free_sulfur_dioxide";"total_sulfur_dioxide";"density";"ph";"sulphates";"alcohol";"quality"__993': '7.1;0.34;0.28;2;0.082;31;68;0.99694;3.45;0.48;9.4;5', 'fixed_acidity;"volatile_acidity";"citric_acid";"residual_sugar";"chlorides";"free_sulfur_dioxide";"total_sulfur_dioxide";"density";"ph";"sulphates";"alcohol";"quality"__994': '10;0.35;0.45;2.5;0.092;20;88;0.99918;3.15;0.43;9.4;5', 'fixed_acidity;"volatile_acidity";"citric_acid";"residual_sugar";"chlorides";"free_sulfur_dioxide";"total_sulfur_dioxide";"density";"ph";"sulphates";"alcohol";"quality"__995': '7.7;0.6;0.06;2;0.079;19;41;0.99697;3.39;0.62;10.1;6', 'fixed_acidity;"volatile_acidity";"citric_acid";"residual_sugar";"chlorides";"free_sulfur_dioxide";"total_sulfur_dioxide";"density";"ph";"sulphates";"alcohol";"quality"__996': '5.6;0.66;0;2.2;0.087;3;11;0.99378;3.71;0.63;12.8;7', 'fixed_acidity;"volatile_acidity";"citric_acid";"residual_sugar";"chlorides";"free_sulfur_dioxide";"total_sulfur_dioxide";"density";"ph";"sulphates";"alcohol";"quality"__997': '5.6;0.66;0;2.2;0.087;3;11;0.99378;3.71;0.63;12.8;7', 'fixed_acidity;"volatile_acidity";"citric_acid";"residual_sugar";"chlorides";"free_sulfur_dioxide";"total_sulfur_dioxide";"density";"ph";"sulphates";"alcohol";"quality"__998': '8.9;0.84;0.34;1.4;0.05;4;10;0.99554;3.12;0.48;9.1;6', 'fixed_acidity;"volatile_acidity";"citric_acid";"residual_sugar";"chlorides";"free_sulfur_dioxide";"total_sulfur_dioxide";"density";"ph";"sulphates";"alcohol";"quality"__999': '6.4;0.69;0;1.65;0.055;7;12;0.99162;3.47;0.53;12.9;6'}]
(Background on this error at: https://sqlalche.me/e/20/f405)
2025-10-17 16:26:34,025 - INFO - ETL started with source: https://archive.ics.uci.edu/ml/machine-learning-databases/wine-quality/winequality-red.csv | table: etl_winequality
2025-10-17 16:26:34,026 - INFO - Downloading data from https://archive.ics.uci.edu/ml/machine-learning-databases/wine-quality/winequality-red.csv
2025-10-17 16:26:36,065 - INFO - Downloaded 1599 rows, 1 columns
2025-10-17 16:26:36,067 - INFO - Cleaning data...
2025-10-17 16:26:36,071 - INFO - Cleaned data: 1599 rows, 1 columns
2025-10-17 16:26:36,071 - INFO - Loading data into table: etl_winequality
2025-10-17 16:26:36,359 - INFO - Data loaded successfully!
2025-10-17 16:26:36,359 - INFO - ETL job completed successfully!
2025-10-17 17:05:39,638 - INFO - ETL started with source: https://raw.githubusercontent.com/datasciencedojo/datasets/master/titanic.csv | table: etl_titanic
2025-10-17 17:05:39,639 - INFO - Downloading data from https://raw.githubusercontent.com/datasciencedojo/datasets/master/titanic.csv
2025-10-17 17:05:40,876 - INFO - Downloaded 891 rows, 12 columns
2025-10-17 17:05:40,878 - INFO - Cleaning data...
2025-10-17 17:05:40,886 - INFO - Cleaned data: 891 rows, 12 columns
2025-10-17 17:05:40,886 - INFO - Loading data into table: etl_titanic
2025-10-17 17:05:41,150 - INFO - Data loaded successfully!
2025-10-17 17:05:41,150 - INFO - ETL job completed successfully!
